Files already downloaded and verified
40000
Files already downloaded and verified
10000
Files already downloaded and verified
[1] train_acc: 42.553% -- valid_acc: 48.700% -- train_time: 32.587s -- valid_time: 5.608s -- train_loss: 523.134 -- valid_loss: 182.378
[2] train_acc: 55.438% -- valid_acc: 53.450% -- train_time: 30.806s -- valid_time: 5.668s -- train_loss: 389.886 -- valid_loss: 177.046
[3] train_acc: 61.792% -- valid_acc: 57.720% -- train_time: 30.765s -- valid_time: 5.665s -- train_loss: 338.824 -- valid_loss: 153.250
[4] train_acc: 65.528% -- valid_acc: 64.540% -- train_time: 30.878s -- valid_time: 5.640s -- train_loss: 306.309 -- valid_loss: 130.485
[5] train_acc: 68.375% -- valid_acc: 62.920% -- train_time: 30.789s -- valid_time: 5.705s -- train_loss: 280.233 -- valid_loss: 139.079
[6] train_acc: 71.043% -- valid_acc: 66.560% -- train_time: 30.662s -- valid_time: 5.650s -- train_loss: 257.459 -- valid_loss: 123.165
[7] train_acc: 72.733% -- valid_acc: 64.050% -- train_time: 30.935s -- valid_time: 5.638s -- train_loss: 242.404 -- valid_loss: 135.040
[8] train_acc: 74.058% -- valid_acc: 70.130% -- train_time: 30.641s -- valid_time: 5.644s -- train_loss: 228.855 -- valid_loss: 109.640
[9] train_acc: 75.585% -- valid_acc: 71.550% -- train_time: 30.638s -- valid_time: 5.686s -- train_loss: 215.290 -- valid_loss: 105.421
[10] train_acc: 76.868% -- valid_acc: 73.580% -- train_time: 30.811s -- valid_time: 5.675s -- train_loss: 204.930 -- valid_loss: 97.594
[11] train_acc: 78.070% -- valid_acc: 73.350% -- train_time: 30.841s -- valid_time: 5.673s -- train_loss: 194.394 -- valid_loss: 97.843
[12] train_acc: 78.903% -- valid_acc: 73.150% -- train_time: 30.878s -- valid_time: 5.650s -- train_loss: 186.386 -- valid_loss: 99.435
[13] train_acc: 79.828% -- valid_acc: 75.570% -- train_time: 30.822s -- valid_time: 5.693s -- train_loss: 178.604 -- valid_loss: 91.840
[14] train_acc: 80.590% -- valid_acc: 77.220% -- train_time: 30.797s -- valid_time: 5.655s -- train_loss: 171.449 -- valid_loss: 86.540
[15] train_acc: 81.603% -- valid_acc: 76.250% -- train_time: 30.898s -- valid_time: 5.660s -- train_loss: 163.315 -- valid_loss: 88.933
[16] train_acc: 82.195% -- valid_acc: 76.900% -- train_time: 30.803s -- valid_time: 5.658s -- train_loss: 156.643 -- valid_loss: 91.722
[17] train_acc: 82.627% -- valid_acc: 76.940% -- train_time: 30.942s -- valid_time: 5.755s -- train_loss: 153.434 -- valid_loss: 87.131
[18] train_acc: 83.103% -- valid_acc: 78.920% -- train_time: 30.868s -- valid_time: 5.677s -- train_loss: 147.735 -- valid_loss: 80.749
[19] train_acc: 83.890% -- valid_acc: 76.220% -- train_time: 30.800s -- valid_time: 5.674s -- train_loss: 142.391 -- valid_loss: 91.486
[20] train_acc: 84.380% -- valid_acc: 78.050% -- train_time: 30.926s -- valid_time: 5.664s -- train_loss: 136.971 -- valid_loss: 85.780
[21] train_acc: 84.823% -- valid_acc: 77.590% -- train_time: 30.725s -- valid_time: 5.689s -- train_loss: 133.963 -- valid_loss: 84.940
[22] train_acc: 85.415% -- valid_acc: 79.330% -- train_time: 30.764s -- valid_time: 5.682s -- train_loss: 129.039 -- valid_loss: 81.414
[23] train_acc: 85.802% -- valid_acc: 79.280% -- train_time: 30.876s -- valid_time: 5.682s -- train_loss: 123.983 -- valid_loss: 82.439
[24] train_acc: 85.955% -- valid_acc: 76.640% -- train_time: 30.718s -- valid_time: 5.713s -- train_loss: 124.212 -- valid_loss: 96.883
[25] train_acc: 86.455% -- valid_acc: 79.460% -- train_time: 30.715s -- valid_time: 5.661s -- train_loss: 118.508 -- valid_loss: 80.613
[26] train_acc: 86.703% -- valid_acc: 79.470% -- train_time: 30.813s -- valid_time: 5.682s -- train_loss: 116.781 -- valid_loss: 80.873
[27] train_acc: 87.090% -- valid_acc: 78.360% -- train_time: 30.923s -- valid_time: 5.648s -- train_loss: 112.852 -- valid_loss: 86.580
[28] train_acc: 87.228% -- valid_acc: 76.990% -- train_time: 30.745s -- valid_time: 5.663s -- train_loss: 111.629 -- valid_loss: 93.611
[29] train_acc: 87.820% -- valid_acc: 79.600% -- train_time: 30.684s -- valid_time: 5.654s -- train_loss: 107.601 -- valid_loss: 81.812
[30] train_acc: 88.002% -- valid_acc: 79.960% -- train_time: 30.699s -- valid_time: 5.659s -- train_loss: 105.612 -- valid_loss: 79.538
[31] train_acc: 87.795% -- valid_acc: 78.800% -- train_time: 30.873s -- valid_time: 5.671s -- train_loss: 107.267 -- valid_loss: 84.358
[32] train_acc: 88.280% -- valid_acc: 79.800% -- train_time: 31.015s -- valid_time: 5.678s -- train_loss: 102.971 -- valid_loss: 81.139
[33] train_acc: 88.590% -- valid_acc: 79.690% -- train_time: 30.907s -- valid_time: 5.786s -- train_loss: 99.550 -- valid_loss: 82.585
[34] train_acc: 88.460% -- valid_acc: 78.250% -- train_time: 30.864s -- valid_time: 5.651s -- train_loss: 100.832 -- valid_loss: 89.344
[35] train_acc: 88.922% -- valid_acc: 81.350% -- train_time: 30.766s -- valid_time: 5.681s -- train_loss: 97.577 -- valid_loss: 76.631
[36] train_acc: 89.192% -- valid_acc: 79.840% -- train_time: 30.837s -- valid_time: 5.696s -- train_loss: 96.244 -- valid_loss: 82.391
[37] train_acc: 89.345% -- valid_acc: 78.220% -- train_time: 30.803s -- valid_time: 5.683s -- train_loss: 95.720 -- valid_loss: 91.664
[38] train_acc: 89.245% -- valid_acc: 80.690% -- train_time: 30.809s -- valid_time: 5.637s -- train_loss: 94.096 -- valid_loss: 80.624
[39] train_acc: 89.540% -- valid_acc: 80.520% -- train_time: 30.642s -- valid_time: 5.662s -- train_loss: 91.902 -- valid_loss: 81.441
[40] train_acc: 89.312% -- valid_acc: 80.560% -- train_time: 30.608s -- valid_time: 5.652s -- train_loss: 92.359 -- valid_loss: 80.961
[41] train_acc: 90.035% -- valid_acc: 80.540% -- train_time: 30.929s -- valid_time: 5.661s -- train_loss: 87.872 -- valid_loss: 80.806
[42] train_acc: 89.670% -- valid_acc: 81.240% -- train_time: 30.764s -- valid_time: 5.722s -- train_loss: 88.812 -- valid_loss: 76.871
[43] train_acc: 90.090% -- valid_acc: 80.640% -- train_time: 30.742s -- valid_time: 5.643s -- train_loss: 88.349 -- valid_loss: 80.940
[44] train_acc: 90.045% -- valid_acc: 81.090% -- train_time: 30.777s -- valid_time: 5.658s -- train_loss: 86.836 -- valid_loss: 79.143
[45] train_acc: 90.162% -- valid_acc: 81.760% -- train_time: 30.821s -- valid_time: 5.644s -- train_loss: 86.738 -- valid_loss: 73.629
[46] train_acc: 90.237% -- valid_acc: 81.960% -- train_time: 30.696s -- valid_time: 5.676s -- train_loss: 86.838 -- valid_loss: 73.238
[47] train_acc: 90.435% -- valid_acc: 79.460% -- train_time: 30.789s -- valid_time: 5.652s -- train_loss: 82.660 -- valid_loss: 90.017
[48] train_acc: 90.392% -- valid_acc: 78.710% -- train_time: 30.722s -- valid_time: 5.683s -- train_loss: 85.245 -- valid_loss: 92.331
[49] train_acc: 90.522% -- valid_acc: 80.100% -- train_time: 30.831s -- valid_time: 5.658s -- train_loss: 84.349 -- valid_loss: 84.110
[50] train_acc: 90.310% -- valid_acc: 81.600% -- train_time: 30.767s -- valid_time: 5.650s -- train_loss: 84.806 -- valid_loss: 74.798
[51] train_acc: 90.300% -- valid_acc: 79.200% -- train_time: 30.723s -- valid_time: 5.649s -- train_loss: 84.539 -- valid_loss: 89.202
[52] train_acc: 90.558% -- valid_acc: 80.770% -- train_time: 30.793s -- valid_time: 5.670s -- train_loss: 83.150 -- valid_loss: 81.513
[53] train_acc: 90.455% -- valid_acc: 79.140% -- train_time: 30.855s -- valid_time: 5.668s -- train_loss: 84.064 -- valid_loss: 88.246
[54] train_acc: 90.468% -- valid_acc: 80.630% -- train_time: 30.873s -- valid_time: 5.748s -- train_loss: 83.402 -- valid_loss: 83.920
[55] train_acc: 90.615% -- valid_acc: 79.210% -- train_time: 30.607s -- valid_time: 5.649s -- train_loss: 83.474 -- valid_loss: 92.458
[56] train_acc: 90.713% -- valid_acc: 74.890% -- train_time: 30.789s -- valid_time: 5.643s -- train_loss: 82.841 -- valid_loss: 113.393
[57] train_acc: 90.645% -- valid_acc: 80.070% -- train_time: 30.708s -- valid_time: 5.670s -- train_loss: 81.474 -- valid_loss: 85.351
[58] train_acc: 90.703% -- valid_acc: 81.420% -- train_time: 30.795s -- valid_time: 5.650s -- train_loss: 82.257 -- valid_loss: 76.431
[59] train_acc: 90.698% -- valid_acc: 79.390% -- train_time: 30.816s -- valid_time: 5.644s -- train_loss: 81.816 -- valid_loss: 89.369
[60] train_acc: 90.485% -- valid_acc: 79.200% -- train_time: 30.738s -- valid_time: 5.664s -- train_loss: 83.484 -- valid_loss: 88.910
[61] train_acc: 95.722% -- valid_acc: 86.730% -- train_time: 30.785s -- valid_time: 5.633s -- train_loss: 40.687 -- valid_loss: 53.041
[62] train_acc: 97.257% -- valid_acc: 86.850% -- train_time: 30.763s -- valid_time: 5.647s -- train_loss: 29.068 -- valid_loss: 56.112
[63] train_acc: 97.558% -- valid_acc: 87.040% -- train_time: 31.009s -- valid_time: 5.747s -- train_loss: 25.148 -- valid_loss: 54.088
[64] train_acc: 97.843% -- valid_acc: 87.240% -- train_time: 30.911s -- valid_time: 5.684s -- train_loss: 23.292 -- valid_loss: 56.411
[65] train_acc: 98.035% -- valid_acc: 87.050% -- train_time: 30.777s -- valid_time: 5.669s -- train_loss: 20.884 -- valid_loss: 57.046
[66] train_acc: 98.095% -- valid_acc: 86.890% -- train_time: 30.663s -- valid_time: 5.684s -- train_loss: 19.500 -- valid_loss: 58.466
[67] train_acc: 98.463% -- valid_acc: 86.960% -- train_time: 30.921s -- valid_time: 5.653s -- train_loss: 16.996 -- valid_loss: 58.976
[68] train_acc: 98.343% -- valid_acc: 86.850% -- train_time: 30.796s -- valid_time: 5.717s -- train_loss: 17.075 -- valid_loss: 60.156
[69] train_acc: 98.513% -- valid_acc: 86.800% -- train_time: 30.770s -- valid_time: 5.700s -- train_loss: 16.092 -- valid_loss: 61.061
[70] train_acc: 98.590% -- valid_acc: 86.880% -- train_time: 30.684s -- valid_time: 5.669s -- train_loss: 15.089 -- valid_loss: 62.539
[71] train_acc: 98.547% -- valid_acc: 86.780% -- train_time: 30.713s -- valid_time: 5.681s -- train_loss: 15.818 -- valid_loss: 61.607
[72] train_acc: 98.670% -- valid_acc: 86.920% -- train_time: 30.853s -- valid_time: 5.679s -- train_loss: 14.386 -- valid_loss: 63.132
[73] train_acc: 98.790% -- valid_acc: 86.190% -- train_time: 30.680s -- valid_time: 5.681s -- train_loss: 13.605 -- valid_loss: 68.559
[74] train_acc: 98.802% -- valid_acc: 86.630% -- train_time: 30.838s -- valid_time: 5.637s -- train_loss: 12.863 -- valid_loss: 64.629
[75] train_acc: 98.695% -- valid_acc: 86.810% -- train_time: 30.560s -- valid_time: 5.739s -- train_loss: 13.976 -- valid_loss: 64.784
[76] train_acc: 98.735% -- valid_acc: 86.490% -- train_time: 30.825s -- valid_time: 5.660s -- train_loss: 13.047 -- valid_loss: 64.933
[77] train_acc: 98.755% -- valid_acc: 86.610% -- train_time: 30.849s -- valid_time: 5.675s -- train_loss: 12.550 -- valid_loss: 67.383
[78] train_acc: 98.877% -- valid_acc: 86.590% -- train_time: 30.627s -- valid_time: 5.658s -- train_loss: 12.427 -- valid_loss: 65.375
[79] train_acc: 98.775% -- valid_acc: 86.570% -- train_time: 30.924s -- valid_time: 5.669s -- train_loss: 12.693 -- valid_loss: 66.489
[80] train_acc: 98.873% -- valid_acc: 86.620% -- train_time: 30.688s -- valid_time: 5.669s -- train_loss: 11.728 -- valid_loss: 66.008
[81] train_acc: 98.950% -- valid_acc: 86.670% -- train_time: 30.842s -- valid_time: 5.667s -- train_loss: 11.427 -- valid_loss: 66.559
[82] train_acc: 98.823% -- valid_acc: 86.290% -- train_time: 30.660s -- valid_time: 5.695s -- train_loss: 12.512 -- valid_loss: 68.698
[83] train_acc: 98.880% -- valid_acc: 86.730% -- train_time: 30.842s -- valid_time: 5.708s -- train_loss: 11.933 -- valid_loss: 67.478
[84] train_acc: 98.953% -- valid_acc: 86.700% -- train_time: 30.787s -- valid_time: 5.679s -- train_loss: 10.905 -- valid_loss: 67.967
[85] train_acc: 98.993% -- valid_acc: 86.320% -- train_time: 30.863s -- valid_time: 5.655s -- train_loss: 10.934 -- valid_loss: 69.374
[86] train_acc: 98.882% -- valid_acc: 86.330% -- train_time: 30.805s -- valid_time: 5.698s -- train_loss: 11.671 -- valid_loss: 68.501
[87] train_acc: 98.873% -- valid_acc: 86.550% -- train_time: 30.640s -- valid_time: 5.671s -- train_loss: 11.223 -- valid_loss: 69.374
[88] train_acc: 99.005% -- valid_acc: 86.540% -- train_time: 30.765s -- valid_time: 5.681s -- train_loss: 10.669 -- valid_loss: 68.339
[89] train_acc: 99.050% -- valid_acc: 86.750% -- train_time: 30.768s -- valid_time: 5.679s -- train_loss: 10.351 -- valid_loss: 69.511
[90] train_acc: 99.037% -- valid_acc: 86.170% -- train_time: 30.669s -- valid_time: 5.676s -- train_loss: 9.976 -- valid_loss: 72.038
[91] train_acc: 98.927% -- valid_acc: 86.280% -- train_time: 30.777s -- valid_time: 5.647s -- train_loss: 11.195 -- valid_loss: 72.133
[92] train_acc: 99.070% -- valid_acc: 86.840% -- train_time: 30.694s -- valid_time: 5.650s -- train_loss: 10.084 -- valid_loss: 70.847
[93] train_acc: 98.998% -- valid_acc: 86.450% -- train_time: 30.872s -- valid_time: 5.662s -- train_loss: 10.577 -- valid_loss: 71.276
[94] train_acc: 99.075% -- valid_acc: 86.510% -- train_time: 30.871s -- valid_time: 5.669s -- train_loss: 10.255 -- valid_loss: 70.817
[95] train_acc: 98.995% -- valid_acc: 86.910% -- train_time: 30.782s -- valid_time: 5.656s -- train_loss: 10.202 -- valid_loss: 69.042
[96] train_acc: 98.910% -- valid_acc: 86.530% -- train_time: 30.745s -- valid_time: 5.679s -- train_loss: 11.003 -- valid_loss: 70.520
[97] train_acc: 99.007% -- valid_acc: 86.250% -- train_time: 30.746s -- valid_time: 5.674s -- train_loss: 10.589 -- valid_loss: 72.797
[98] train_acc: 98.985% -- valid_acc: 86.130% -- train_time: 30.676s -- valid_time: 5.648s -- train_loss: 11.021 -- valid_loss: 71.351
[99] train_acc: 98.858% -- valid_acc: 86.330% -- train_time: 30.748s -- valid_time: 5.647s -- train_loss: 11.247 -- valid_loss: 71.889
[100] train_acc: 98.853% -- valid_acc: 86.570% -- train_time: 30.754s -- valid_time: 5.670s -- train_loss: 11.494 -- valid_loss: 71.424
[101] train_acc: 98.953% -- valid_acc: 86.430% -- train_time: 30.824s -- valid_time: 5.698s -- train_loss: 11.127 -- valid_loss: 70.362
[102] train_acc: 98.957% -- valid_acc: 86.530% -- train_time: 30.580s -- valid_time: 5.988s -- train_loss: 10.654 -- valid_loss: 70.606
[103] train_acc: 98.858% -- valid_acc: 86.510% -- train_time: 30.711s -- valid_time: 5.650s -- train_loss: 11.368 -- valid_loss: 70.367
[104] train_acc: 99.062% -- valid_acc: 85.850% -- train_time: 30.887s -- valid_time: 5.642s -- train_loss: 9.909 -- valid_loss: 72.836
[105] train_acc: 99.170% -- valid_acc: 86.440% -- train_time: 30.804s -- valid_time: 5.648s -- train_loss: 9.246 -- valid_loss: 70.220
[106] train_acc: 99.020% -- valid_acc: 85.560% -- train_time: 30.825s -- valid_time: 5.678s -- train_loss: 10.428 -- valid_loss: 75.622
[107] train_acc: 98.942% -- valid_acc: 86.360% -- train_time: 30.870s -- valid_time: 5.638s -- train_loss: 10.723 -- valid_loss: 72.962
[108] train_acc: 98.847% -- valid_acc: 86.520% -- train_time: 30.789s -- valid_time: 5.651s -- train_loss: 11.551 -- valid_loss: 71.988
[109] train_acc: 98.925% -- valid_acc: 84.820% -- train_time: 30.684s -- valid_time: 5.672s -- train_loss: 10.634 -- valid_loss: 82.667
[110] train_acc: 98.875% -- valid_acc: 85.770% -- train_time: 30.845s -- valid_time: 5.680s -- train_loss: 11.962 -- valid_loss: 76.427
[111] train_acc: 98.873% -- valid_acc: 85.940% -- train_time: 30.728s -- valid_time: 5.674s -- train_loss: 11.371 -- valid_loss: 74.736
[112] train_acc: 98.985% -- valid_acc: 86.080% -- train_time: 30.611s -- valid_time: 5.654s -- train_loss: 10.520 -- valid_loss: 73.749
[113] train_acc: 98.817% -- valid_acc: 86.550% -- train_time: 30.723s -- valid_time: 5.649s -- train_loss: 11.575 -- valid_loss: 71.577
[114] train_acc: 98.840% -- valid_acc: 86.090% -- train_time: 30.857s -- valid_time: 5.640s -- train_loss: 11.707 -- valid_loss: 74.302
[115] train_acc: 98.907% -- valid_acc: 86.380% -- train_time: 30.849s -- valid_time: 5.643s -- train_loss: 11.276 -- valid_loss: 75.230
[116] train_acc: 98.845% -- valid_acc: 86.070% -- train_time: 30.785s -- valid_time: 5.672s -- train_loss: 11.583 -- valid_loss: 74.924
[117] train_acc: 98.778% -- valid_acc: 86.710% -- train_time: 30.925s -- valid_time: 5.657s -- train_loss: 12.005 -- valid_loss: 70.366
[118] train_acc: 98.918% -- valid_acc: 86.780% -- train_time: 30.931s -- valid_time: 5.713s -- train_loss: 11.569 -- valid_loss: 70.820
[119] train_acc: 98.985% -- valid_acc: 86.190% -- train_time: 30.894s -- valid_time: 5.729s -- train_loss: 10.493 -- valid_loss: 73.611
[120] train_acc: 98.627% -- valid_acc: 85.890% -- train_time: 30.881s -- valid_time: 6.020s -- train_loss: 13.433 -- valid_loss: 75.050
[121] train_acc: 99.368% -- valid_acc: 87.390% -- train_time: 31.544s -- valid_time: 5.669s -- train_loss: 7.085 -- valid_loss: 67.818
[122] train_acc: 99.657% -- valid_acc: 87.300% -- train_time: 30.870s -- valid_time: 5.634s -- train_loss: 4.950 -- valid_loss: 67.614
[123] train_acc: 99.690% -- valid_acc: 87.290% -- train_time: 30.725s -- valid_time: 5.660s -- train_loss: 4.636 -- valid_loss: 67.627
[124] train_acc: 99.755% -- valid_acc: 87.440% -- train_time: 30.818s -- valid_time: 5.646s -- train_loss: 3.979 -- valid_loss: 66.848
[125] train_acc: 99.755% -- valid_acc: 87.580% -- train_time: 30.723s -- valid_time: 5.675s -- train_loss: 3.815 -- valid_loss: 67.494
[126] train_acc: 99.775% -- valid_acc: 87.440% -- train_time: 30.749s -- valid_time: 5.638s -- train_loss: 3.552 -- valid_loss: 67.365
[127] train_acc: 99.787% -- valid_acc: 87.540% -- train_time: 30.858s -- valid_time: 5.682s -- train_loss: 3.441 -- valid_loss: 66.981
[128] train_acc: 99.808% -- valid_acc: 87.620% -- train_time: 30.875s -- valid_time: 5.681s -- train_loss: 3.439 -- valid_loss: 67.498
[129] train_acc: 99.820% -- valid_acc: 87.670% -- train_time: 30.751s -- valid_time: 5.685s -- train_loss: 3.360 -- valid_loss: 67.151
[130] train_acc: 99.860% -- valid_acc: 87.530% -- train_time: 30.832s -- valid_time: 5.657s -- train_loss: 3.057 -- valid_loss: 67.200
[131] train_acc: 99.835% -- valid_acc: 87.570% -- train_time: 30.829s -- valid_time: 5.650s -- train_loss: 3.070 -- valid_loss: 67.518
[132] train_acc: 99.855% -- valid_acc: 87.560% -- train_time: 30.828s -- valid_time: 5.665s -- train_loss: 2.928 -- valid_loss: 67.681
[133] train_acc: 99.858% -- valid_acc: 87.400% -- train_time: 30.699s -- valid_time: 5.651s -- train_loss: 2.868 -- valid_loss: 68.118
[134] train_acc: 99.835% -- valid_acc: 87.430% -- train_time: 30.887s -- valid_time: 5.657s -- train_loss: 2.863 -- valid_loss: 67.985
[135] train_acc: 99.873% -- valid_acc: 87.640% -- train_time: 30.988s -- valid_time: 6.045s -- train_loss: 2.630 -- valid_loss: 67.745
[136] train_acc: 99.875% -- valid_acc: 87.410% -- train_time: 30.715s -- valid_time: 5.695s -- train_loss: 2.577 -- valid_loss: 68.230
[137] train_acc: 99.890% -- valid_acc: 87.430% -- train_time: 30.843s -- valid_time: 5.651s -- train_loss: 2.700 -- valid_loss: 67.549
[138] train_acc: 99.873% -- valid_acc: 87.360% -- train_time: 30.708s -- valid_time: 5.670s -- train_loss: 2.587 -- valid_loss: 67.527
[139] train_acc: 99.880% -- valid_acc: 87.600% -- train_time: 30.777s -- valid_time: 5.660s -- train_loss: 2.416 -- valid_loss: 67.845
[140] train_acc: 99.892% -- valid_acc: 87.450% -- train_time: 31.012s -- valid_time: 5.677s -- train_loss: 2.445 -- valid_loss: 67.994
[141] train_acc: 99.873% -- valid_acc: 87.390% -- train_time: 30.869s -- valid_time: 5.686s -- train_loss: 2.604 -- valid_loss: 68.400
[142] train_acc: 99.845% -- valid_acc: 87.480% -- train_time: 30.774s -- valid_time: 5.784s -- train_loss: 2.594 -- valid_loss: 68.468
[143] train_acc: 99.885% -- valid_acc: 87.440% -- train_time: 30.913s -- valid_time: 5.668s -- train_loss: 2.469 -- valid_loss: 68.019
[144] train_acc: 99.897% -- valid_acc: 87.450% -- train_time: 30.817s -- valid_time: 5.670s -- train_loss: 2.453 -- valid_loss: 67.996
[145] train_acc: 99.880% -- valid_acc: 87.580% -- train_time: 30.920s -- valid_time: 5.676s -- train_loss: 2.444 -- valid_loss: 68.370
[146] train_acc: 99.890% -- valid_acc: 87.710% -- train_time: 30.704s -- valid_time: 5.686s -- train_loss: 2.338 -- valid_loss: 68.159
[147] train_acc: 99.925% -- valid_acc: 87.500% -- train_time: 30.819s -- valid_time: 5.646s -- train_loss: 2.211 -- valid_loss: 68.545
[148] train_acc: 99.912% -- valid_acc: 87.500% -- train_time: 30.767s -- valid_time: 5.635s -- train_loss: 2.192 -- valid_loss: 68.773
[149] train_acc: 99.885% -- valid_acc: 87.520% -- train_time: 30.852s -- valid_time: 5.646s -- train_loss: 2.351 -- valid_loss: 68.262
[150] train_acc: 99.890% -- valid_acc: 87.500% -- train_time: 30.715s -- valid_time: 5.660s -- train_loss: 2.285 -- valid_loss: 69.000
[151] train_acc: 99.895% -- valid_acc: 87.560% -- train_time: 30.761s -- valid_time: 5.659s -- train_loss: 2.231 -- valid_loss: 69.152
[152] train_acc: 99.870% -- valid_acc: 87.300% -- train_time: 30.677s -- valid_time: 6.003s -- train_loss: 2.376 -- valid_loss: 69.185
[153] train_acc: 99.882% -- valid_acc: 87.690% -- train_time: 30.802s -- valid_time: 5.675s -- train_loss: 2.321 -- valid_loss: 69.162
[154] train_acc: 99.900% -- valid_acc: 87.600% -- train_time: 30.778s -- valid_time: 5.675s -- train_loss: 2.142 -- valid_loss: 68.551
[155] train_acc: 99.907% -- valid_acc: 87.560% -- train_time: 30.702s -- valid_time: 5.643s -- train_loss: 2.113 -- valid_loss: 69.028
[156] train_acc: 99.895% -- valid_acc: 87.610% -- train_time: 30.763s -- valid_time: 5.661s -- train_loss: 2.246 -- valid_loss: 68.727
[157] train_acc: 99.915% -- valid_acc: 87.340% -- train_time: 30.779s -- valid_time: 5.642s -- train_loss: 2.068 -- valid_loss: 68.567
[158] train_acc: 99.890% -- valid_acc: 87.660% -- train_time: 30.889s -- valid_time: 5.684s -- train_loss: 2.259 -- valid_loss: 68.281
[159] train_acc: 99.903% -- valid_acc: 87.750% -- train_time: 30.952s -- valid_time: 5.662s -- train_loss: 2.087 -- valid_loss: 68.460
[160] train_acc: 99.935% -- valid_acc: 87.530% -- train_time: 30.719s -- valid_time: 5.671s -- train_loss: 2.024 -- valid_loss: 68.690
[161] train_acc: 99.903% -- valid_acc: 87.570% -- train_time: 30.908s -- valid_time: 5.678s -- train_loss: 2.049 -- valid_loss: 68.226
[162] train_acc: 99.922% -- valid_acc: 87.520% -- train_time: 30.704s -- valid_time: 5.689s -- train_loss: 1.945 -- valid_loss: 68.357
[163] train_acc: 99.918% -- valid_acc: 87.590% -- train_time: 30.753s -- valid_time: 5.677s -- train_loss: 1.969 -- valid_loss: 68.311
[164] train_acc: 99.938% -- valid_acc: 87.480% -- train_time: 31.071s -- valid_time: 5.660s -- train_loss: 1.903 -- valid_loss: 68.388
[165] train_acc: 99.918% -- valid_acc: 87.640% -- train_time: 30.906s -- valid_time: 5.666s -- train_loss: 1.913 -- valid_loss: 68.430
[166] train_acc: 99.922% -- valid_acc: 87.580% -- train_time: 30.858s -- valid_time: 5.674s -- train_loss: 1.998 -- valid_loss: 68.304
[167] train_acc: 99.935% -- valid_acc: 87.560% -- train_time: 30.743s -- valid_time: 5.677s -- train_loss: 1.898 -- valid_loss: 68.278
[168] train_acc: 99.903% -- valid_acc: 87.570% -- train_time: 30.842s -- valid_time: 5.697s -- train_loss: 2.069 -- valid_loss: 68.599
[169] train_acc: 99.948% -- valid_acc: 87.720% -- train_time: 30.870s -- valid_time: 5.658s -- train_loss: 1.835 -- valid_loss: 68.431
[170] train_acc: 99.915% -- valid_acc: 87.610% -- train_time: 30.850s -- valid_time: 5.695s -- train_loss: 1.892 -- valid_loss: 68.263
[171] train_acc: 99.922% -- valid_acc: 87.520% -- train_time: 30.943s -- valid_time: 5.673s -- train_loss: 1.892 -- valid_loss: 68.355
[172] train_acc: 99.940% -- valid_acc: 87.740% -- train_time: 30.711s -- valid_time: 5.669s -- train_loss: 1.769 -- valid_loss: 68.300
[173] train_acc: 99.920% -- valid_acc: 87.640% -- train_time: 30.917s -- valid_time: 5.677s -- train_loss: 1.730 -- valid_loss: 68.295
[174] train_acc: 99.942% -- valid_acc: 87.670% -- train_time: 30.684s -- valid_time: 5.695s -- train_loss: 1.753 -- valid_loss: 68.556
[175] train_acc: 99.918% -- valid_acc: 87.500% -- train_time: 30.675s -- valid_time: 5.693s -- train_loss: 1.960 -- valid_loss: 68.088
[176] train_acc: 99.925% -- valid_acc: 87.600% -- train_time: 30.763s -- valid_time: 5.686s -- train_loss: 1.753 -- valid_loss: 68.247
[177] train_acc: 99.930% -- valid_acc: 87.530% -- train_time: 30.830s -- valid_time: 5.707s -- train_loss: 1.823 -- valid_loss: 68.406
[178] train_acc: 99.927% -- valid_acc: 87.660% -- train_time: 30.777s -- valid_time: 5.689s -- train_loss: 1.741 -- valid_loss: 68.477
[179] train_acc: 99.933% -- valid_acc: 87.490% -- train_time: 30.678s -- valid_time: 5.647s -- train_loss: 1.890 -- valid_loss: 68.172
[180] train_acc: 99.945% -- valid_acc: 87.520% -- train_time: 30.997s -- valid_time: 5.707s -- train_loss: 1.785 -- valid_loss: 68.154
[181] train_acc: 99.940% -- valid_acc: 87.640% -- train_time: 30.949s -- valid_time: 5.675s -- train_loss: 1.766 -- valid_loss: 68.543
[182] train_acc: 99.940% -- valid_acc: 87.550% -- train_time: 30.966s -- valid_time: 5.696s -- train_loss: 1.754 -- valid_loss: 68.355
[183] train_acc: 99.945% -- valid_acc: 87.740% -- train_time: 30.998s -- valid_time: 5.689s -- train_loss: 1.599 -- valid_loss: 68.417
[184] train_acc: 99.935% -- valid_acc: 87.580% -- train_time: 30.861s -- valid_time: 5.666s -- train_loss: 1.766 -- valid_loss: 68.171
[185] train_acc: 99.933% -- valid_acc: 87.490% -- train_time: 30.888s -- valid_time: 5.659s -- train_loss: 1.769 -- valid_loss: 68.807
[186] train_acc: 99.940% -- valid_acc: 87.520% -- train_time: 30.981s -- valid_time: 5.676s -- train_loss: 1.754 -- valid_loss: 68.748
[187] train_acc: 99.957% -- valid_acc: 87.600% -- train_time: 30.759s -- valid_time: 5.692s -- train_loss: 1.697 -- valid_loss: 68.273
[188] train_acc: 99.957% -- valid_acc: 87.490% -- train_time: 30.699s -- valid_time: 5.688s -- train_loss: 1.692 -- valid_loss: 68.589
[189] train_acc: 99.930% -- valid_acc: 87.510% -- train_time: 30.803s -- valid_time: 5.666s -- train_loss: 1.745 -- valid_loss: 68.851
[190] train_acc: 99.942% -- valid_acc: 87.630% -- train_time: 30.818s -- valid_time: 5.659s -- train_loss: 1.766 -- valid_loss: 68.564
[191] train_acc: 99.948% -- valid_acc: 87.510% -- train_time: 30.925s -- valid_time: 5.675s -- train_loss: 1.747 -- valid_loss: 68.644
[192] train_acc: 99.927% -- valid_acc: 87.570% -- train_time: 30.888s -- valid_time: 5.705s -- train_loss: 1.716 -- valid_loss: 67.977
[193] train_acc: 99.940% -- valid_acc: 87.570% -- train_time: 30.663s -- valid_time: 5.659s -- train_loss: 1.726 -- valid_loss: 68.160
[194] train_acc: 99.940% -- valid_acc: 87.730% -- train_time: 30.983s -- valid_time: 5.663s -- train_loss: 1.732 -- valid_loss: 67.913
[195] train_acc: 99.933% -- valid_acc: 87.500% -- train_time: 30.916s -- valid_time: 5.680s -- train_loss: 1.690 -- valid_loss: 68.475
[196] train_acc: 99.915% -- valid_acc: 87.650% -- train_time: 30.902s -- valid_time: 5.705s -- train_loss: 1.862 -- valid_loss: 68.248
[197] train_acc: 99.922% -- valid_acc: 87.550% -- train_time: 30.815s -- valid_time: 5.677s -- train_loss: 1.736 -- valid_loss: 67.817
[198] train_acc: 99.955% -- valid_acc: 87.570% -- train_time: 30.763s -- valid_time: 5.681s -- train_loss: 1.651 -- valid_loss: 68.202
[199] train_acc: 99.938% -- valid_acc: 87.710% -- train_time: 30.648s -- valid_time: 5.676s -- train_loss: 1.691 -- valid_loss: 68.319
[200] train_acc: 99.927% -- valid_acc: 87.440% -- train_time: 30.835s -- valid_time: 5.643s -- train_loss: 1.756 -- valid_loss: 68.114
test_acc: [86.51]
Finished TeLU
[1] train_acc: 38.820% -- valid_acc: 42.290% -- train_time: 28.783s -- valid_time: 5.300s -- train_loss: 546.014 -- valid_loss: 200.907
[2] train_acc: 50.888% -- valid_acc: 52.810% -- train_time: 28.678s -- valid_time: 5.336s -- train_loss: 423.865 -- valid_loss: 170.057
[3] train_acc: 57.690% -- valid_acc: 56.060% -- train_time: 28.925s -- valid_time: 5.310s -- train_loss: 370.613 -- valid_loss: 157.862
[4] train_acc: 62.233% -- valid_acc: 61.310% -- train_time: 28.784s -- valid_time: 5.296s -- train_loss: 332.478 -- valid_loss: 138.153
[5] train_acc: 65.240% -- valid_acc: 61.270% -- train_time: 28.871s -- valid_time: 5.330s -- train_loss: 304.705 -- valid_loss: 139.648
[6] train_acc: 68.180% -- valid_acc: 66.280% -- train_time: 28.892s -- valid_time: 5.301s -- train_loss: 280.480 -- valid_loss: 121.364
[7] train_acc: 70.255% -- valid_acc: 68.180% -- train_time: 28.739s -- valid_time: 5.293s -- train_loss: 260.427 -- valid_loss: 115.313
[8] train_acc: 72.510% -- valid_acc: 69.340% -- train_time: 28.759s -- valid_time: 5.343s -- train_loss: 244.372 -- valid_loss: 111.921
[9] train_acc: 73.850% -- valid_acc: 71.060% -- train_time: 28.726s -- valid_time: 5.322s -- train_loss: 228.623 -- valid_loss: 106.487
[10] train_acc: 75.532% -- valid_acc: 70.920% -- train_time: 28.928s -- valid_time: 5.336s -- train_loss: 215.819 -- valid_loss: 106.818
[11] train_acc: 76.817% -- valid_acc: 70.760% -- train_time: 28.607s -- valid_time: 5.313s -- train_loss: 204.485 -- valid_loss: 108.842
[12] train_acc: 78.125% -- valid_acc: 68.000% -- train_time: 28.829s -- valid_time: 5.312s -- train_loss: 193.504 -- valid_loss: 122.075
[13] train_acc: 79.115% -- valid_acc: 72.880% -- train_time: 28.954s -- valid_time: 5.356s -- train_loss: 184.166 -- valid_loss: 100.926
[14] train_acc: 80.108% -- valid_acc: 74.470% -- train_time: 28.877s -- valid_time: 5.328s -- train_loss: 175.670 -- valid_loss: 95.386
[15] train_acc: 81.043% -- valid_acc: 75.550% -- train_time: 28.908s -- valid_time: 5.306s -- train_loss: 168.625 -- valid_loss: 89.055
[16] train_acc: 81.855% -- valid_acc: 75.020% -- train_time: 28.722s -- valid_time: 5.660s -- train_loss: 159.112 -- valid_loss: 93.782
[17] train_acc: 82.812% -- valid_acc: 69.670% -- train_time: 28.819s -- valid_time: 5.345s -- train_loss: 152.365 -- valid_loss: 120.612
[18] train_acc: 83.373% -- valid_acc: 76.960% -- train_time: 28.888s -- valid_time: 5.314s -- train_loss: 146.352 -- valid_loss: 86.615
[19] train_acc: 84.365% -- valid_acc: 76.200% -- train_time: 28.637s -- valid_time: 5.325s -- train_loss: 137.987 -- valid_loss: 92.129
[20] train_acc: 84.955% -- valid_acc: 76.450% -- train_time: 28.621s -- valid_time: 5.334s -- train_loss: 132.245 -- valid_loss: 92.454
[21] train_acc: 85.470% -- valid_acc: 77.950% -- train_time: 28.606s -- valid_time: 5.300s -- train_loss: 127.199 -- valid_loss: 86.315
[22] train_acc: 85.888% -- valid_acc: 77.050% -- train_time: 28.748s -- valid_time: 5.310s -- train_loss: 122.931 -- valid_loss: 93.460
[23] train_acc: 86.380% -- valid_acc: 79.880% -- train_time: 28.768s -- valid_time: 5.310s -- train_loss: 118.851 -- valid_loss: 79.369
[24] train_acc: 86.880% -- valid_acc: 78.830% -- train_time: 28.639s -- valid_time: 5.328s -- train_loss: 114.776 -- valid_loss: 84.838
[25] train_acc: 87.400% -- valid_acc: 77.090% -- train_time: 28.850s -- valid_time: 5.303s -- train_loss: 110.032 -- valid_loss: 95.018
[26] train_acc: 88.005% -- valid_acc: 75.380% -- train_time: 28.877s -- valid_time: 5.318s -- train_loss: 104.785 -- valid_loss: 101.714
[27] train_acc: 88.528% -- valid_acc: 78.080% -- train_time: 28.807s -- valid_time: 5.372s -- train_loss: 102.133 -- valid_loss: 89.283
[28] train_acc: 88.915% -- valid_acc: 77.760% -- train_time: 28.802s -- valid_time: 5.336s -- train_loss: 97.885 -- valid_loss: 94.104
[29] train_acc: 89.135% -- valid_acc: 78.850% -- train_time: 28.929s -- valid_time: 5.287s -- train_loss: 95.984 -- valid_loss: 86.966
[30] train_acc: 89.415% -- valid_acc: 79.630% -- train_time: 28.722s -- valid_time: 5.375s -- train_loss: 92.221 -- valid_loss: 84.192
[31] train_acc: 89.690% -- valid_acc: 75.640% -- train_time: 28.981s -- valid_time: 5.340s -- train_loss: 90.382 -- valid_loss: 106.126
[32] train_acc: 90.155% -- valid_acc: 80.400% -- train_time: 28.773s -- valid_time: 5.303s -- train_loss: 86.867 -- valid_loss: 84.158
[33] train_acc: 90.460% -- valid_acc: 78.840% -- train_time: 28.786s -- valid_time: 5.331s -- train_loss: 85.063 -- valid_loss: 94.364
[34] train_acc: 90.800% -- valid_acc: 78.840% -- train_time: 28.832s -- valid_time: 5.369s -- train_loss: 82.172 -- valid_loss: 89.987
[35] train_acc: 90.942% -- valid_acc: 78.810% -- train_time: 28.656s -- valid_time: 5.327s -- train_loss: 79.539 -- valid_loss: 90.118
[36] train_acc: 91.155% -- valid_acc: 78.350% -- train_time: 28.800s -- valid_time: 5.322s -- train_loss: 78.980 -- valid_loss: 95.139
[37] train_acc: 91.213% -- valid_acc: 79.770% -- train_time: 28.607s -- valid_time: 5.347s -- train_loss: 77.198 -- valid_loss: 87.318
[38] train_acc: 91.505% -- valid_acc: 79.350% -- train_time: 28.672s -- valid_time: 5.326s -- train_loss: 75.368 -- valid_loss: 89.725
[39] train_acc: 91.720% -- valid_acc: 78.970% -- train_time: 28.830s -- valid_time: 5.352s -- train_loss: 71.986 -- valid_loss: 94.684
[40] train_acc: 91.757% -- valid_acc: 80.020% -- train_time: 28.838s -- valid_time: 5.311s -- train_loss: 71.625 -- valid_loss: 88.723
[41] train_acc: 92.345% -- valid_acc: 76.580% -- train_time: 28.755s -- valid_time: 5.341s -- train_loss: 67.827 -- valid_loss: 107.174
[42] train_acc: 92.200% -- valid_acc: 78.770% -- train_time: 28.847s -- valid_time: 5.306s -- train_loss: 68.364 -- valid_loss: 96.046
[43] train_acc: 92.153% -- valid_acc: 78.940% -- train_time: 28.765s -- valid_time: 5.319s -- train_loss: 69.048 -- valid_loss: 96.588
[44] train_acc: 92.308% -- valid_acc: 79.140% -- train_time: 28.854s -- valid_time: 5.340s -- train_loss: 67.181 -- valid_loss: 93.700
[45] train_acc: 92.560% -- valid_acc: 78.910% -- train_time: 28.740s -- valid_time: 5.314s -- train_loss: 66.139 -- valid_loss: 91.714
[46] train_acc: 92.695% -- valid_acc: 78.210% -- train_time: 28.681s -- valid_time: 5.323s -- train_loss: 65.572 -- valid_loss: 99.607
[47] train_acc: 92.507% -- valid_acc: 81.300% -- train_time: 28.875s -- valid_time: 5.277s -- train_loss: 65.705 -- valid_loss: 80.395
[48] train_acc: 92.838% -- valid_acc: 80.340% -- train_time: 28.675s -- valid_time: 5.329s -- train_loss: 62.769 -- valid_loss: 89.652
[49] train_acc: 93.282% -- valid_acc: 79.410% -- train_time: 28.826s -- valid_time: 5.302s -- train_loss: 60.064 -- valid_loss: 97.009
[50] train_acc: 92.933% -- valid_acc: 79.240% -- train_time: 28.937s -- valid_time: 5.311s -- train_loss: 62.089 -- valid_loss: 93.226
[51] train_acc: 93.138% -- valid_acc: 79.250% -- train_time: 28.956s -- valid_time: 5.393s -- train_loss: 60.619 -- valid_loss: 96.551
[52] train_acc: 92.647% -- valid_acc: 79.530% -- train_time: 28.796s -- valid_time: 5.328s -- train_loss: 63.015 -- valid_loss: 94.920
[53] train_acc: 93.418% -- valid_acc: 80.230% -- train_time: 28.903s -- valid_time: 5.315s -- train_loss: 59.323 -- valid_loss: 92.254
[54] train_acc: 93.035% -- valid_acc: 80.040% -- train_time: 28.765s -- valid_time: 5.298s -- train_loss: 60.983 -- valid_loss: 91.995
[55] train_acc: 93.192% -- valid_acc: 80.080% -- train_time: 28.886s -- valid_time: 5.319s -- train_loss: 60.927 -- valid_loss: 89.142
[56] train_acc: 93.647% -- valid_acc: 79.290% -- train_time: 28.838s -- valid_time: 5.302s -- train_loss: 56.872 -- valid_loss: 95.789
[57] train_acc: 93.183% -- valid_acc: 79.180% -- train_time: 28.907s -- valid_time: 5.326s -- train_loss: 60.822 -- valid_loss: 96.714
[58] train_acc: 93.547% -- valid_acc: 77.220% -- train_time: 28.968s -- valid_time: 5.355s -- train_loss: 57.881 -- valid_loss: 110.217
[59] train_acc: 93.103% -- valid_acc: 79.860% -- train_time: 28.681s -- valid_time: 5.393s -- train_loss: 61.047 -- valid_loss: 92.971
[60] train_acc: 93.403% -- valid_acc: 79.770% -- train_time: 28.702s -- valid_time: 5.342s -- train_loss: 59.241 -- valid_loss: 91.685
[61] train_acc: 97.308% -- valid_acc: 85.630% -- train_time: 28.847s -- valid_time: 5.312s -- train_loss: 26.583 -- valid_loss: 63.506
[62] train_acc: 98.597% -- valid_acc: 85.790% -- train_time: 28.661s -- valid_time: 5.316s -- train_loss: 16.827 -- valid_loss: 64.720
[63] train_acc: 98.873% -- valid_acc: 85.980% -- train_time: 28.875s -- valid_time: 5.349s -- train_loss: 13.308 -- valid_loss: 65.315
[64] train_acc: 98.993% -- valid_acc: 86.080% -- train_time: 28.783s -- valid_time: 5.320s -- train_loss: 12.077 -- valid_loss: 66.653
[65] train_acc: 99.120% -- valid_acc: 86.000% -- train_time: 28.845s -- valid_time: 5.336s -- train_loss: 10.795 -- valid_loss: 66.635
[66] train_acc: 99.230% -- valid_acc: 86.020% -- train_time: 28.804s -- valid_time: 5.349s -- train_loss: 9.686 -- valid_loss: 67.797
[67] train_acc: 99.207% -- valid_acc: 85.890% -- train_time: 28.797s -- valid_time: 5.357s -- train_loss: 9.389 -- valid_loss: 68.294
[68] train_acc: 99.362% -- valid_acc: 85.920% -- train_time: 28.835s -- valid_time: 5.312s -- train_loss: 8.394 -- valid_loss: 69.073
[69] train_acc: 99.382% -- valid_acc: 86.040% -- train_time: 28.758s -- valid_time: 5.361s -- train_loss: 8.059 -- valid_loss: 69.443
[70] train_acc: 99.442% -- valid_acc: 85.930% -- train_time: 28.742s -- valid_time: 5.334s -- train_loss: 7.533 -- valid_loss: 70.063
[71] train_acc: 99.332% -- valid_acc: 85.900% -- train_time: 28.837s -- valid_time: 5.323s -- train_loss: 7.972 -- valid_loss: 70.080
[72] train_acc: 99.493% -- valid_acc: 86.060% -- train_time: 29.175s -- valid_time: 5.337s -- train_loss: 6.977 -- valid_loss: 70.611
[73] train_acc: 99.485% -- valid_acc: 85.890% -- train_time: 28.886s -- valid_time: 5.355s -- train_loss: 6.752 -- valid_loss: 71.829
[74] train_acc: 99.532% -- valid_acc: 86.020% -- train_time: 28.687s -- valid_time: 5.302s -- train_loss: 6.170 -- valid_loss: 71.186
[75] train_acc: 99.552% -- valid_acc: 85.950% -- train_time: 28.814s -- valid_time: 5.331s -- train_loss: 5.986 -- valid_loss: 71.573
[76] train_acc: 99.550% -- valid_acc: 86.050% -- train_time: 28.894s -- valid_time: 5.363s -- train_loss: 5.828 -- valid_loss: 72.635
[77] train_acc: 99.567% -- valid_acc: 85.960% -- train_time: 28.638s -- valid_time: 5.371s -- train_loss: 5.853 -- valid_loss: 72.412
[78] train_acc: 99.620% -- valid_acc: 86.090% -- train_time: 28.833s -- valid_time: 5.309s -- train_loss: 5.441 -- valid_loss: 71.348
[79] train_acc: 99.590% -- valid_acc: 86.050% -- train_time: 28.668s -- valid_time: 5.291s -- train_loss: 5.499 -- valid_loss: 73.352
[80] train_acc: 99.573% -- valid_acc: 86.200% -- train_time: 28.733s -- valid_time: 5.333s -- train_loss: 5.290 -- valid_loss: 73.070
[81] train_acc: 99.605% -- valid_acc: 85.790% -- train_time: 28.911s -- valid_time: 5.384s -- train_loss: 5.302 -- valid_loss: 73.257
[82] train_acc: 99.675% -- valid_acc: 86.120% -- train_time: 28.713s -- valid_time: 5.310s -- train_loss: 4.940 -- valid_loss: 73.081
[83] train_acc: 99.618% -- valid_acc: 86.020% -- train_time: 28.842s -- valid_time: 5.330s -- train_loss: 5.078 -- valid_loss: 72.984
[84] train_acc: 99.692% -- valid_acc: 86.010% -- train_time: 28.702s -- valid_time: 5.360s -- train_loss: 4.476 -- valid_loss: 74.076
[85] train_acc: 99.655% -- valid_acc: 85.880% -- train_time: 28.867s -- valid_time: 5.324s -- train_loss: 4.707 -- valid_loss: 74.296
[86] train_acc: 99.630% -- valid_acc: 86.120% -- train_time: 28.702s -- valid_time: 5.330s -- train_loss: 4.829 -- valid_loss: 75.275
[87] train_acc: 99.733% -- valid_acc: 85.850% -- train_time: 28.792s -- valid_time: 5.348s -- train_loss: 4.162 -- valid_loss: 75.360
[88] train_acc: 99.635% -- valid_acc: 86.190% -- train_time: 28.851s -- valid_time: 5.305s -- train_loss: 4.780 -- valid_loss: 74.219
[89] train_acc: 99.640% -- valid_acc: 85.910% -- train_time: 28.736s -- valid_time: 5.327s -- train_loss: 4.585 -- valid_loss: 74.262
[90] train_acc: 99.653% -- valid_acc: 85.560% -- train_time: 28.846s -- valid_time: 5.312s -- train_loss: 4.677 -- valid_loss: 75.884
[91] train_acc: 99.647% -- valid_acc: 85.830% -- train_time: 28.864s -- valid_time: 5.343s -- train_loss: 4.610 -- valid_loss: 76.049
[92] train_acc: 99.662% -- valid_acc: 85.790% -- train_time: 28.832s -- valid_time: 5.305s -- train_loss: 4.537 -- valid_loss: 75.576
[93] train_acc: 99.645% -- valid_acc: 85.570% -- train_time: 28.720s -- valid_time: 5.319s -- train_loss: 4.748 -- valid_loss: 77.171
[94] train_acc: 99.612% -- valid_acc: 85.860% -- train_time: 28.797s -- valid_time: 5.291s -- train_loss: 4.700 -- valid_loss: 76.362
[95] train_acc: 99.677% -- valid_acc: 85.480% -- train_time: 29.194s -- valid_time: 5.323s -- train_loss: 4.472 -- valid_loss: 76.890
[96] train_acc: 99.657% -- valid_acc: 85.860% -- train_time: 28.841s -- valid_time: 5.335s -- train_loss: 4.601 -- valid_loss: 76.552
[97] train_acc: 99.698% -- valid_acc: 86.140% -- train_time: 28.903s -- valid_time: 5.337s -- train_loss: 4.318 -- valid_loss: 74.798
[98] train_acc: 99.745% -- valid_acc: 86.260% -- train_time: 28.713s -- valid_time: 5.337s -- train_loss: 3.876 -- valid_loss: 75.535
[99] train_acc: 99.605% -- valid_acc: 85.930% -- train_time: 28.873s -- valid_time: 5.357s -- train_loss: 4.525 -- valid_loss: 75.595
[100] train_acc: 99.600% -- valid_acc: 85.780% -- train_time: 28.654s -- valid_time: 5.305s -- train_loss: 4.700 -- valid_loss: 77.341
[101] train_acc: 99.672% -- valid_acc: 85.640% -- train_time: 28.738s -- valid_time: 5.321s -- train_loss: 4.446 -- valid_loss: 76.441
[102] train_acc: 99.590% -- valid_acc: 85.860% -- train_time: 29.292s -- valid_time: 5.314s -- train_loss: 4.745 -- valid_loss: 77.440
[103] train_acc: 99.632% -- valid_acc: 85.720% -- train_time: 28.785s -- valid_time: 5.332s -- train_loss: 4.654 -- valid_loss: 77.589
[104] train_acc: 99.642% -- valid_acc: 86.000% -- train_time: 28.814s -- valid_time: 5.374s -- train_loss: 4.264 -- valid_loss: 76.351
[105] train_acc: 99.690% -- valid_acc: 86.100% -- train_time: 28.751s -- valid_time: 5.365s -- train_loss: 4.146 -- valid_loss: 76.323
[106] train_acc: 99.640% -- valid_acc: 85.810% -- train_time: 28.850s -- valid_time: 5.336s -- train_loss: 4.586 -- valid_loss: 77.120
[107] train_acc: 99.638% -- valid_acc: 85.760% -- train_time: 28.969s -- valid_time: 5.376s -- train_loss: 4.669 -- valid_loss: 76.631
[108] train_acc: 99.685% -- valid_acc: 86.010% -- train_time: 28.871s -- valid_time: 5.331s -- train_loss: 4.212 -- valid_loss: 76.560
[109] train_acc: 99.695% -- valid_acc: 85.950% -- train_time: 28.885s -- valid_time: 5.330s -- train_loss: 4.202 -- valid_loss: 76.611
[110] train_acc: 99.630% -- valid_acc: 86.250% -- train_time: 28.740s -- valid_time: 5.327s -- train_loss: 4.487 -- valid_loss: 75.897
[111] train_acc: 99.593% -- valid_acc: 85.870% -- train_time: 28.741s -- valid_time: 5.346s -- train_loss: 4.966 -- valid_loss: 78.130
[112] train_acc: 99.685% -- valid_acc: 85.760% -- train_time: 28.803s -- valid_time: 5.329s -- train_loss: 4.343 -- valid_loss: 76.881
[113] train_acc: 99.645% -- valid_acc: 86.070% -- train_time: 28.646s -- valid_time: 5.352s -- train_loss: 4.395 -- valid_loss: 75.789
[114] train_acc: 99.590% -- valid_acc: 85.960% -- train_time: 28.811s -- valid_time: 5.343s -- train_loss: 4.623 -- valid_loss: 77.209
[115] train_acc: 99.645% -- valid_acc: 85.940% -- train_time: 28.639s -- valid_time: 5.374s -- train_loss: 4.720 -- valid_loss: 77.965
[116] train_acc: 99.653% -- valid_acc: 85.920% -- train_time: 28.807s -- valid_time: 5.352s -- train_loss: 4.527 -- valid_loss: 78.601
[117] train_acc: 99.532% -- valid_acc: 85.800% -- train_time: 28.766s -- valid_time: 5.332s -- train_loss: 5.359 -- valid_loss: 78.734
[118] train_acc: 99.570% -- valid_acc: 85.930% -- train_time: 28.830s -- valid_time: 5.320s -- train_loss: 5.169 -- valid_loss: 77.821
[119] train_acc: 99.597% -- valid_acc: 85.450% -- train_time: 28.808s -- valid_time: 5.327s -- train_loss: 4.969 -- valid_loss: 78.668
[120] train_acc: 99.537% -- valid_acc: 85.460% -- train_time: 28.797s -- valid_time: 5.325s -- train_loss: 5.262 -- valid_loss: 79.140
[121] train_acc: 99.750% -- valid_acc: 85.930% -- train_time: 28.889s -- valid_time: 5.350s -- train_loss: 3.622 -- valid_loss: 75.805
[122] train_acc: 99.810% -- valid_acc: 85.990% -- train_time: 28.847s -- valid_time: 5.338s -- train_loss: 2.960 -- valid_loss: 75.203
[123] train_acc: 99.865% -- valid_acc: 86.250% -- train_time: 28.779s -- valid_time: 5.329s -- train_loss: 2.508 -- valid_loss: 75.325
[124] train_acc: 99.860% -- valid_acc: 86.350% -- train_time: 28.676s -- valid_time: 5.339s -- train_loss: 2.499 -- valid_loss: 75.242
[125] train_acc: 99.922% -- valid_acc: 86.250% -- train_time: 28.772s -- valid_time: 5.385s -- train_loss: 2.101 -- valid_loss: 75.491
[126] train_acc: 99.880% -- valid_acc: 86.470% -- train_time: 28.709s -- valid_time: 5.315s -- train_loss: 2.357 -- valid_loss: 74.325
[127] train_acc: 99.888% -- valid_acc: 86.300% -- train_time: 28.926s -- valid_time: 5.322s -- train_loss: 2.164 -- valid_loss: 74.345
[128] train_acc: 99.897% -- valid_acc: 86.470% -- train_time: 28.728s -- valid_time: 5.336s -- train_loss: 1.945 -- valid_loss: 74.363
[129] train_acc: 99.920% -- valid_acc: 86.430% -- train_time: 28.701s -- valid_time: 5.320s -- train_loss: 2.003 -- valid_loss: 74.331
[130] train_acc: 99.910% -- valid_acc: 86.400% -- train_time: 28.922s -- valid_time: 5.317s -- train_loss: 2.040 -- valid_loss: 74.822
[131] train_acc: 99.905% -- valid_acc: 86.440% -- train_time: 28.817s -- valid_time: 5.351s -- train_loss: 1.950 -- valid_loss: 74.364
[132] train_acc: 99.930% -- valid_acc: 86.440% -- train_time: 28.790s -- valid_time: 5.341s -- train_loss: 1.842 -- valid_loss: 74.026
[133] train_acc: 99.903% -- valid_acc: 86.410% -- train_time: 28.730s -- valid_time: 5.381s -- train_loss: 1.910 -- valid_loss: 74.657
[134] train_acc: 99.890% -- valid_acc: 86.490% -- train_time: 28.776s -- valid_time: 5.352s -- train_loss: 2.019 -- valid_loss: 75.068
[135] train_acc: 99.900% -- valid_acc: 86.590% -- train_time: 28.968s -- valid_time: 5.373s -- train_loss: 1.907 -- valid_loss: 74.307
[136] train_acc: 99.925% -- valid_acc: 86.620% -- train_time: 28.934s -- valid_time: 5.368s -- train_loss: 1.794 -- valid_loss: 74.045
[137] train_acc: 99.910% -- valid_acc: 86.610% -- train_time: 28.639s -- valid_time: 5.330s -- train_loss: 1.827 -- valid_loss: 74.138
[138] train_acc: 99.945% -- valid_acc: 86.490% -- train_time: 28.755s -- valid_time: 5.341s -- train_loss: 1.583 -- valid_loss: 74.009
[139] train_acc: 99.920% -- valid_acc: 86.430% -- train_time: 28.831s -- valid_time: 5.319s -- train_loss: 1.773 -- valid_loss: 74.171
[140] train_acc: 99.942% -- valid_acc: 86.480% -- train_time: 28.830s -- valid_time: 5.353s -- train_loss: 1.659 -- valid_loss: 73.973
[141] train_acc: 99.905% -- valid_acc: 86.530% -- train_time: 28.716s -- valid_time: 5.352s -- train_loss: 1.910 -- valid_loss: 74.451
[142] train_acc: 99.920% -- valid_acc: 86.430% -- train_time: 28.882s -- valid_time: 5.344s -- train_loss: 1.690 -- valid_loss: 74.340
[143] train_acc: 99.938% -- valid_acc: 86.450% -- train_time: 28.824s -- valid_time: 5.380s -- train_loss: 1.628 -- valid_loss: 74.903
[144] train_acc: 99.903% -- valid_acc: 86.380% -- train_time: 28.822s -- valid_time: 5.334s -- train_loss: 1.873 -- valid_loss: 74.664
[145] train_acc: 99.933% -- valid_acc: 86.420% -- train_time: 28.742s -- valid_time: 5.311s -- train_loss: 1.756 -- valid_loss: 74.379
[146] train_acc: 99.933% -- valid_acc: 86.370% -- train_time: 29.037s -- valid_time: 5.319s -- train_loss: 1.624 -- valid_loss: 74.300
[147] train_acc: 99.942% -- valid_acc: 86.500% -- train_time: 28.752s -- valid_time: 5.348s -- train_loss: 1.610 -- valid_loss: 74.728
[148] train_acc: 99.920% -- valid_acc: 86.370% -- train_time: 28.919s -- valid_time: 5.313s -- train_loss: 1.761 -- valid_loss: 74.562
[149] train_acc: 99.945% -- valid_acc: 86.600% -- train_time: 28.748s -- valid_time: 5.338s -- train_loss: 1.568 -- valid_loss: 74.254
[150] train_acc: 99.933% -- valid_acc: 86.520% -- train_time: 28.853s -- valid_time: 5.319s -- train_loss: 1.607 -- valid_loss: 74.696
[151] train_acc: 99.935% -- valid_acc: 86.490% -- train_time: 28.920s -- valid_time: 5.349s -- train_loss: 1.616 -- valid_loss: 74.103
[152] train_acc: 99.933% -- valid_acc: 86.650% -- train_time: 28.687s -- valid_time: 5.349s -- train_loss: 1.609 -- valid_loss: 74.213
[153] train_acc: 99.942% -- valid_acc: 86.550% -- train_time: 28.777s -- valid_time: 5.316s -- train_loss: 1.506 -- valid_loss: 75.002
[154] train_acc: 99.933% -- valid_acc: 86.760% -- train_time: 28.953s -- valid_time: 5.345s -- train_loss: 1.580 -- valid_loss: 73.763
[155] train_acc: 99.948% -- valid_acc: 86.660% -- train_time: 28.821s -- valid_time: 5.324s -- train_loss: 1.552 -- valid_loss: 74.247
[156] train_acc: 99.940% -- valid_acc: 86.530% -- train_time: 28.895s -- valid_time: 5.389s -- train_loss: 1.531 -- valid_loss: 74.225
[157] train_acc: 99.935% -- valid_acc: 86.410% -- train_time: 28.814s -- valid_time: 5.338s -- train_loss: 1.570 -- valid_loss: 74.526
[158] train_acc: 99.927% -- valid_acc: 86.500% -- train_time: 28.840s -- valid_time: 5.312s -- train_loss: 1.582 -- valid_loss: 74.142
[159] train_acc: 99.905% -- valid_acc: 86.640% -- train_time: 28.855s -- valid_time: 5.356s -- train_loss: 1.706 -- valid_loss: 74.212
[160] train_acc: 99.938% -- valid_acc: 86.480% -- train_time: 28.869s -- valid_time: 5.295s -- train_loss: 1.539 -- valid_loss: 73.823
[161] train_acc: 99.953% -- valid_acc: 86.570% -- train_time: 28.815s -- valid_time: 5.359s -- train_loss: 1.480 -- valid_loss: 74.057
[162] train_acc: 99.933% -- valid_acc: 86.530% -- train_time: 28.794s -- valid_time: 5.328s -- train_loss: 1.544 -- valid_loss: 74.514
[163] train_acc: 99.938% -- valid_acc: 86.630% -- train_time: 28.666s -- valid_time: 5.325s -- train_loss: 1.619 -- valid_loss: 74.149
[164] train_acc: 99.950% -- valid_acc: 86.650% -- train_time: 28.690s -- valid_time: 5.329s -- train_loss: 1.469 -- valid_loss: 74.345
[165] train_acc: 99.953% -- valid_acc: 86.620% -- train_time: 29.455s -- valid_time: 5.329s -- train_loss: 1.430 -- valid_loss: 73.963
[166] train_acc: 99.945% -- valid_acc: 86.530% -- train_time: 28.910s -- valid_time: 5.345s -- train_loss: 1.487 -- valid_loss: 74.179
[167] train_acc: 99.950% -- valid_acc: 86.530% -- train_time: 28.772s -- valid_time: 5.327s -- train_loss: 1.367 -- valid_loss: 74.146
[168] train_acc: 99.935% -- valid_acc: 86.640% -- train_time: 28.978s -- valid_time: 5.344s -- train_loss: 1.536 -- valid_loss: 73.930
[169] train_acc: 99.963% -- valid_acc: 86.590% -- train_time: 29.006s -- valid_time: 5.339s -- train_loss: 1.409 -- valid_loss: 74.803
[170] train_acc: 99.950% -- valid_acc: 86.660% -- train_time: 29.074s -- valid_time: 5.312s -- train_loss: 1.438 -- valid_loss: 73.992
[171] train_acc: 99.938% -- valid_acc: 86.570% -- train_time: 28.948s -- valid_time: 5.372s -- train_loss: 1.518 -- valid_loss: 74.334
[172] train_acc: 99.948% -- valid_acc: 86.590% -- train_time: 28.883s -- valid_time: 5.334s -- train_loss: 1.428 -- valid_loss: 74.223
[173] train_acc: 99.945% -- valid_acc: 86.590% -- train_time: 28.984s -- valid_time: 5.339s -- train_loss: 1.508 -- valid_loss: 74.316
[174] train_acc: 99.948% -- valid_acc: 86.670% -- train_time: 28.895s -- valid_time: 5.285s -- train_loss: 1.371 -- valid_loss: 74.165
[175] train_acc: 99.955% -- valid_acc: 86.470% -- train_time: 28.729s -- valid_time: 5.326s -- train_loss: 1.443 -- valid_loss: 74.783
[176] train_acc: 99.955% -- valid_acc: 86.580% -- train_time: 29.097s -- valid_time: 5.303s -- train_loss: 1.342 -- valid_loss: 74.036
[177] train_acc: 99.950% -- valid_acc: 86.770% -- train_time: 28.889s -- valid_time: 5.312s -- train_loss: 1.357 -- valid_loss: 73.342
[178] train_acc: 99.938% -- valid_acc: 86.560% -- train_time: 28.804s -- valid_time: 5.319s -- train_loss: 1.301 -- valid_loss: 74.115
[179] train_acc: 99.935% -- valid_acc: 86.630% -- train_time: 28.780s -- valid_time: 5.313s -- train_loss: 1.456 -- valid_loss: 74.144
[180] train_acc: 99.955% -- valid_acc: 86.750% -- train_time: 28.788s -- valid_time: 5.323s -- train_loss: 1.233 -- valid_loss: 74.368
[181] train_acc: 99.945% -- valid_acc: 86.610% -- train_time: 28.917s -- valid_time: 5.291s -- train_loss: 1.401 -- valid_loss: 73.939
[182] train_acc: 99.953% -- valid_acc: 86.700% -- train_time: 29.032s -- valid_time: 5.282s -- train_loss: 1.358 -- valid_loss: 73.597
[183] train_acc: 99.953% -- valid_acc: 86.670% -- train_time: 28.954s -- valid_time: 5.302s -- train_loss: 1.315 -- valid_loss: 74.160
[184] train_acc: 99.970% -- valid_acc: 86.660% -- train_time: 28.728s -- valid_time: 5.291s -- train_loss: 1.243 -- valid_loss: 73.192
[185] train_acc: 99.950% -- valid_acc: 86.640% -- train_time: 28.925s -- valid_time: 5.649s -- train_loss: 1.424 -- valid_loss: 74.341
[186] train_acc: 99.953% -- valid_acc: 86.670% -- train_time: 28.914s -- valid_time: 5.284s -- train_loss: 1.339 -- valid_loss: 74.294
[187] train_acc: 99.955% -- valid_acc: 86.720% -- train_time: 28.775s -- valid_time: 5.313s -- train_loss: 1.313 -- valid_loss: 74.613
[188] train_acc: 99.953% -- valid_acc: 86.620% -- train_time: 28.943s -- valid_time: 5.303s -- train_loss: 1.413 -- valid_loss: 74.136
[189] train_acc: 99.957% -- valid_acc: 86.650% -- train_time: 28.813s -- valid_time: 5.293s -- train_loss: 1.288 -- valid_loss: 74.464
[190] train_acc: 99.957% -- valid_acc: 86.650% -- train_time: 28.989s -- valid_time: 5.331s -- train_loss: 1.373 -- valid_loss: 74.502
[191] train_acc: 99.950% -- valid_acc: 86.730% -- train_time: 28.792s -- valid_time: 5.279s -- train_loss: 1.313 -- valid_loss: 74.252
[192] train_acc: 99.938% -- valid_acc: 86.620% -- train_time: 28.945s -- valid_time: 5.276s -- train_loss: 1.462 -- valid_loss: 73.851
[193] train_acc: 99.955% -- valid_acc: 86.690% -- train_time: 28.906s -- valid_time: 5.327s -- train_loss: 1.442 -- valid_loss: 74.307
[194] train_acc: 99.963% -- valid_acc: 86.810% -- train_time: 28.916s -- valid_time: 5.302s -- train_loss: 1.218 -- valid_loss: 74.014
[195] train_acc: 99.955% -- valid_acc: 86.650% -- train_time: 28.884s -- valid_time: 5.350s -- train_loss: 1.329 -- valid_loss: 73.890
[196] train_acc: 99.960% -- valid_acc: 86.640% -- train_time: 29.019s -- valid_time: 5.340s -- train_loss: 1.291 -- valid_loss: 74.180
[197] train_acc: 99.963% -- valid_acc: 86.620% -- train_time: 28.790s -- valid_time: 5.345s -- train_loss: 1.286 -- valid_loss: 74.398
[198] train_acc: 99.963% -- valid_acc: 86.560% -- train_time: 28.937s -- valid_time: 5.312s -- train_loss: 1.320 -- valid_loss: 74.332
[199] train_acc: 99.948% -- valid_acc: 86.660% -- train_time: 28.909s -- valid_time: 5.335s -- train_loss: 1.412 -- valid_loss: 74.122
[200] train_acc: 99.950% -- valid_acc: 86.660% -- train_time: 28.938s -- valid_time: 5.358s -- train_loss: 1.370 -- valid_loss: 74.155
test_acc: [86.0]
Finished GELU
[1] train_acc: 33.880% -- valid_acc: 40.590% -- train_time: 29.069s -- valid_time: 5.341s -- train_loss: 586.594 -- valid_loss: 202.837
[2] train_acc: 46.565% -- valid_acc: 49.360% -- train_time: 29.082s -- valid_time: 5.373s -- train_loss: 461.044 -- valid_loss: 183.200
[3] train_acc: 53.355% -- valid_acc: 53.630% -- train_time: 29.096s -- valid_time: 5.402s -- train_loss: 405.661 -- valid_loss: 161.064
[4] train_acc: 58.285% -- valid_acc: 55.790% -- train_time: 29.069s -- valid_time: 5.375s -- train_loss: 364.113 -- valid_loss: 159.947
[5] train_acc: 62.155% -- valid_acc: 63.270% -- train_time: 29.269s -- valid_time: 5.337s -- train_loss: 331.340 -- valid_loss: 131.679
[6] train_acc: 65.040% -- valid_acc: 57.490% -- train_time: 28.934s -- valid_time: 5.402s -- train_loss: 308.100 -- valid_loss: 157.357
[7] train_acc: 67.250% -- valid_acc: 64.620% -- train_time: 29.025s -- valid_time: 5.361s -- train_loss: 288.488 -- valid_loss: 126.627
[8] train_acc: 69.373% -- valid_acc: 69.840% -- train_time: 29.340s -- valid_time: 5.344s -- train_loss: 271.311 -- valid_loss: 109.654
[9] train_acc: 70.993% -- valid_acc: 69.030% -- train_time: 28.914s -- valid_time: 5.330s -- train_loss: 255.987 -- valid_loss: 112.909
[10] train_acc: 72.090% -- valid_acc: 68.460% -- train_time: 29.063s -- valid_time: 5.365s -- train_loss: 244.839 -- valid_loss: 114.841
[11] train_acc: 73.922% -- valid_acc: 70.570% -- train_time: 29.082s -- valid_time: 5.394s -- train_loss: 231.935 -- valid_loss: 106.983
[12] train_acc: 75.172% -- valid_acc: 73.000% -- train_time: 29.064s -- valid_time: 5.403s -- train_loss: 220.909 -- valid_loss: 100.972
[13] train_acc: 76.282% -- valid_acc: 71.750% -- train_time: 29.067s -- valid_time: 5.359s -- train_loss: 212.474 -- valid_loss: 104.475
[14] train_acc: 77.160% -- valid_acc: 71.140% -- train_time: 29.065s -- valid_time: 5.421s -- train_loss: 202.317 -- valid_loss: 108.485
[15] train_acc: 77.970% -- valid_acc: 73.070% -- train_time: 29.174s -- valid_time: 5.451s -- train_loss: 194.481 -- valid_loss: 100.194
[16] train_acc: 78.493% -- valid_acc: 74.740% -- train_time: 29.150s -- valid_time: 5.360s -- train_loss: 190.434 -- valid_loss: 93.596
[17] train_acc: 79.653% -- valid_acc: 69.640% -- train_time: 29.117s -- valid_time: 5.360s -- train_loss: 180.027 -- valid_loss: 117.242
[18] train_acc: 80.157% -- valid_acc: 70.130% -- train_time: 29.074s -- valid_time: 5.354s -- train_loss: 176.025 -- valid_loss: 112.219
[19] train_acc: 80.907% -- valid_acc: 73.710% -- train_time: 28.888s -- valid_time: 5.362s -- train_loss: 169.468 -- valid_loss: 100.050
[20] train_acc: 81.890% -- valid_acc: 75.570% -- train_time: 29.064s -- valid_time: 5.337s -- train_loss: 160.773 -- valid_loss: 92.685
[21] train_acc: 82.370% -- valid_acc: 75.900% -- train_time: 29.114s -- valid_time: 5.360s -- train_loss: 157.106 -- valid_loss: 94.498
[22] train_acc: 82.795% -- valid_acc: 73.330% -- train_time: 29.063s -- valid_time: 5.344s -- train_loss: 152.807 -- valid_loss: 100.990
[23] train_acc: 83.507% -- valid_acc: 75.510% -- train_time: 28.973s -- valid_time: 5.341s -- train_loss: 146.111 -- valid_loss: 95.029
[24] train_acc: 83.677% -- valid_acc: 76.150% -- train_time: 29.139s -- valid_time: 5.336s -- train_loss: 143.959 -- valid_loss: 91.602
[25] train_acc: 84.397% -- valid_acc: 76.870% -- train_time: 29.055s -- valid_time: 5.350s -- train_loss: 137.623 -- valid_loss: 88.163
[26] train_acc: 84.685% -- valid_acc: 77.370% -- train_time: 29.111s -- valid_time: 5.375s -- train_loss: 133.528 -- valid_loss: 86.767
[27] train_acc: 85.267% -- valid_acc: 77.070% -- train_time: 29.134s -- valid_time: 5.413s -- train_loss: 131.882 -- valid_loss: 88.317
[28] train_acc: 85.695% -- valid_acc: 74.930% -- train_time: 29.109s -- valid_time: 5.356s -- train_loss: 126.268 -- valid_loss: 99.532
[29] train_acc: 85.847% -- valid_acc: 77.780% -- train_time: 29.305s -- valid_time: 5.366s -- train_loss: 123.197 -- valid_loss: 86.270
[30] train_acc: 86.450% -- valid_acc: 77.560% -- train_time: 28.959s -- valid_time: 5.364s -- train_loss: 118.853 -- valid_loss: 88.442
[31] train_acc: 86.938% -- valid_acc: 79.140% -- train_time: 29.112s -- valid_time: 5.363s -- train_loss: 115.574 -- valid_loss: 80.850
[32] train_acc: 87.067% -- valid_acc: 76.550% -- train_time: 29.118s -- valid_time: 5.352s -- train_loss: 113.559 -- valid_loss: 93.774
[33] train_acc: 87.300% -- valid_acc: 76.830% -- train_time: 29.024s -- valid_time: 5.352s -- train_loss: 110.832 -- valid_loss: 95.063
[34] train_acc: 87.953% -- valid_acc: 79.080% -- train_time: 28.991s -- valid_time: 5.353s -- train_loss: 106.643 -- valid_loss: 84.121
[35] train_acc: 88.050% -- valid_acc: 76.770% -- train_time: 29.028s -- valid_time: 5.370s -- train_loss: 104.015 -- valid_loss: 93.321
[36] train_acc: 88.573% -- valid_acc: 79.010% -- train_time: 29.156s -- valid_time: 5.371s -- train_loss: 100.429 -- valid_loss: 85.392
[37] train_acc: 88.858% -- valid_acc: 78.620% -- train_time: 29.000s -- valid_time: 5.345s -- train_loss: 98.210 -- valid_loss: 86.235
[38] train_acc: 88.860% -- valid_acc: 76.690% -- train_time: 29.192s -- valid_time: 5.409s -- train_loss: 98.045 -- valid_loss: 96.980
[39] train_acc: 89.347% -- valid_acc: 79.780% -- train_time: 29.011s -- valid_time: 5.381s -- train_loss: 93.848 -- valid_loss: 79.934
[40] train_acc: 89.565% -- valid_acc: 78.060% -- train_time: 29.032s -- valid_time: 5.358s -- train_loss: 90.896 -- valid_loss: 92.740
[41] train_acc: 89.877% -- valid_acc: 78.800% -- train_time: 29.296s -- valid_time: 5.411s -- train_loss: 89.264 -- valid_loss: 86.062
[42] train_acc: 90.043% -- valid_acc: 80.490% -- train_time: 29.151s -- valid_time: 5.364s -- train_loss: 86.813 -- valid_loss: 81.312
[43] train_acc: 90.257% -- valid_acc: 79.770% -- train_time: 29.148s -- valid_time: 5.380s -- train_loss: 86.432 -- valid_loss: 82.842
[44] train_acc: 90.645% -- valid_acc: 77.730% -- train_time: 29.066s -- valid_time: 5.376s -- train_loss: 82.343 -- valid_loss: 93.870
[45] train_acc: 90.780% -- valid_acc: 78.190% -- train_time: 29.310s -- valid_time: 5.388s -- train_loss: 79.997 -- valid_loss: 89.095
[46] train_acc: 91.135% -- valid_acc: 79.940% -- train_time: 29.278s -- valid_time: 5.386s -- train_loss: 77.953 -- valid_loss: 84.802
[47] train_acc: 91.287% -- valid_acc: 78.160% -- train_time: 29.044s -- valid_time: 5.344s -- train_loss: 76.695 -- valid_loss: 94.654
[48] train_acc: 91.293% -- valid_acc: 79.090% -- train_time: 29.133s -- valid_time: 5.405s -- train_loss: 76.630 -- valid_loss: 92.769
[49] train_acc: 91.140% -- valid_acc: 79.340% -- train_time: 29.168s -- valid_time: 5.378s -- train_loss: 77.285 -- valid_loss: 87.065
[50] train_acc: 91.838% -- valid_acc: 80.300% -- train_time: 29.139s -- valid_time: 5.391s -- train_loss: 71.614 -- valid_loss: 80.635
[51] train_acc: 91.957% -- valid_acc: 78.360% -- train_time: 28.975s -- valid_time: 5.388s -- train_loss: 71.740 -- valid_loss: 91.248
[52] train_acc: 91.903% -- valid_acc: 73.780% -- train_time: 29.282s -- valid_time: 5.396s -- train_loss: 70.412 -- valid_loss: 121.250
[53] train_acc: 92.185% -- valid_acc: 80.390% -- train_time: 29.192s -- valid_time: 5.384s -- train_loss: 67.950 -- valid_loss: 87.913
[54] train_acc: 92.135% -- valid_acc: 73.370% -- train_time: 29.270s -- valid_time: 5.399s -- train_loss: 68.881 -- valid_loss: 133.266
[55] train_acc: 92.600% -- valid_acc: 81.220% -- train_time: 29.050s -- valid_time: 5.372s -- train_loss: 65.693 -- valid_loss: 80.211
[56] train_acc: 92.645% -- valid_acc: 78.630% -- train_time: 29.102s -- valid_time: 5.366s -- train_loss: 64.750 -- valid_loss: 96.392
[57] train_acc: 92.433% -- valid_acc: 75.860% -- train_time: 29.050s -- valid_time: 5.369s -- train_loss: 66.444 -- valid_loss: 108.421
[58] train_acc: 92.823% -- valid_acc: 75.970% -- train_time: 29.033s -- valid_time: 5.362s -- train_loss: 62.322 -- valid_loss: 106.103
[59] train_acc: 92.802% -- valid_acc: 81.380% -- train_time: 29.064s -- valid_time: 5.347s -- train_loss: 63.102 -- valid_loss: 80.209
[60] train_acc: 93.200% -- valid_acc: 79.140% -- train_time: 29.180s -- valid_time: 5.391s -- train_loss: 60.552 -- valid_loss: 90.753
[61] train_acc: 96.790% -- valid_acc: 85.240% -- train_time: 29.060s -- valid_time: 5.367s -- train_loss: 31.965 -- valid_loss: 63.561
[62] train_acc: 97.808% -- valid_acc: 85.330% -- train_time: 29.134s -- valid_time: 5.429s -- train_loss: 22.561 -- valid_loss: 64.647
[63] train_acc: 98.335% -- valid_acc: 85.430% -- train_time: 29.092s -- valid_time: 5.390s -- train_loss: 18.146 -- valid_loss: 65.698
[64] train_acc: 98.460% -- valid_acc: 85.320% -- train_time: 28.904s -- valid_time: 5.342s -- train_loss: 17.103 -- valid_loss: 66.496
[65] train_acc: 98.715% -- valid_acc: 85.500% -- train_time: 29.053s -- valid_time: 5.358s -- train_loss: 14.721 -- valid_loss: 67.463
[66] train_acc: 98.660% -- valid_acc: 85.520% -- train_time: 28.876s -- valid_time: 5.375s -- train_loss: 13.997 -- valid_loss: 68.823
[67] train_acc: 98.690% -- valid_acc: 85.330% -- train_time: 28.893s -- valid_time: 5.364s -- train_loss: 13.659 -- valid_loss: 69.676
[68] train_acc: 98.880% -- valid_acc: 85.670% -- train_time: 28.827s -- valid_time: 5.322s -- train_loss: 12.130 -- valid_loss: 69.316
[69] train_acc: 98.877% -- valid_acc: 85.420% -- train_time: 28.846s -- valid_time: 5.386s -- train_loss: 12.035 -- valid_loss: 69.618
[70] train_acc: 99.037% -- valid_acc: 85.400% -- train_time: 28.975s -- valid_time: 5.373s -- train_loss: 11.035 -- valid_loss: 71.413
[71] train_acc: 99.017% -- valid_acc: 85.520% -- train_time: 29.034s -- valid_time: 5.368s -- train_loss: 10.830 -- valid_loss: 71.714
[72] train_acc: 99.035% -- valid_acc: 85.540% -- train_time: 28.973s -- valid_time: 5.334s -- train_loss: 10.747 -- valid_loss: 72.407
[73] train_acc: 99.162% -- valid_acc: 85.260% -- train_time: 28.819s -- valid_time: 5.366s -- train_loss: 9.848 -- valid_loss: 73.936
[74] train_acc: 99.142% -- valid_acc: 85.540% -- train_time: 28.982s -- valid_time: 5.366s -- train_loss: 9.276 -- valid_loss: 74.995
[75] train_acc: 99.110% -- valid_acc: 85.300% -- train_time: 29.095s -- valid_time: 5.379s -- train_loss: 9.521 -- valid_loss: 73.631
[76] train_acc: 99.165% -- valid_acc: 85.130% -- train_time: 29.045s -- valid_time: 5.375s -- train_loss: 8.678 -- valid_loss: 75.654
[77] train_acc: 99.265% -- valid_acc: 85.340% -- train_time: 29.148s -- valid_time: 5.366s -- train_loss: 7.895 -- valid_loss: 75.828
[78] train_acc: 99.165% -- valid_acc: 85.560% -- train_time: 29.094s -- valid_time: 5.351s -- train_loss: 8.893 -- valid_loss: 74.608
[79] train_acc: 99.310% -- valid_acc: 85.560% -- train_time: 28.853s -- valid_time: 5.356s -- train_loss: 7.842 -- valid_loss: 75.231
[80] train_acc: 99.400% -- valid_acc: 85.530% -- train_time: 29.148s -- valid_time: 5.408s -- train_loss: 7.564 -- valid_loss: 74.805
[81] train_acc: 99.340% -- valid_acc: 85.470% -- train_time: 29.108s -- valid_time: 5.369s -- train_loss: 7.399 -- valid_loss: 75.256
[82] train_acc: 99.418% -- valid_acc: 85.560% -- train_time: 28.932s -- valid_time: 5.340s -- train_loss: 6.848 -- valid_loss: 76.757
[83] train_acc: 99.305% -- valid_acc: 85.120% -- train_time: 29.157s -- valid_time: 5.343s -- train_loss: 7.354 -- valid_loss: 77.087
[84] train_acc: 99.382% -- valid_acc: 85.260% -- train_time: 29.031s -- valid_time: 5.331s -- train_loss: 6.796 -- valid_loss: 78.130
[85] train_acc: 99.390% -- valid_acc: 85.180% -- train_time: 28.972s -- valid_time: 5.335s -- train_loss: 6.582 -- valid_loss: 77.411
[86] train_acc: 99.430% -- valid_acc: 85.330% -- train_time: 29.071s -- valid_time: 5.374s -- train_loss: 6.392 -- valid_loss: 78.503
[87] train_acc: 99.338% -- valid_acc: 85.250% -- train_time: 29.009s -- valid_time: 5.352s -- train_loss: 7.059 -- valid_loss: 79.255
[88] train_acc: 99.252% -- valid_acc: 85.260% -- train_time: 28.959s -- valid_time: 5.399s -- train_loss: 7.658 -- valid_loss: 77.884
[89] train_acc: 99.445% -- valid_acc: 85.300% -- train_time: 29.050s -- valid_time: 5.342s -- train_loss: 6.446 -- valid_loss: 78.194
[90] train_acc: 99.353% -- valid_acc: 85.410% -- train_time: 29.097s -- valid_time: 5.361s -- train_loss: 6.755 -- valid_loss: 78.732
[91] train_acc: 99.325% -- valid_acc: 85.370% -- train_time: 28.994s -- valid_time: 5.328s -- train_loss: 6.856 -- valid_loss: 79.271
[92] train_acc: 99.420% -- valid_acc: 85.320% -- train_time: 28.951s -- valid_time: 5.328s -- train_loss: 6.418 -- valid_loss: 77.985
[93] train_acc: 99.445% -- valid_acc: 85.390% -- train_time: 29.077s -- valid_time: 5.347s -- train_loss: 6.322 -- valid_loss: 78.525
[94] train_acc: 99.457% -- valid_acc: 85.160% -- train_time: 29.068s -- valid_time: 5.315s -- train_loss: 6.047 -- valid_loss: 80.718
[95] train_acc: 99.487% -- valid_acc: 85.630% -- train_time: 28.974s -- valid_time: 5.339s -- train_loss: 5.973 -- valid_loss: 78.448
[96] train_acc: 99.495% -- valid_acc: 85.510% -- train_time: 28.919s -- valid_time: 5.343s -- train_loss: 5.893 -- valid_loss: 80.179
[97] train_acc: 99.578% -- valid_acc: 85.600% -- train_time: 28.979s -- valid_time: 5.346s -- train_loss: 5.254 -- valid_loss: 79.635
[98] train_acc: 99.522% -- valid_acc: 85.060% -- train_time: 29.091s -- valid_time: 5.359s -- train_loss: 5.537 -- valid_loss: 82.434
[99] train_acc: 99.493% -- valid_acc: 85.140% -- train_time: 29.095s -- valid_time: 5.364s -- train_loss: 6.048 -- valid_loss: 81.207
[100] train_acc: 99.445% -- valid_acc: 84.930% -- train_time: 29.079s -- valid_time: 5.337s -- train_loss: 6.150 -- valid_loss: 81.256
[101] train_acc: 99.485% -- valid_acc: 85.430% -- train_time: 29.047s -- valid_time: 5.342s -- train_loss: 6.016 -- valid_loss: 79.775
[102] train_acc: 99.505% -- valid_acc: 85.010% -- train_time: 29.013s -- valid_time: 5.359s -- train_loss: 5.647 -- valid_loss: 81.458
[103] train_acc: 99.468% -- valid_acc: 85.110% -- train_time: 29.058s -- valid_time: 5.355s -- train_loss: 5.966 -- valid_loss: 82.273
[104] train_acc: 99.427% -- valid_acc: 85.380% -- train_time: 28.944s -- valid_time: 5.419s -- train_loss: 6.216 -- valid_loss: 79.833
[105] train_acc: 99.450% -- valid_acc: 84.970% -- train_time: 28.849s -- valid_time: 5.393s -- train_loss: 6.037 -- valid_loss: 81.067
[106] train_acc: 99.427% -- valid_acc: 84.830% -- train_time: 29.019s -- valid_time: 5.354s -- train_loss: 6.240 -- valid_loss: 83.791
[107] train_acc: 99.420% -- valid_acc: 85.230% -- train_time: 29.015s -- valid_time: 5.387s -- train_loss: 6.204 -- valid_loss: 81.290
[108] train_acc: 99.522% -- valid_acc: 85.190% -- train_time: 29.154s -- valid_time: 5.345s -- train_loss: 5.341 -- valid_loss: 81.667
[109] train_acc: 99.495% -- valid_acc: 85.500% -- train_time: 28.953s -- valid_time: 5.308s -- train_loss: 5.585 -- valid_loss: 79.983
[110] train_acc: 99.567% -- valid_acc: 85.350% -- train_time: 29.016s -- valid_time: 5.368s -- train_loss: 5.314 -- valid_loss: 81.296
[111] train_acc: 99.445% -- valid_acc: 85.180% -- train_time: 28.921s -- valid_time: 5.322s -- train_loss: 5.790 -- valid_loss: 81.359
[112] train_acc: 99.540% -- valid_acc: 85.240% -- train_time: 29.009s -- valid_time: 5.345s -- train_loss: 5.212 -- valid_loss: 81.990
[113] train_acc: 99.475% -- valid_acc: 85.260% -- train_time: 29.045s -- valid_time: 5.347s -- train_loss: 5.341 -- valid_loss: 82.499
[114] train_acc: 99.403% -- valid_acc: 85.220% -- train_time: 28.936s -- valid_time: 5.374s -- train_loss: 6.231 -- valid_loss: 81.818
[115] train_acc: 99.550% -- valid_acc: 85.190% -- train_time: 29.068s -- valid_time: 5.345s -- train_loss: 5.209 -- valid_loss: 81.738
[116] train_acc: 99.435% -- valid_acc: 85.190% -- train_time: 29.117s -- valid_time: 5.375s -- train_loss: 6.034 -- valid_loss: 82.293
[117] train_acc: 99.438% -- valid_acc: 85.320% -- train_time: 28.839s -- valid_time: 5.361s -- train_loss: 6.041 -- valid_loss: 81.060
[118] train_acc: 99.450% -- valid_acc: 84.870% -- train_time: 29.143s -- valid_time: 5.361s -- train_loss: 5.894 -- valid_loss: 82.768
[119] train_acc: 99.500% -- valid_acc: 84.950% -- train_time: 28.994s -- valid_time: 5.325s -- train_loss: 5.369 -- valid_loss: 81.062
[120] train_acc: 99.450% -- valid_acc: 85.180% -- train_time: 28.839s -- valid_time: 5.364s -- train_loss: 5.857 -- valid_loss: 80.603
[121] train_acc: 99.588% -- valid_acc: 85.790% -- train_time: 29.094s -- valid_time: 5.371s -- train_loss: 4.763 -- valid_loss: 78.570
[122] train_acc: 99.710% -- valid_acc: 85.860% -- train_time: 28.781s -- valid_time: 5.358s -- train_loss: 3.589 -- valid_loss: 77.864
[123] train_acc: 99.765% -- valid_acc: 85.840% -- train_time: 28.976s -- valid_time: 5.365s -- train_loss: 3.165 -- valid_loss: 77.517
[124] train_acc: 99.715% -- valid_acc: 85.910% -- train_time: 29.029s -- valid_time: 5.365s -- train_loss: 3.462 -- valid_loss: 78.640
[125] train_acc: 99.843% -- valid_acc: 85.600% -- train_time: 29.045s -- valid_time: 5.372s -- train_loss: 2.645 -- valid_loss: 78.507
[126] train_acc: 99.832% -- valid_acc: 85.630% -- train_time: 29.089s -- valid_time: 5.363s -- train_loss: 2.607 -- valid_loss: 77.894
[127] train_acc: 99.845% -- valid_acc: 85.730% -- train_time: 29.040s -- valid_time: 5.365s -- train_loss: 2.539 -- valid_loss: 78.108
[128] train_acc: 99.840% -- valid_acc: 85.860% -- train_time: 28.930s -- valid_time: 5.329s -- train_loss: 2.481 -- valid_loss: 78.446
[129] train_acc: 99.828% -- valid_acc: 86.030% -- train_time: 28.962s -- valid_time: 5.324s -- train_loss: 2.605 -- valid_loss: 78.301
[130] train_acc: 99.838% -- valid_acc: 85.900% -- train_time: 29.098s -- valid_time: 5.362s -- train_loss: 2.477 -- valid_loss: 78.492
[131] train_acc: 99.825% -- valid_acc: 85.910% -- train_time: 28.874s -- valid_time: 5.413s -- train_loss: 2.642 -- valid_loss: 78.481
[132] train_acc: 99.830% -- valid_acc: 85.990% -- train_time: 29.033s -- valid_time: 5.360s -- train_loss: 2.530 -- valid_loss: 78.041
[133] train_acc: 99.838% -- valid_acc: 86.010% -- train_time: 29.072s -- valid_time: 5.370s -- train_loss: 2.255 -- valid_loss: 78.196
[134] train_acc: 99.830% -- valid_acc: 85.990% -- train_time: 29.182s -- valid_time: 5.349s -- train_loss: 2.444 -- valid_loss: 78.743
[135] train_acc: 99.812% -- valid_acc: 86.050% -- train_time: 29.057s -- valid_time: 5.419s -- train_loss: 2.452 -- valid_loss: 78.540
[136] train_acc: 99.873% -- valid_acc: 86.090% -- train_time: 28.972s -- valid_time: 5.453s -- train_loss: 2.174 -- valid_loss: 78.039
[137] train_acc: 99.855% -- valid_acc: 86.070% -- train_time: 28.955s -- valid_time: 5.378s -- train_loss: 2.211 -- valid_loss: 78.721
[138] train_acc: 99.890% -- valid_acc: 86.050% -- train_time: 28.971s -- valid_time: 5.392s -- train_loss: 1.998 -- valid_loss: 78.195
[139] train_acc: 99.828% -- valid_acc: 85.810% -- train_time: 29.220s -- valid_time: 5.375s -- train_loss: 2.316 -- valid_loss: 79.073
[140] train_acc: 99.870% -- valid_acc: 86.130% -- train_time: 29.053s -- valid_time: 5.351s -- train_loss: 2.093 -- valid_loss: 78.492
[141] train_acc: 99.882% -- valid_acc: 86.130% -- train_time: 28.941s -- valid_time: 5.365s -- train_loss: 2.005 -- valid_loss: 78.080
[142] train_acc: 99.855% -- valid_acc: 86.120% -- train_time: 28.994s -- valid_time: 5.364s -- train_loss: 2.022 -- valid_loss: 78.019
[143] train_acc: 99.868% -- valid_acc: 86.080% -- train_time: 29.047s -- valid_time: 5.409s -- train_loss: 1.941 -- valid_loss: 78.195
[144] train_acc: 99.897% -- valid_acc: 86.050% -- train_time: 29.125s -- valid_time: 5.416s -- train_loss: 1.791 -- valid_loss: 78.648
[145] train_acc: 99.870% -- valid_acc: 85.930% -- train_time: 29.128s -- valid_time: 5.414s -- train_loss: 2.006 -- valid_loss: 79.069
[146] train_acc: 99.860% -- valid_acc: 85.960% -- train_time: 29.143s -- valid_time: 5.395s -- train_loss: 1.975 -- valid_loss: 79.502
[147] train_acc: 99.888% -- valid_acc: 85.820% -- train_time: 29.169s -- valid_time: 5.393s -- train_loss: 1.889 -- valid_loss: 80.214
[148] train_acc: 99.880% -- valid_acc: 86.170% -- train_time: 29.030s -- valid_time: 5.363s -- train_loss: 1.838 -- valid_loss: 78.813
[149] train_acc: 99.835% -- valid_acc: 86.240% -- train_time: 28.932s -- valid_time: 5.401s -- train_loss: 2.221 -- valid_loss: 78.366
[150] train_acc: 99.870% -- valid_acc: 86.060% -- train_time: 28.938s -- valid_time: 5.421s -- train_loss: 1.938 -- valid_loss: 78.579
[151] train_acc: 99.870% -- valid_acc: 86.100% -- train_time: 28.940s -- valid_time: 5.396s -- train_loss: 1.819 -- valid_loss: 78.889
[152] train_acc: 99.855% -- valid_acc: 86.150% -- train_time: 28.875s -- valid_time: 5.398s -- train_loss: 2.014 -- valid_loss: 78.451
[153] train_acc: 99.912% -- valid_acc: 86.050% -- train_time: 29.178s -- valid_time: 5.389s -- train_loss: 1.724 -- valid_loss: 78.657
[154] train_acc: 99.912% -- valid_acc: 85.970% -- train_time: 29.188s -- valid_time: 5.408s -- train_loss: 1.758 -- valid_loss: 78.828
[155] train_acc: 99.890% -- valid_acc: 86.240% -- train_time: 29.069s -- valid_time: 5.444s -- train_loss: 1.761 -- valid_loss: 79.091
[156] train_acc: 99.880% -- valid_acc: 86.210% -- train_time: 29.080s -- valid_time: 5.393s -- train_loss: 1.787 -- valid_loss: 78.851
[157] train_acc: 99.862% -- valid_acc: 85.990% -- train_time: 29.227s -- valid_time: 5.394s -- train_loss: 1.942 -- valid_loss: 79.524
[158] train_acc: 99.885% -- valid_acc: 85.950% -- train_time: 29.152s -- valid_time: 5.387s -- train_loss: 1.890 -- valid_loss: 79.763
[159] train_acc: 99.907% -- valid_acc: 86.010% -- train_time: 29.040s -- valid_time: 5.382s -- train_loss: 1.724 -- valid_loss: 79.609
[160] train_acc: 99.885% -- valid_acc: 86.120% -- train_time: 29.001s -- valid_time: 5.375s -- train_loss: 1.794 -- valid_loss: 79.765
[161] train_acc: 99.888% -- valid_acc: 86.280% -- train_time: 29.218s -- valid_time: 5.386s -- train_loss: 1.743 -- valid_loss: 80.205
[162] train_acc: 99.927% -- valid_acc: 85.920% -- train_time: 29.006s -- valid_time: 5.379s -- train_loss: 1.548 -- valid_loss: 80.026
[163] train_acc: 99.897% -- valid_acc: 86.040% -- train_time: 29.121s -- valid_time: 5.405s -- train_loss: 1.796 -- valid_loss: 79.189
[164] train_acc: 99.895% -- valid_acc: 86.110% -- train_time: 29.053s -- valid_time: 5.447s -- train_loss: 1.658 -- valid_loss: 79.689
[165] train_acc: 99.918% -- valid_acc: 86.240% -- train_time: 29.176s -- valid_time: 5.395s -- train_loss: 1.596 -- valid_loss: 79.241
[166] train_acc: 99.897% -- valid_acc: 86.140% -- train_time: 29.148s -- valid_time: 5.392s -- train_loss: 1.726 -- valid_loss: 79.252
[167] train_acc: 99.900% -- valid_acc: 86.130% -- train_time: 29.111s -- valid_time: 5.415s -- train_loss: 1.627 -- valid_loss: 79.323
[168] train_acc: 99.875% -- valid_acc: 86.300% -- train_time: 29.032s -- valid_time: 5.406s -- train_loss: 1.722 -- valid_loss: 78.958
[169] train_acc: 99.900% -- valid_acc: 86.100% -- train_time: 29.054s -- valid_time: 5.464s -- train_loss: 1.714 -- valid_loss: 79.310
[170] train_acc: 99.890% -- valid_acc: 86.130% -- train_time: 28.972s -- valid_time: 5.383s -- train_loss: 1.575 -- valid_loss: 79.215
[171] train_acc: 99.925% -- valid_acc: 86.170% -- train_time: 29.009s -- valid_time: 5.364s -- train_loss: 1.627 -- valid_loss: 79.215
[172] train_acc: 99.892% -- valid_acc: 86.050% -- train_time: 28.850s -- valid_time: 5.402s -- train_loss: 1.752 -- valid_loss: 79.330
[173] train_acc: 99.905% -- valid_acc: 86.100% -- train_time: 29.157s -- valid_time: 5.404s -- train_loss: 1.630 -- valid_loss: 79.482
[174] train_acc: 99.905% -- valid_acc: 86.050% -- train_time: 29.230s -- valid_time: 5.382s -- train_loss: 1.629 -- valid_loss: 79.350
[175] train_acc: 99.905% -- valid_acc: 86.200% -- train_time: 29.114s -- valid_time: 5.404s -- train_loss: 1.649 -- valid_loss: 79.219
[176] train_acc: 99.895% -- valid_acc: 86.310% -- train_time: 29.270s -- valid_time: 5.399s -- train_loss: 1.640 -- valid_loss: 79.509
[177] train_acc: 99.865% -- valid_acc: 85.980% -- train_time: 29.102s -- valid_time: 5.388s -- train_loss: 1.727 -- valid_loss: 79.612
[178] train_acc: 99.907% -- valid_acc: 86.210% -- train_time: 29.052s -- valid_time: 5.420s -- train_loss: 1.570 -- valid_loss: 78.911
[179] train_acc: 99.912% -- valid_acc: 86.150% -- train_time: 29.083s -- valid_time: 5.397s -- train_loss: 1.661 -- valid_loss: 79.400
[180] train_acc: 99.905% -- valid_acc: 86.130% -- train_time: 29.198s -- valid_time: 5.390s -- train_loss: 1.614 -- valid_loss: 78.972
[181] train_acc: 99.918% -- valid_acc: 86.070% -- train_time: 29.240s -- valid_time: 5.441s -- train_loss: 1.448 -- valid_loss: 79.579
[182] train_acc: 99.918% -- valid_acc: 86.170% -- train_time: 29.264s -- valid_time: 5.418s -- train_loss: 1.449 -- valid_loss: 79.615
[183] train_acc: 99.930% -- valid_acc: 86.180% -- train_time: 29.088s -- valid_time: 5.404s -- train_loss: 1.442 -- valid_loss: 78.684
[184] train_acc: 99.903% -- valid_acc: 86.160% -- train_time: 29.113s -- valid_time: 5.405s -- train_loss: 1.520 -- valid_loss: 79.149
[185] train_acc: 99.910% -- valid_acc: 86.060% -- train_time: 29.180s -- valid_time: 5.472s -- train_loss: 1.517 -- valid_loss: 79.204
[186] train_acc: 99.907% -- valid_acc: 86.140% -- train_time: 29.298s -- valid_time: 5.422s -- train_loss: 1.701 -- valid_loss: 79.224
[187] train_acc: 99.903% -- valid_acc: 86.100% -- train_time: 29.224s -- valid_time: 5.396s -- train_loss: 1.535 -- valid_loss: 79.559
[188] train_acc: 99.935% -- valid_acc: 86.110% -- train_time: 29.090s -- valid_time: 5.478s -- train_loss: 1.427 -- valid_loss: 79.332
[189] train_acc: 99.925% -- valid_acc: 86.010% -- train_time: 29.207s -- valid_time: 5.385s -- train_loss: 1.535 -- valid_loss: 79.225
[190] train_acc: 99.927% -- valid_acc: 86.240% -- train_time: 29.195s -- valid_time: 5.444s -- train_loss: 1.476 -- valid_loss: 78.773
[191] train_acc: 99.905% -- valid_acc: 86.280% -- train_time: 28.865s -- valid_time: 5.413s -- train_loss: 1.534 -- valid_loss: 79.230
[192] train_acc: 99.915% -- valid_acc: 86.070% -- train_time: 29.088s -- valid_time: 5.463s -- train_loss: 1.533 -- valid_loss: 79.271
[193] train_acc: 99.957% -- valid_acc: 86.240% -- train_time: 29.138s -- valid_time: 5.434s -- train_loss: 1.271 -- valid_loss: 79.391
[194] train_acc: 99.922% -- valid_acc: 86.130% -- train_time: 29.172s -- valid_time: 5.407s -- train_loss: 1.449 -- valid_loss: 79.278
[195] train_acc: 99.918% -- valid_acc: 86.200% -- train_time: 29.136s -- valid_time: 5.427s -- train_loss: 1.461 -- valid_loss: 79.072
[196] train_acc: 99.915% -- valid_acc: 86.150% -- train_time: 29.260s -- valid_time: 5.440s -- train_loss: 1.476 -- valid_loss: 79.017
[197] train_acc: 99.907% -- valid_acc: 86.190% -- train_time: 29.030s -- valid_time: 5.418s -- train_loss: 1.589 -- valid_loss: 79.190
[198] train_acc: 99.907% -- valid_acc: 86.110% -- train_time: 29.198s -- valid_time: 5.413s -- train_loss: 1.510 -- valid_loss: 79.283
[199] train_acc: 99.907% -- valid_acc: 86.220% -- train_time: 29.094s -- valid_time: 5.394s -- train_loss: 1.514 -- valid_loss: 79.314
[200] train_acc: 99.920% -- valid_acc: 86.220% -- train_time: 29.058s -- valid_time: 5.435s -- train_loss: 1.482 -- valid_loss: 79.133
test_acc: [85.21]
Finished ReLU
SqueezeNet CIFAR10 trial complete
