Files already downloaded and verified
40000
Files already downloaded and verified
10000
Files already downloaded and verified
[1] train_acc: 41.740% -- valid_acc: 48.150% -- train_time: 32.274s -- valid_time: 5.659s -- train_loss: 527.396 -- valid_loss: 183.882
[2] train_acc: 53.928% -- valid_acc: 54.810% -- train_time: 30.848s -- valid_time: 5.648s -- train_loss: 400.386 -- valid_loss: 159.931
[3] train_acc: 60.087% -- valid_acc: 60.090% -- train_time: 30.776s -- valid_time: 5.651s -- train_loss: 347.067 -- valid_loss: 143.488
[4] train_acc: 64.817% -- valid_acc: 63.080% -- train_time: 30.824s -- valid_time: 5.649s -- train_loss: 310.418 -- valid_loss: 133.247
[5] train_acc: 67.785% -- valid_acc: 66.940% -- train_time: 30.683s -- valid_time: 5.668s -- train_loss: 285.100 -- valid_loss: 120.157
[6] train_acc: 70.062% -- valid_acc: 69.860% -- train_time: 30.793s -- valid_time: 5.660s -- train_loss: 264.842 -- valid_loss: 108.404
[7] train_acc: 71.985% -- valid_acc: 68.150% -- train_time: 30.708s -- valid_time: 5.641s -- train_loss: 246.782 -- valid_loss: 117.052
[8] train_acc: 73.740% -- valid_acc: 70.730% -- train_time: 30.770s -- valid_time: 5.682s -- train_loss: 233.575 -- valid_loss: 107.215
[9] train_acc: 75.243% -- valid_acc: 69.400% -- train_time: 30.839s -- valid_time: 5.714s -- train_loss: 220.015 -- valid_loss: 112.973
[10] train_acc: 76.500% -- valid_acc: 74.190% -- train_time: 30.743s -- valid_time: 5.644s -- train_loss: 209.992 -- valid_loss: 96.357
[11] train_acc: 77.608% -- valid_acc: 72.290% -- train_time: 30.785s -- valid_time: 5.666s -- train_loss: 198.613 -- valid_loss: 102.860
[12] train_acc: 78.305% -- valid_acc: 71.670% -- train_time: 30.674s -- valid_time: 5.704s -- train_loss: 190.127 -- valid_loss: 106.475
[13] train_acc: 79.397% -- valid_acc: 72.110% -- train_time: 30.798s -- valid_time: 5.664s -- train_loss: 181.804 -- valid_loss: 103.247
[14] train_acc: 80.165% -- valid_acc: 76.330% -- train_time: 30.781s -- valid_time: 5.656s -- train_loss: 174.857 -- valid_loss: 87.714
[15] train_acc: 81.020% -- valid_acc: 74.350% -- train_time: 30.818s -- valid_time: 5.656s -- train_loss: 167.059 -- valid_loss: 100.459
[16] train_acc: 81.765% -- valid_acc: 74.680% -- train_time: 30.708s -- valid_time: 5.672s -- train_loss: 160.659 -- valid_loss: 97.627
[17] train_acc: 82.365% -- valid_acc: 74.390% -- train_time: 30.765s -- valid_time: 5.722s -- train_loss: 156.573 -- valid_loss: 98.856
[18] train_acc: 83.035% -- valid_acc: 77.660% -- train_time: 30.804s -- valid_time: 5.706s -- train_loss: 150.387 -- valid_loss: 83.363
[19] train_acc: 83.470% -- valid_acc: 77.320% -- train_time: 30.970s -- valid_time: 5.665s -- train_loss: 145.331 -- valid_loss: 86.695
[20] train_acc: 84.015% -- valid_acc: 77.300% -- train_time: 30.713s -- valid_time: 5.657s -- train_loss: 141.096 -- valid_loss: 87.875
[21] train_acc: 84.650% -- valid_acc: 79.080% -- train_time: 30.788s -- valid_time: 5.676s -- train_loss: 136.022 -- valid_loss: 80.879
[22] train_acc: 85.000% -- valid_acc: 78.000% -- train_time: 30.789s -- valid_time: 5.666s -- train_loss: 131.742 -- valid_loss: 86.719
[23] train_acc: 85.520% -- valid_acc: 78.580% -- train_time: 30.851s -- valid_time: 5.648s -- train_loss: 126.726 -- valid_loss: 82.741
[24] train_acc: 85.920% -- valid_acc: 77.040% -- train_time: 30.749s -- valid_time: 5.646s -- train_loss: 124.403 -- valid_loss: 92.430
[25] train_acc: 85.800% -- valid_acc: 78.470% -- train_time: 30.697s -- valid_time: 5.711s -- train_loss: 124.056 -- valid_loss: 84.927
[26] train_acc: 86.285% -- valid_acc: 77.740% -- train_time: 30.718s -- valid_time: 5.626s -- train_loss: 120.213 -- valid_loss: 85.536
[27] train_acc: 86.670% -- valid_acc: 77.300% -- train_time: 30.729s -- valid_time: 5.977s -- train_loss: 117.133 -- valid_loss: 90.093
[28] train_acc: 87.170% -- valid_acc: 78.330% -- train_time: 30.738s -- valid_time: 5.651s -- train_loss: 112.572 -- valid_loss: 84.143
[29] train_acc: 87.350% -- valid_acc: 78.800% -- train_time: 30.806s -- valid_time: 5.659s -- train_loss: 111.824 -- valid_loss: 83.910
[30] train_acc: 87.692% -- valid_acc: 73.770% -- train_time: 30.751s -- valid_time: 5.679s -- train_loss: 108.634 -- valid_loss: 115.587
[31] train_acc: 87.802% -- valid_acc: 79.170% -- train_time: 30.899s -- valid_time: 5.665s -- train_loss: 106.969 -- valid_loss: 84.852
[32] train_acc: 88.157% -- valid_acc: 81.020% -- train_time: 30.854s -- valid_time: 5.669s -- train_loss: 105.461 -- valid_loss: 75.630
[33] train_acc: 88.480% -- valid_acc: 79.150% -- train_time: 30.753s -- valid_time: 5.776s -- train_loss: 101.713 -- valid_loss: 84.603
[34] train_acc: 88.470% -- valid_acc: 77.930% -- train_time: 30.803s -- valid_time: 5.646s -- train_loss: 100.653 -- valid_loss: 94.525
[35] train_acc: 88.375% -- valid_acc: 79.620% -- train_time: 30.737s -- valid_time: 5.693s -- train_loss: 101.273 -- valid_loss: 81.512
[36] train_acc: 88.582% -- valid_acc: 78.180% -- train_time: 30.820s -- valid_time: 5.658s -- train_loss: 99.469 -- valid_loss: 88.198
[37] train_acc: 88.707% -- valid_acc: 78.610% -- train_time: 30.863s -- valid_time: 5.669s -- train_loss: 97.631 -- valid_loss: 89.678
[38] train_acc: 89.380% -- valid_acc: 79.420% -- train_time: 30.792s -- valid_time: 5.672s -- train_loss: 92.494 -- valid_loss: 86.123
[39] train_acc: 89.175% -- valid_acc: 75.140% -- train_time: 30.702s -- valid_time: 5.654s -- train_loss: 95.192 -- valid_loss: 105.719
[40] train_acc: 89.255% -- valid_acc: 79.660% -- train_time: 30.726s -- valid_time: 5.650s -- train_loss: 94.022 -- valid_loss: 85.201
[41] train_acc: 89.543% -- valid_acc: 78.430% -- train_time: 30.610s -- valid_time: 5.661s -- train_loss: 91.182 -- valid_loss: 92.045
[42] train_acc: 89.805% -- valid_acc: 78.940% -- train_time: 30.777s -- valid_time: 5.649s -- train_loss: 90.500 -- valid_loss: 90.160
[43] train_acc: 89.692% -- valid_acc: 80.670% -- train_time: 30.730s -- valid_time: 5.981s -- train_loss: 90.337 -- valid_loss: 82.130
[44] train_acc: 89.718% -- valid_acc: 80.370% -- train_time: 30.806s -- valid_time: 5.630s -- train_loss: 89.952 -- valid_loss: 85.505
[45] train_acc: 90.022% -- valid_acc: 77.440% -- train_time: 30.743s -- valid_time: 5.687s -- train_loss: 88.187 -- valid_loss: 97.894
[46] train_acc: 90.080% -- valid_acc: 79.320% -- train_time: 30.706s -- valid_time: 5.637s -- train_loss: 87.382 -- valid_loss: 88.856
[47] train_acc: 90.080% -- valid_acc: 77.440% -- train_time: 30.799s -- valid_time: 5.640s -- train_loss: 87.574 -- valid_loss: 100.867
[48] train_acc: 90.205% -- valid_acc: 80.940% -- train_time: 30.860s -- valid_time: 5.666s -- train_loss: 86.649 -- valid_loss: 81.326
[49] train_acc: 90.062% -- valid_acc: 81.670% -- train_time: 30.817s -- valid_time: 5.659s -- train_loss: 86.900 -- valid_loss: 78.524
[50] train_acc: 90.317% -- valid_acc: 77.230% -- train_time: 30.709s -- valid_time: 5.640s -- train_loss: 84.865 -- valid_loss: 100.174
[51] train_acc: 90.088% -- valid_acc: 76.610% -- train_time: 30.745s -- valid_time: 5.656s -- train_loss: 86.038 -- valid_loss: 104.399
[52] train_acc: 90.425% -- valid_acc: 79.260% -- train_time: 30.829s -- valid_time: 5.702s -- train_loss: 83.932 -- valid_loss: 89.395
[53] train_acc: 90.200% -- valid_acc: 80.820% -- train_time: 30.769s -- valid_time: 5.650s -- train_loss: 85.731 -- valid_loss: 81.611
[54] train_acc: 90.537% -- valid_acc: 81.660% -- train_time: 30.805s -- valid_time: 5.713s -- train_loss: 82.867 -- valid_loss: 78.682
[55] train_acc: 90.435% -- valid_acc: 81.370% -- train_time: 30.726s -- valid_time: 5.667s -- train_loss: 83.692 -- valid_loss: 78.396
[56] train_acc: 90.400% -- valid_acc: 80.560% -- train_time: 30.770s -- valid_time: 5.696s -- train_loss: 83.701 -- valid_loss: 79.969
[57] train_acc: 90.685% -- valid_acc: 81.220% -- train_time: 30.714s -- valid_time: 5.687s -- train_loss: 81.683 -- valid_loss: 81.162
[58] train_acc: 90.615% -- valid_acc: 81.330% -- train_time: 30.721s -- valid_time: 5.649s -- train_loss: 83.051 -- valid_loss: 79.028
[59] train_acc: 90.608% -- valid_acc: 80.260% -- train_time: 30.800s -- valid_time: 5.679s -- train_loss: 81.865 -- valid_loss: 84.219
[60] train_acc: 90.610% -- valid_acc: 82.850% -- train_time: 30.735s -- valid_time: 5.672s -- train_loss: 81.721 -- valid_loss: 72.676
[61] train_acc: 95.910% -- valid_acc: 86.750% -- train_time: 30.680s -- valid_time: 5.680s -- train_loss: 39.654 -- valid_loss: 55.625
[62] train_acc: 97.120% -- valid_acc: 86.560% -- train_time: 30.732s -- valid_time: 5.700s -- train_loss: 29.072 -- valid_loss: 57.489
[63] train_acc: 97.535% -- valid_acc: 86.660% -- train_time: 30.769s -- valid_time: 5.686s -- train_loss: 24.902 -- valid_loss: 58.745
[64] train_acc: 97.978% -- valid_acc: 86.730% -- train_time: 30.857s -- valid_time: 5.682s -- train_loss: 21.516 -- valid_loss: 59.797
[65] train_acc: 98.000% -- valid_acc: 86.350% -- train_time: 30.742s -- valid_time: 5.652s -- train_loss: 20.853 -- valid_loss: 61.665
[66] train_acc: 98.168% -- valid_acc: 86.330% -- train_time: 30.774s -- valid_time: 5.683s -- train_loss: 19.126 -- valid_loss: 61.579
[67] train_acc: 98.410% -- valid_acc: 86.480% -- train_time: 30.956s -- valid_time: 5.701s -- train_loss: 17.266 -- valid_loss: 63.723
[68] train_acc: 98.517% -- valid_acc: 86.540% -- train_time: 30.815s -- valid_time: 5.670s -- train_loss: 16.652 -- valid_loss: 64.473
[69] train_acc: 98.448% -- valid_acc: 86.210% -- train_time: 30.733s -- valid_time: 5.714s -- train_loss: 16.220 -- valid_loss: 65.433
[70] train_acc: 98.632% -- valid_acc: 86.540% -- train_time: 30.681s -- valid_time: 5.675s -- train_loss: 15.240 -- valid_loss: 66.074
[71] train_acc: 98.670% -- valid_acc: 86.450% -- train_time: 30.716s -- valid_time: 5.659s -- train_loss: 14.991 -- valid_loss: 66.434
[72] train_acc: 98.632% -- valid_acc: 86.540% -- train_time: 30.744s -- valid_time: 5.664s -- train_loss: 14.436 -- valid_loss: 66.508
[73] train_acc: 98.655% -- valid_acc: 86.390% -- train_time: 30.774s -- valid_time: 5.695s -- train_loss: 14.054 -- valid_loss: 67.338
[74] train_acc: 98.695% -- valid_acc: 86.050% -- train_time: 30.878s -- valid_time: 5.707s -- train_loss: 13.509 -- valid_loss: 69.274
[75] train_acc: 98.775% -- valid_acc: 86.380% -- train_time: 30.897s -- valid_time: 5.733s -- train_loss: 12.991 -- valid_loss: 68.027
[76] train_acc: 98.713% -- valid_acc: 86.180% -- train_time: 30.728s -- valid_time: 5.688s -- train_loss: 13.408 -- valid_loss: 69.005
[77] train_acc: 98.802% -- valid_acc: 86.180% -- train_time: 30.765s -- valid_time: 5.707s -- train_loss: 12.416 -- valid_loss: 71.423
[78] train_acc: 98.830% -- valid_acc: 86.650% -- train_time: 30.706s -- valid_time: 5.675s -- train_loss: 12.773 -- valid_loss: 67.794
[79] train_acc: 98.810% -- valid_acc: 86.540% -- train_time: 30.932s -- valid_time: 5.656s -- train_loss: 12.183 -- valid_loss: 69.312
[80] train_acc: 98.875% -- valid_acc: 86.320% -- train_time: 30.763s -- valid_time: 5.648s -- train_loss: 11.798 -- valid_loss: 69.775
[81] train_acc: 98.828% -- valid_acc: 86.210% -- train_time: 30.907s -- valid_time: 5.670s -- train_loss: 12.000 -- valid_loss: 72.807
[82] train_acc: 98.907% -- valid_acc: 85.660% -- train_time: 30.859s -- valid_time: 5.674s -- train_loss: 11.681 -- valid_loss: 75.880
[83] train_acc: 98.910% -- valid_acc: 86.540% -- train_time: 30.823s -- valid_time: 5.702s -- train_loss: 11.294 -- valid_loss: 69.546
[84] train_acc: 99.020% -- valid_acc: 86.170% -- train_time: 30.762s -- valid_time: 5.660s -- train_loss: 10.709 -- valid_loss: 71.343
[85] train_acc: 98.918% -- valid_acc: 86.380% -- train_time: 30.791s -- valid_time: 5.690s -- train_loss: 11.340 -- valid_loss: 71.037
[86] train_acc: 98.873% -- valid_acc: 86.110% -- train_time: 30.780s -- valid_time: 6.011s -- train_loss: 11.798 -- valid_loss: 70.855
[87] train_acc: 99.085% -- valid_acc: 86.230% -- train_time: 30.914s -- valid_time: 5.670s -- train_loss: 10.193 -- valid_loss: 69.873
[88] train_acc: 99.022% -- valid_acc: 85.890% -- train_time: 30.940s -- valid_time: 5.693s -- train_loss: 10.685 -- valid_loss: 74.584
[89] train_acc: 98.998% -- valid_acc: 86.450% -- train_time: 30.875s -- valid_time: 5.690s -- train_loss: 10.474 -- valid_loss: 71.590
[90] train_acc: 98.953% -- valid_acc: 86.330% -- train_time: 30.741s -- valid_time: 5.658s -- train_loss: 10.570 -- valid_loss: 72.665
[91] train_acc: 98.990% -- valid_acc: 85.960% -- train_time: 30.892s -- valid_time: 5.675s -- train_loss: 10.665 -- valid_loss: 75.498
[92] train_acc: 99.047% -- valid_acc: 86.040% -- train_time: 30.759s -- valid_time: 5.660s -- train_loss: 10.414 -- valid_loss: 73.720
[93] train_acc: 98.910% -- valid_acc: 86.000% -- train_time: 30.810s -- valid_time: 5.649s -- train_loss: 11.120 -- valid_loss: 73.919
[94] train_acc: 98.933% -- valid_acc: 85.680% -- train_time: 30.839s -- valid_time: 5.676s -- train_loss: 10.995 -- valid_loss: 75.710
[95] train_acc: 99.022% -- valid_acc: 86.310% -- train_time: 30.868s -- valid_time: 5.743s -- train_loss: 10.197 -- valid_loss: 71.756
[96] train_acc: 99.000% -- valid_acc: 86.170% -- train_time: 30.869s -- valid_time: 5.641s -- train_loss: 10.468 -- valid_loss: 73.916
[97] train_acc: 99.100% -- valid_acc: 85.790% -- train_time: 30.741s -- valid_time: 5.663s -- train_loss: 9.752 -- valid_loss: 74.975
[98] train_acc: 99.028% -- valid_acc: 86.040% -- train_time: 30.967s -- valid_time: 6.032s -- train_loss: 10.237 -- valid_loss: 74.442
[99] train_acc: 98.993% -- valid_acc: 86.000% -- train_time: 30.989s -- valid_time: 5.645s -- train_loss: 10.586 -- valid_loss: 76.290
[100] train_acc: 98.817% -- valid_acc: 85.770% -- train_time: 30.815s -- valid_time: 5.691s -- train_loss: 11.802 -- valid_loss: 75.140
[101] train_acc: 98.975% -- valid_acc: 85.630% -- train_time: 30.872s -- valid_time: 5.691s -- train_loss: 10.844 -- valid_loss: 77.122
[102] train_acc: 99.002% -- valid_acc: 86.070% -- train_time: 30.897s -- valid_time: 5.681s -- train_loss: 10.392 -- valid_loss: 75.013
[103] train_acc: 98.938% -- valid_acc: 86.170% -- train_time: 30.837s -- valid_time: 5.659s -- train_loss: 10.465 -- valid_loss: 74.002
[104] train_acc: 98.960% -- valid_acc: 86.010% -- train_time: 30.902s -- valid_time: 5.658s -- train_loss: 10.956 -- valid_loss: 74.169
[105] train_acc: 98.983% -- valid_acc: 86.350% -- train_time: 30.734s -- valid_time: 5.664s -- train_loss: 10.682 -- valid_loss: 72.998
[106] train_acc: 99.037% -- valid_acc: 85.970% -- train_time: 30.817s -- valid_time: 5.688s -- train_loss: 10.185 -- valid_loss: 75.338
[107] train_acc: 99.005% -- valid_acc: 86.090% -- train_time: 30.779s -- valid_time: 5.665s -- train_loss: 10.362 -- valid_loss: 75.571
[108] train_acc: 98.960% -- valid_acc: 86.080% -- train_time: 30.843s -- valid_time: 5.662s -- train_loss: 11.065 -- valid_loss: 75.452
[109] train_acc: 98.895% -- valid_acc: 85.680% -- train_time: 30.793s -- valid_time: 5.679s -- train_loss: 11.010 -- valid_loss: 75.731
[110] train_acc: 98.995% -- valid_acc: 85.880% -- train_time: 30.838s -- valid_time: 5.683s -- train_loss: 10.317 -- valid_loss: 74.926
[111] train_acc: 98.915% -- valid_acc: 85.560% -- train_time: 30.953s -- valid_time: 5.661s -- train_loss: 11.497 -- valid_loss: 77.495
[112] train_acc: 99.017% -- valid_acc: 85.610% -- train_time: 30.790s -- valid_time: 5.685s -- train_loss: 10.183 -- valid_loss: 76.035
[113] train_acc: 98.810% -- valid_acc: 85.890% -- train_time: 30.890s -- valid_time: 5.668s -- train_loss: 11.769 -- valid_loss: 76.723
[114] train_acc: 98.795% -- valid_acc: 85.790% -- train_time: 30.903s -- valid_time: 5.650s -- train_loss: 11.844 -- valid_loss: 78.164
[115] train_acc: 98.733% -- valid_acc: 85.560% -- train_time: 30.866s -- valid_time: 5.640s -- train_loss: 12.222 -- valid_loss: 76.922
[116] train_acc: 98.930% -- valid_acc: 85.600% -- train_time: 30.894s -- valid_time: 5.628s -- train_loss: 11.569 -- valid_loss: 74.726
[117] train_acc: 98.880% -- valid_acc: 86.070% -- train_time: 30.830s -- valid_time: 5.678s -- train_loss: 11.192 -- valid_loss: 74.613
[118] train_acc: 98.763% -- valid_acc: 85.390% -- train_time: 30.955s -- valid_time: 5.676s -- train_loss: 12.418 -- valid_loss: 78.288
[119] train_acc: 98.965% -- valid_acc: 85.350% -- train_time: 30.995s -- valid_time: 5.670s -- train_loss: 11.123 -- valid_loss: 78.009
[120] train_acc: 98.897% -- valid_acc: 84.240% -- train_time: 30.983s -- valid_time: 6.454s -- train_loss: 11.421 -- valid_loss: 83.824
[121] train_acc: 99.345% -- valid_acc: 86.840% -- train_time: 30.825s -- valid_time: 5.653s -- train_loss: 7.539 -- valid_loss: 69.154
[122] train_acc: 99.670% -- valid_acc: 86.950% -- train_time: 30.817s -- valid_time: 5.642s -- train_loss: 4.845 -- valid_loss: 69.363
[123] train_acc: 99.720% -- valid_acc: 86.870% -- train_time: 30.749s -- valid_time: 5.644s -- train_loss: 4.143 -- valid_loss: 69.322
[124] train_acc: 99.785% -- valid_acc: 87.100% -- train_time: 30.695s -- valid_time: 5.680s -- train_loss: 3.745 -- valid_loss: 68.688
[125] train_acc: 99.782% -- valid_acc: 87.060% -- train_time: 30.939s -- valid_time: 5.642s -- train_loss: 3.714 -- valid_loss: 69.303
[126] train_acc: 99.810% -- valid_acc: 87.100% -- train_time: 30.798s -- valid_time: 5.664s -- train_loss: 3.357 -- valid_loss: 69.363
[127] train_acc: 99.800% -- valid_acc: 86.950% -- train_time: 30.845s -- valid_time: 5.658s -- train_loss: 3.417 -- valid_loss: 69.965
[128] train_acc: 99.797% -- valid_acc: 87.040% -- train_time: 30.776s -- valid_time: 5.646s -- train_loss: 3.398 -- valid_loss: 70.513
[129] train_acc: 99.823% -- valid_acc: 87.010% -- train_time: 30.743s -- valid_time: 5.654s -- train_loss: 3.203 -- valid_loss: 70.000
[130] train_acc: 99.767% -- valid_acc: 87.060% -- train_time: 30.747s -- valid_time: 5.711s -- train_loss: 3.274 -- valid_loss: 70.465
[131] train_acc: 99.865% -- valid_acc: 86.970% -- train_time: 30.861s -- valid_time: 5.652s -- train_loss: 2.747 -- valid_loss: 70.088
[132] train_acc: 99.835% -- valid_acc: 87.020% -- train_time: 30.718s -- valid_time: 5.644s -- train_loss: 2.981 -- valid_loss: 69.803
[133] train_acc: 99.843% -- valid_acc: 86.900% -- train_time: 30.749s -- valid_time: 5.640s -- train_loss: 2.901 -- valid_loss: 70.390
[134] train_acc: 99.860% -- valid_acc: 87.060% -- train_time: 30.887s -- valid_time: 5.649s -- train_loss: 2.722 -- valid_loss: 70.478
[135] train_acc: 99.853% -- valid_acc: 87.030% -- train_time: 30.901s -- valid_time: 5.624s -- train_loss: 2.719 -- valid_loss: 70.611
[136] train_acc: 99.877% -- valid_acc: 87.040% -- train_time: 30.745s -- valid_time: 5.660s -- train_loss: 2.613 -- valid_loss: 70.662
[137] train_acc: 99.828% -- valid_acc: 87.080% -- train_time: 30.786s -- valid_time: 5.660s -- train_loss: 2.750 -- valid_loss: 71.019
[138] train_acc: 99.895% -- valid_acc: 87.210% -- train_time: 30.824s -- valid_time: 5.641s -- train_loss: 2.567 -- valid_loss: 70.224
[139] train_acc: 99.892% -- valid_acc: 86.900% -- train_time: 30.810s -- valid_time: 5.639s -- train_loss: 2.533 -- valid_loss: 70.264
[140] train_acc: 99.892% -- valid_acc: 87.130% -- train_time: 30.722s -- valid_time: 5.669s -- train_loss: 2.438 -- valid_loss: 70.576
[141] train_acc: 99.888% -- valid_acc: 86.950% -- train_time: 30.907s -- valid_time: 5.684s -- train_loss: 2.406 -- valid_loss: 70.866
[142] train_acc: 99.865% -- valid_acc: 87.020% -- train_time: 30.763s -- valid_time: 5.646s -- train_loss: 2.570 -- valid_loss: 71.299
[143] train_acc: 99.873% -- valid_acc: 87.140% -- train_time: 30.871s -- valid_time: 5.653s -- train_loss: 2.484 -- valid_loss: 71.070
[144] train_acc: 99.868% -- valid_acc: 86.950% -- train_time: 30.821s -- valid_time: 5.671s -- train_loss: 2.423 -- valid_loss: 71.859
[145] train_acc: 99.880% -- valid_acc: 87.070% -- train_time: 30.798s -- valid_time: 5.669s -- train_loss: 2.396 -- valid_loss: 71.536
[146] train_acc: 99.870% -- valid_acc: 87.220% -- train_time: 30.861s -- valid_time: 5.658s -- train_loss: 2.416 -- valid_loss: 70.805
[147] train_acc: 99.880% -- valid_acc: 87.010% -- train_time: 30.820s -- valid_time: 5.693s -- train_loss: 2.453 -- valid_loss: 71.670
[148] train_acc: 99.900% -- valid_acc: 87.040% -- train_time: 30.864s -- valid_time: 5.641s -- train_loss: 2.368 -- valid_loss: 71.149
[149] train_acc: 99.885% -- valid_acc: 87.140% -- train_time: 30.897s -- valid_time: 5.659s -- train_loss: 2.325 -- valid_loss: 71.194
[150] train_acc: 99.895% -- valid_acc: 87.120% -- train_time: 30.872s -- valid_time: 5.659s -- train_loss: 2.402 -- valid_loss: 70.320
[151] train_acc: 99.875% -- valid_acc: 87.170% -- train_time: 30.634s -- valid_time: 5.664s -- train_loss: 2.395 -- valid_loss: 70.679
[152] train_acc: 99.918% -- valid_acc: 87.000% -- train_time: 30.786s -- valid_time: 5.665s -- train_loss: 2.153 -- valid_loss: 71.312
[153] train_acc: 99.905% -- valid_acc: 87.130% -- train_time: 30.793s -- valid_time: 5.667s -- train_loss: 2.187 -- valid_loss: 71.843
[154] train_acc: 99.912% -- valid_acc: 87.210% -- train_time: 30.793s -- valid_time: 5.640s -- train_loss: 2.110 -- valid_loss: 71.219
[155] train_acc: 99.892% -- valid_acc: 87.130% -- train_time: 30.860s -- valid_time: 5.668s -- train_loss: 2.230 -- valid_loss: 71.237
[156] train_acc: 99.918% -- valid_acc: 87.220% -- train_time: 30.737s -- valid_time: 5.694s -- train_loss: 2.118 -- valid_loss: 71.348
[157] train_acc: 99.907% -- valid_acc: 87.150% -- train_time: 30.834s -- valid_time: 5.661s -- train_loss: 2.114 -- valid_loss: 71.392
[158] train_acc: 99.892% -- valid_acc: 87.120% -- train_time: 30.809s -- valid_time: 5.652s -- train_loss: 2.204 -- valid_loss: 71.537
[159] train_acc: 99.890% -- valid_acc: 87.220% -- train_time: 30.784s -- valid_time: 5.649s -- train_loss: 2.148 -- valid_loss: 71.362
[160] train_acc: 99.890% -- valid_acc: 87.240% -- train_time: 30.729s -- valid_time: 5.636s -- train_loss: 2.228 -- valid_loss: 71.247
[161] train_acc: 99.903% -- valid_acc: 87.200% -- train_time: 30.812s -- valid_time: 5.637s -- train_loss: 2.190 -- valid_loss: 71.227
[162] train_acc: 99.900% -- valid_acc: 87.210% -- train_time: 30.731s -- valid_time: 5.646s -- train_loss: 1.895 -- valid_loss: 71.211
[163] train_acc: 99.915% -- valid_acc: 87.240% -- train_time: 30.765s -- valid_time: 5.682s -- train_loss: 2.044 -- valid_loss: 70.948
[164] train_acc: 99.910% -- valid_acc: 87.230% -- train_time: 30.908s -- valid_time: 5.699s -- train_loss: 1.990 -- valid_loss: 71.231
[165] train_acc: 99.948% -- valid_acc: 87.140% -- train_time: 30.748s -- valid_time: 5.687s -- train_loss: 1.827 -- valid_loss: 71.181
[166] train_acc: 99.945% -- valid_acc: 87.340% -- train_time: 30.871s -- valid_time: 5.688s -- train_loss: 1.824 -- valid_loss: 71.289
[167] train_acc: 99.915% -- valid_acc: 87.190% -- train_time: 30.772s -- valid_time: 5.660s -- train_loss: 1.991 -- valid_loss: 71.094
[168] train_acc: 99.942% -- valid_acc: 87.360% -- train_time: 30.721s -- valid_time: 5.664s -- train_loss: 1.760 -- valid_loss: 70.753
[169] train_acc: 99.927% -- valid_acc: 87.260% -- train_time: 30.804s -- valid_time: 5.669s -- train_loss: 1.814 -- valid_loss: 70.695
[170] train_acc: 99.945% -- valid_acc: 87.180% -- train_time: 30.819s -- valid_time: 5.642s -- train_loss: 1.755 -- valid_loss: 71.568
[171] train_acc: 99.918% -- valid_acc: 87.200% -- train_time: 30.789s -- valid_time: 5.668s -- train_loss: 1.789 -- valid_loss: 71.016
[172] train_acc: 99.933% -- valid_acc: 87.160% -- train_time: 30.729s -- valid_time: 5.669s -- train_loss: 1.872 -- valid_loss: 70.995
[173] train_acc: 99.942% -- valid_acc: 87.210% -- train_time: 30.753s -- valid_time: 5.696s -- train_loss: 1.748 -- valid_loss: 70.639
[174] train_acc: 99.922% -- valid_acc: 87.240% -- train_time: 30.728s -- valid_time: 5.688s -- train_loss: 1.820 -- valid_loss: 70.870
[175] train_acc: 99.948% -- valid_acc: 87.280% -- train_time: 30.817s -- valid_time: 5.663s -- train_loss: 1.711 -- valid_loss: 70.876
[176] train_acc: 99.933% -- valid_acc: 87.130% -- train_time: 30.759s -- valid_time: 5.687s -- train_loss: 1.826 -- valid_loss: 70.958
[177] train_acc: 99.940% -- valid_acc: 87.190% -- train_time: 30.938s -- valid_time: 5.653s -- train_loss: 1.761 -- valid_loss: 71.439
[178] train_acc: 99.933% -- valid_acc: 87.220% -- train_time: 30.731s -- valid_time: 5.654s -- train_loss: 1.782 -- valid_loss: 71.121
[179] train_acc: 99.922% -- valid_acc: 87.200% -- train_time: 30.705s -- valid_time: 5.992s -- train_loss: 1.798 -- valid_loss: 70.538
[180] train_acc: 99.912% -- valid_acc: 87.200% -- train_time: 30.747s -- valid_time: 5.643s -- train_loss: 1.877 -- valid_loss: 70.881
[181] train_acc: 99.935% -- valid_acc: 87.240% -- train_time: 30.793s -- valid_time: 5.686s -- train_loss: 1.685 -- valid_loss: 70.890
[182] train_acc: 99.927% -- valid_acc: 87.300% -- train_time: 30.679s -- valid_time: 5.693s -- train_loss: 1.786 -- valid_loss: 70.510
[183] train_acc: 99.938% -- valid_acc: 87.260% -- train_time: 30.903s -- valid_time: 5.665s -- train_loss: 1.790 -- valid_loss: 70.964
[184] train_acc: 99.933% -- valid_acc: 87.300% -- train_time: 30.913s -- valid_time: 5.692s -- train_loss: 1.777 -- valid_loss: 70.498
[185] train_acc: 99.930% -- valid_acc: 87.170% -- train_time: 30.842s -- valid_time: 5.662s -- train_loss: 1.773 -- valid_loss: 70.773
[186] train_acc: 99.933% -- valid_acc: 87.250% -- train_time: 30.747s -- valid_time: 5.664s -- train_loss: 1.746 -- valid_loss: 70.646
[187] train_acc: 99.957% -- valid_acc: 87.180% -- train_time: 30.766s -- valid_time: 5.670s -- train_loss: 1.627 -- valid_loss: 71.351
[188] train_acc: 99.950% -- valid_acc: 87.160% -- train_time: 30.675s -- valid_time: 5.650s -- train_loss: 1.683 -- valid_loss: 70.979
[189] train_acc: 99.942% -- valid_acc: 87.280% -- train_time: 30.599s -- valid_time: 5.715s -- train_loss: 1.718 -- valid_loss: 70.511
[190] train_acc: 99.948% -- valid_acc: 87.320% -- train_time: 30.856s -- valid_time: 5.673s -- train_loss: 1.669 -- valid_loss: 70.691
[191] train_acc: 99.925% -- valid_acc: 87.200% -- train_time: 30.754s -- valid_time: 5.656s -- train_loss: 1.686 -- valid_loss: 70.463
[192] train_acc: 99.955% -- valid_acc: 87.100% -- train_time: 30.682s -- valid_time: 5.656s -- train_loss: 1.641 -- valid_loss: 71.507
[193] train_acc: 99.938% -- valid_acc: 87.230% -- train_time: 30.817s -- valid_time: 5.662s -- train_loss: 1.744 -- valid_loss: 70.432
[194] train_acc: 99.950% -- valid_acc: 87.190% -- train_time: 30.672s -- valid_time: 5.684s -- train_loss: 1.688 -- valid_loss: 70.920
[195] train_acc: 99.942% -- valid_acc: 87.270% -- train_time: 30.870s -- valid_time: 5.670s -- train_loss: 1.719 -- valid_loss: 70.805
[196] train_acc: 99.945% -- valid_acc: 87.290% -- train_time: 30.815s -- valid_time: 5.675s -- train_loss: 1.765 -- valid_loss: 70.812
[197] train_acc: 99.935% -- valid_acc: 87.240% -- train_time: 30.781s -- valid_time: 5.656s -- train_loss: 1.756 -- valid_loss: 70.948
[198] train_acc: 99.950% -- valid_acc: 87.150% -- train_time: 30.806s -- valid_time: 5.692s -- train_loss: 1.584 -- valid_loss: 70.631
[199] train_acc: 99.930% -- valid_acc: 87.280% -- train_time: 30.854s -- valid_time: 5.682s -- train_loss: 1.709 -- valid_loss: 71.244
[200] train_acc: 99.925% -- valid_acc: 87.250% -- train_time: 30.757s -- valid_time: 5.667s -- train_loss: 1.686 -- valid_loss: 71.078
test_acc: [86.97]
Finished TeLU
[1] train_acc: 38.775% -- valid_acc: 45.380% -- train_time: 28.684s -- valid_time: 5.299s -- train_loss: 550.465 -- valid_loss: 196.384
[2] train_acc: 51.638% -- valid_acc: 47.990% -- train_time: 28.679s -- valid_time: 5.303s -- train_loss: 418.220 -- valid_loss: 207.626
[3] train_acc: 57.995% -- valid_acc: 59.810% -- train_time: 28.754s -- valid_time: 5.342s -- train_loss: 364.198 -- valid_loss: 141.125
[4] train_acc: 62.597% -- valid_acc: 63.180% -- train_time: 28.716s -- valid_time: 5.323s -- train_loss: 325.588 -- valid_loss: 134.714
[5] train_acc: 66.425% -- valid_acc: 65.540% -- train_time: 28.769s -- valid_time: 5.340s -- train_loss: 296.226 -- valid_loss: 124.847
[6] train_acc: 69.175% -- valid_acc: 62.470% -- train_time: 28.875s -- valid_time: 5.322s -- train_loss: 274.100 -- valid_loss: 139.701
[7] train_acc: 71.272% -- valid_acc: 67.680% -- train_time: 28.741s -- valid_time: 5.294s -- train_loss: 254.572 -- valid_loss: 118.063
[8] train_acc: 73.132% -- valid_acc: 67.820% -- train_time: 28.784s -- valid_time: 5.349s -- train_loss: 237.234 -- valid_loss: 116.399
[9] train_acc: 74.593% -- valid_acc: 69.650% -- train_time: 28.720s -- valid_time: 5.287s -- train_loss: 224.202 -- valid_loss: 111.101
[10] train_acc: 76.392% -- valid_acc: 71.650% -- train_time: 28.930s -- valid_time: 5.350s -- train_loss: 210.897 -- valid_loss: 105.021
[11] train_acc: 77.302% -- valid_acc: 74.060% -- train_time: 28.719s -- valid_time: 5.331s -- train_loss: 200.338 -- valid_loss: 94.907
[12] train_acc: 78.608% -- valid_acc: 73.060% -- train_time: 28.779s -- valid_time: 5.303s -- train_loss: 189.593 -- valid_loss: 99.748
[13] train_acc: 79.683% -- valid_acc: 74.770% -- train_time: 28.857s -- valid_time: 5.368s -- train_loss: 181.596 -- valid_loss: 94.134
[14] train_acc: 80.550% -- valid_acc: 75.100% -- train_time: 28.601s -- valid_time: 5.294s -- train_loss: 172.382 -- valid_loss: 94.219
[15] train_acc: 81.700% -- valid_acc: 72.420% -- train_time: 28.918s -- valid_time: 5.321s -- train_loss: 163.568 -- valid_loss: 107.252
[16] train_acc: 82.007% -- valid_acc: 73.110% -- train_time: 28.924s -- valid_time: 5.365s -- train_loss: 157.279 -- valid_loss: 106.180
[17] train_acc: 83.067% -- valid_acc: 77.080% -- train_time: 28.812s -- valid_time: 5.309s -- train_loss: 150.236 -- valid_loss: 85.508
[18] train_acc: 83.597% -- valid_acc: 77.870% -- train_time: 28.761s -- valid_time: 5.320s -- train_loss: 144.853 -- valid_loss: 84.404
[19] train_acc: 84.207% -- valid_acc: 76.950% -- train_time: 28.685s -- valid_time: 5.360s -- train_loss: 139.004 -- valid_loss: 89.923
[20] train_acc: 84.843% -- valid_acc: 75.570% -- train_time: 28.667s -- valid_time: 5.301s -- train_loss: 133.896 -- valid_loss: 95.447
[21] train_acc: 85.427% -- valid_acc: 77.250% -- train_time: 28.750s -- valid_time: 5.359s -- train_loss: 126.708 -- valid_loss: 89.957
[22] train_acc: 86.103% -- valid_acc: 78.100% -- train_time: 28.945s -- valid_time: 5.348s -- train_loss: 122.917 -- valid_loss: 84.489
[23] train_acc: 86.835% -- valid_acc: 76.200% -- train_time: 28.783s -- valid_time: 5.327s -- train_loss: 116.413 -- valid_loss: 95.288
[24] train_acc: 87.050% -- valid_acc: 77.900% -- train_time: 28.788s -- valid_time: 5.373s -- train_loss: 114.395 -- valid_loss: 88.163
[25] train_acc: 87.817% -- valid_acc: 77.590% -- train_time: 28.859s -- valid_time: 5.351s -- train_loss: 107.571 -- valid_loss: 91.605
[26] train_acc: 87.722% -- valid_acc: 76.370% -- train_time: 28.829s -- valid_time: 5.312s -- train_loss: 108.883 -- valid_loss: 95.824
[27] train_acc: 88.320% -- valid_acc: 79.150% -- train_time: 28.607s -- valid_time: 5.289s -- train_loss: 103.244 -- valid_loss: 84.487
[28] train_acc: 89.013% -- valid_acc: 77.240% -- train_time: 28.782s -- valid_time: 5.337s -- train_loss: 97.177 -- valid_loss: 93.883
[29] train_acc: 89.097% -- valid_acc: 78.310% -- train_time: 28.888s -- valid_time: 5.346s -- train_loss: 95.124 -- valid_loss: 91.548
[30] train_acc: 89.185% -- valid_acc: 77.800% -- train_time: 28.716s -- valid_time: 5.335s -- train_loss: 94.848 -- valid_loss: 92.473
[31] train_acc: 89.905% -- valid_acc: 79.360% -- train_time: 28.882s -- valid_time: 5.333s -- train_loss: 89.530 -- valid_loss: 87.241
[32] train_acc: 90.028% -- valid_acc: 78.910% -- train_time: 28.774s -- valid_time: 5.361s -- train_loss: 88.014 -- valid_loss: 86.532
[33] train_acc: 90.280% -- valid_acc: 75.420% -- train_time: 28.687s -- valid_time: 5.346s -- train_loss: 85.269 -- valid_loss: 111.020
[34] train_acc: 90.672% -- valid_acc: 79.790% -- train_time: 28.831s -- valid_time: 5.416s -- train_loss: 82.209 -- valid_loss: 86.608
[35] train_acc: 90.830% -- valid_acc: 77.530% -- train_time: 28.834s -- valid_time: 5.369s -- train_loss: 81.280 -- valid_loss: 97.844
[36] train_acc: 90.830% -- valid_acc: 79.590% -- train_time: 28.721s -- valid_time: 5.354s -- train_loss: 80.582 -- valid_loss: 86.296
[37] train_acc: 91.058% -- valid_acc: 79.100% -- train_time: 28.795s -- valid_time: 5.374s -- train_loss: 78.550 -- valid_loss: 87.873
[38] train_acc: 91.487% -- valid_acc: 78.310% -- train_time: 28.796s -- valid_time: 5.332s -- train_loss: 74.610 -- valid_loss: 96.080
[39] train_acc: 91.655% -- valid_acc: 78.440% -- train_time: 28.819s -- valid_time: 5.345s -- train_loss: 73.713 -- valid_loss: 96.346
[40] train_acc: 91.808% -- valid_acc: 79.160% -- train_time: 28.840s -- valid_time: 5.343s -- train_loss: 72.038 -- valid_loss: 91.233
[41] train_acc: 91.668% -- valid_acc: 79.740% -- train_time: 28.905s -- valid_time: 5.324s -- train_loss: 73.405 -- valid_loss: 89.585
[42] train_acc: 91.770% -- valid_acc: 78.310% -- train_time: 28.818s -- valid_time: 5.323s -- train_loss: 72.377 -- valid_loss: 92.863
[43] train_acc: 92.185% -- valid_acc: 78.270% -- train_time: 28.776s -- valid_time: 5.340s -- train_loss: 69.421 -- valid_loss: 96.709
[44] train_acc: 92.632% -- valid_acc: 80.450% -- train_time: 28.762s -- valid_time: 5.354s -- train_loss: 65.266 -- valid_loss: 87.977
[45] train_acc: 92.440% -- valid_acc: 79.710% -- train_time: 28.693s -- valid_time: 5.307s -- train_loss: 66.499 -- valid_loss: 93.859
[46] train_acc: 92.373% -- valid_acc: 80.230% -- train_time: 28.776s -- valid_time: 5.319s -- train_loss: 67.770 -- valid_loss: 86.095
[47] train_acc: 92.323% -- valid_acc: 78.340% -- train_time: 28.737s -- valid_time: 5.332s -- train_loss: 66.846 -- valid_loss: 96.890
[48] train_acc: 92.685% -- valid_acc: 79.330% -- train_time: 28.684s -- valid_time: 5.351s -- train_loss: 64.554 -- valid_loss: 92.018
[49] train_acc: 92.720% -- valid_acc: 77.810% -- train_time: 28.796s -- valid_time: 5.325s -- train_loss: 63.998 -- valid_loss: 102.812
[50] train_acc: 93.100% -- valid_acc: 80.960% -- train_time: 28.677s -- valid_time: 5.361s -- train_loss: 62.698 -- valid_loss: 85.278
[51] train_acc: 92.980% -- valid_acc: 78.780% -- train_time: 28.765s -- valid_time: 5.324s -- train_loss: 62.434 -- valid_loss: 95.874
[52] train_acc: 93.037% -- valid_acc: 80.130% -- train_time: 28.862s -- valid_time: 5.316s -- train_loss: 62.792 -- valid_loss: 87.875
[53] train_acc: 92.948% -- valid_acc: 79.890% -- train_time: 28.837s -- valid_time: 5.360s -- train_loss: 61.891 -- valid_loss: 89.466
[54] train_acc: 93.168% -- valid_acc: 79.820% -- train_time: 28.722s -- valid_time: 5.323s -- train_loss: 60.742 -- valid_loss: 94.528
[55] train_acc: 93.070% -- valid_acc: 80.300% -- train_time: 28.876s -- valid_time: 5.385s -- train_loss: 60.752 -- valid_loss: 88.668
[56] train_acc: 92.843% -- valid_acc: 78.420% -- train_time: 28.734s -- valid_time: 5.357s -- train_loss: 62.480 -- valid_loss: 98.328
[57] train_acc: 93.290% -- valid_acc: 77.130% -- train_time: 28.526s -- valid_time: 5.321s -- train_loss: 60.107 -- valid_loss: 105.272
[58] train_acc: 93.160% -- valid_acc: 81.420% -- train_time: 28.907s -- valid_time: 5.336s -- train_loss: 61.256 -- valid_loss: 82.651
[59] train_acc: 93.310% -- valid_acc: 80.890% -- train_time: 28.754s -- valid_time: 5.350s -- train_loss: 59.310 -- valid_loss: 84.724
[60] train_acc: 93.358% -- valid_acc: 78.700% -- train_time: 28.707s -- valid_time: 5.333s -- train_loss: 59.541 -- valid_loss: 98.557
[61] train_acc: 97.183% -- valid_acc: 84.790% -- train_time: 28.953s -- valid_time: 5.323s -- train_loss: 28.433 -- valid_loss: 65.726
[62] train_acc: 98.502% -- valid_acc: 85.190% -- train_time: 28.797s -- valid_time: 5.317s -- train_loss: 17.141 -- valid_loss: 66.031
[63] train_acc: 98.700% -- valid_acc: 85.370% -- train_time: 28.846s -- valid_time: 5.307s -- train_loss: 14.864 -- valid_loss: 67.033
[64] train_acc: 98.870% -- valid_acc: 85.130% -- train_time: 28.734s -- valid_time: 5.341s -- train_loss: 12.910 -- valid_loss: 67.247
[65] train_acc: 99.093% -- valid_acc: 85.320% -- train_time: 28.744s -- valid_time: 5.666s -- train_loss: 11.021 -- valid_loss: 69.009
[66] train_acc: 99.138% -- valid_acc: 85.360% -- train_time: 28.791s -- valid_time: 5.337s -- train_loss: 10.129 -- valid_loss: 69.429
[67] train_acc: 99.207% -- valid_acc: 85.140% -- train_time: 28.849s -- valid_time: 5.329s -- train_loss: 9.591 -- valid_loss: 70.542
[68] train_acc: 99.315% -- valid_acc: 85.340% -- train_time: 28.810s -- valid_time: 5.318s -- train_loss: 9.051 -- valid_loss: 70.795
[69] train_acc: 99.323% -- valid_acc: 85.530% -- train_time: 28.757s -- valid_time: 5.317s -- train_loss: 8.364 -- valid_loss: 70.578
[70] train_acc: 99.350% -- valid_acc: 85.460% -- train_time: 28.745s -- valid_time: 5.349s -- train_loss: 8.069 -- valid_loss: 72.341
[71] train_acc: 99.400% -- valid_acc: 85.370% -- train_time: 28.728s -- valid_time: 5.305s -- train_loss: 7.363 -- valid_loss: 72.119
[72] train_acc: 99.493% -- valid_acc: 85.490% -- train_time: 28.846s -- valid_time: 5.685s -- train_loss: 7.223 -- valid_loss: 72.253
[73] train_acc: 99.425% -- valid_acc: 85.320% -- train_time: 28.868s -- valid_time: 5.344s -- train_loss: 7.125 -- valid_loss: 73.572
[74] train_acc: 99.502% -- valid_acc: 85.660% -- train_time: 28.731s -- valid_time: 5.330s -- train_loss: 6.604 -- valid_loss: 73.121
[75] train_acc: 99.493% -- valid_acc: 85.500% -- train_time: 28.885s -- valid_time: 5.328s -- train_loss: 6.307 -- valid_loss: 73.837
[76] train_acc: 99.500% -- valid_acc: 85.280% -- train_time: 28.890s -- valid_time: 5.329s -- train_loss: 6.323 -- valid_loss: 74.421
[77] train_acc: 99.573% -- valid_acc: 85.340% -- train_time: 28.804s -- valid_time: 5.341s -- train_loss: 5.762 -- valid_loss: 75.096
[78] train_acc: 99.530% -- valid_acc: 85.610% -- train_time: 28.821s -- valid_time: 5.334s -- train_loss: 5.831 -- valid_loss: 74.651
[79] train_acc: 99.535% -- valid_acc: 85.270% -- train_time: 28.733s -- valid_time: 5.365s -- train_loss: 5.772 -- valid_loss: 77.153
[80] train_acc: 99.640% -- valid_acc: 85.180% -- train_time: 28.651s -- valid_time: 5.329s -- train_loss: 5.279 -- valid_loss: 76.916
[81] train_acc: 99.573% -- valid_acc: 85.210% -- train_time: 28.851s -- valid_time: 5.347s -- train_loss: 5.493 -- valid_loss: 77.049
[82] train_acc: 99.552% -- valid_acc: 85.330% -- train_time: 28.885s -- valid_time: 5.377s -- train_loss: 5.611 -- valid_loss: 75.950
[83] train_acc: 99.558% -- valid_acc: 85.060% -- train_time: 28.832s -- valid_time: 5.341s -- train_loss: 5.734 -- valid_loss: 77.668
[84] train_acc: 99.632% -- valid_acc: 85.210% -- train_time: 28.687s -- valid_time: 5.342s -- train_loss: 4.928 -- valid_loss: 77.795
[85] train_acc: 99.595% -- valid_acc: 85.300% -- train_time: 28.816s -- valid_time: 5.328s -- train_loss: 5.514 -- valid_loss: 75.412
[86] train_acc: 99.565% -- valid_acc: 84.900% -- train_time: 28.782s -- valid_time: 5.344s -- train_loss: 5.229 -- valid_loss: 78.589
[87] train_acc: 99.470% -- valid_acc: 85.280% -- train_time: 28.785s -- valid_time: 5.344s -- train_loss: 6.152 -- valid_loss: 77.225
[88] train_acc: 99.632% -- valid_acc: 85.500% -- train_time: 28.847s -- valid_time: 5.629s -- train_loss: 4.889 -- valid_loss: 75.515
[89] train_acc: 99.575% -- valid_acc: 85.460% -- train_time: 28.750s -- valid_time: 5.301s -- train_loss: 5.237 -- valid_loss: 75.643
[90] train_acc: 99.672% -- valid_acc: 85.240% -- train_time: 28.709s -- valid_time: 5.317s -- train_loss: 4.917 -- valid_loss: 76.083
[91] train_acc: 99.623% -- valid_acc: 85.140% -- train_time: 28.851s -- valid_time: 5.359s -- train_loss: 5.036 -- valid_loss: 75.692
[92] train_acc: 99.590% -- valid_acc: 85.220% -- train_time: 28.824s -- valid_time: 5.315s -- train_loss: 5.107 -- valid_loss: 77.402
[93] train_acc: 99.623% -- valid_acc: 84.690% -- train_time: 28.709s -- valid_time: 5.324s -- train_loss: 4.947 -- valid_loss: 78.481
[94] train_acc: 99.573% -- valid_acc: 85.260% -- train_time: 28.801s -- valid_time: 5.306s -- train_loss: 5.401 -- valid_loss: 76.089
[95] train_acc: 99.618% -- valid_acc: 85.430% -- train_time: 28.922s -- valid_time: 5.340s -- train_loss: 4.929 -- valid_loss: 77.137
[96] train_acc: 99.593% -- valid_acc: 85.550% -- train_time: 28.696s -- valid_time: 5.358s -- train_loss: 5.108 -- valid_loss: 77.813
[97] train_acc: 99.600% -- valid_acc: 85.140% -- train_time: 28.824s -- valid_time: 5.324s -- train_loss: 5.032 -- valid_loss: 79.904
[98] train_acc: 99.588% -- valid_acc: 85.890% -- train_time: 28.859s -- valid_time: 5.306s -- train_loss: 5.028 -- valid_loss: 77.279
[99] train_acc: 99.610% -- valid_acc: 85.690% -- train_time: 28.731s -- valid_time: 5.355s -- train_loss: 4.927 -- valid_loss: 77.779
[100] train_acc: 99.627% -- valid_acc: 85.600% -- train_time: 28.786s -- valid_time: 5.367s -- train_loss: 4.684 -- valid_loss: 77.049
[101] train_acc: 99.688% -- valid_acc: 85.670% -- train_time: 28.761s -- valid_time: 5.319s -- train_loss: 4.588 -- valid_loss: 77.510
[102] train_acc: 99.662% -- valid_acc: 85.390% -- train_time: 28.796s -- valid_time: 5.338s -- train_loss: 4.538 -- valid_loss: 78.034
[103] train_acc: 99.647% -- valid_acc: 85.420% -- train_time: 28.735s -- valid_time: 5.303s -- train_loss: 4.745 -- valid_loss: 78.978
[104] train_acc: 99.582% -- valid_acc: 85.100% -- train_time: 28.734s -- valid_time: 5.308s -- train_loss: 4.981 -- valid_loss: 79.374
[105] train_acc: 99.590% -- valid_acc: 85.280% -- train_time: 28.743s -- valid_time: 5.332s -- train_loss: 5.144 -- valid_loss: 78.657
[106] train_acc: 99.600% -- valid_acc: 85.350% -- train_time: 28.622s -- valid_time: 5.318s -- train_loss: 4.748 -- valid_loss: 78.032
[107] train_acc: 99.665% -- valid_acc: 85.240% -- train_time: 28.702s -- valid_time: 5.274s -- train_loss: 4.732 -- valid_loss: 77.744
[108] train_acc: 99.610% -- valid_acc: 85.180% -- train_time: 28.741s -- valid_time: 5.328s -- train_loss: 4.724 -- valid_loss: 80.289
[109] train_acc: 99.615% -- valid_acc: 85.220% -- train_time: 28.781s -- valid_time: 5.319s -- train_loss: 5.024 -- valid_loss: 79.762
[110] train_acc: 99.593% -- valid_acc: 85.610% -- train_time: 28.858s -- valid_time: 5.323s -- train_loss: 4.920 -- valid_loss: 78.223
[111] train_acc: 99.590% -- valid_acc: 85.290% -- train_time: 28.938s -- valid_time: 5.320s -- train_loss: 5.325 -- valid_loss: 79.084
[112] train_acc: 99.565% -- valid_acc: 85.050% -- train_time: 28.802s -- valid_time: 5.301s -- train_loss: 5.272 -- valid_loss: 79.607
[113] train_acc: 99.595% -- valid_acc: 85.290% -- train_time: 28.808s -- valid_time: 5.333s -- train_loss: 5.021 -- valid_loss: 78.893
[114] train_acc: 99.612% -- valid_acc: 85.050% -- train_time: 28.792s -- valid_time: 5.331s -- train_loss: 4.966 -- valid_loss: 79.752
[115] train_acc: 99.550% -- valid_acc: 85.300% -- train_time: 28.666s -- valid_time: 5.335s -- train_loss: 5.199 -- valid_loss: 81.404
[116] train_acc: 99.595% -- valid_acc: 85.330% -- train_time: 28.854s -- valid_time: 5.323s -- train_loss: 4.987 -- valid_loss: 79.582
[117] train_acc: 99.593% -- valid_acc: 85.340% -- train_time: 28.788s -- valid_time: 5.331s -- train_loss: 4.926 -- valid_loss: 79.049
[118] train_acc: 99.530% -- valid_acc: 85.210% -- train_time: 28.822s -- valid_time: 5.325s -- train_loss: 5.693 -- valid_loss: 81.278
[119] train_acc: 99.582% -- valid_acc: 84.860% -- train_time: 28.781s -- valid_time: 5.325s -- train_loss: 5.201 -- valid_loss: 80.092
[120] train_acc: 99.517% -- valid_acc: 85.260% -- train_time: 28.823s -- valid_time: 5.299s -- train_loss: 5.465 -- valid_loss: 80.945
[121] train_acc: 99.743% -- valid_acc: 85.780% -- train_time: 28.724s -- valid_time: 5.326s -- train_loss: 3.777 -- valid_loss: 76.853
[122] train_acc: 99.817% -- valid_acc: 85.870% -- train_time: 28.791s -- valid_time: 5.329s -- train_loss: 2.897 -- valid_loss: 76.103
[123] train_acc: 99.865% -- valid_acc: 85.860% -- train_time: 28.753s -- valid_time: 5.345s -- train_loss: 2.627 -- valid_loss: 76.720
[124] train_acc: 99.847% -- valid_acc: 85.990% -- train_time: 28.703s -- valid_time: 5.295s -- train_loss: 2.474 -- valid_loss: 76.342
[125] train_acc: 99.868% -- valid_acc: 86.070% -- train_time: 28.804s -- valid_time: 5.309s -- train_loss: 2.354 -- valid_loss: 75.351
[126] train_acc: 99.880% -- valid_acc: 85.970% -- train_time: 28.809s -- valid_time: 5.302s -- train_loss: 2.295 -- valid_loss: 75.494
[127] train_acc: 99.840% -- valid_acc: 86.010% -- train_time: 28.895s -- valid_time: 5.303s -- train_loss: 2.408 -- valid_loss: 75.590
[128] train_acc: 99.915% -- valid_acc: 86.080% -- train_time: 28.854s -- valid_time: 5.271s -- train_loss: 2.092 -- valid_loss: 75.684
[129] train_acc: 99.905% -- valid_acc: 86.160% -- train_time: 28.805s -- valid_time: 5.356s -- train_loss: 2.043 -- valid_loss: 75.800
[130] train_acc: 99.912% -- valid_acc: 86.220% -- train_time: 28.888s -- valid_time: 5.308s -- train_loss: 1.977 -- valid_loss: 75.004
[131] train_acc: 99.912% -- valid_acc: 85.920% -- train_time: 28.775s -- valid_time: 5.335s -- train_loss: 2.008 -- valid_loss: 75.923
[132] train_acc: 99.922% -- valid_acc: 85.940% -- train_time: 28.831s -- valid_time: 5.320s -- train_loss: 1.918 -- valid_loss: 75.247
[133] train_acc: 99.918% -- valid_acc: 86.130% -- train_time: 28.848s -- valid_time: 5.345s -- train_loss: 1.987 -- valid_loss: 75.212
[134] train_acc: 99.895% -- valid_acc: 86.190% -- train_time: 28.771s -- valid_time: 5.351s -- train_loss: 2.059 -- valid_loss: 75.527
[135] train_acc: 99.918% -- valid_acc: 86.150% -- train_time: 28.830s -- valid_time: 5.366s -- train_loss: 1.861 -- valid_loss: 75.732
[136] train_acc: 99.885% -- valid_acc: 86.130% -- train_time: 28.690s -- valid_time: 5.315s -- train_loss: 1.965 -- valid_loss: 75.215
[137] train_acc: 99.897% -- valid_acc: 85.940% -- train_time: 28.823s -- valid_time: 5.326s -- train_loss: 1.968 -- valid_loss: 75.856
[138] train_acc: 99.912% -- valid_acc: 86.180% -- train_time: 28.747s -- valid_time: 5.335s -- train_loss: 1.870 -- valid_loss: 75.436
[139] train_acc: 99.920% -- valid_acc: 86.140% -- train_time: 28.836s -- valid_time: 5.336s -- train_loss: 1.747 -- valid_loss: 75.867
[140] train_acc: 99.903% -- valid_acc: 86.160% -- train_time: 28.878s -- valid_time: 5.298s -- train_loss: 1.860 -- valid_loss: 75.905
[141] train_acc: 99.907% -- valid_acc: 86.240% -- train_time: 28.713s -- valid_time: 5.328s -- train_loss: 1.789 -- valid_loss: 75.878
[142] train_acc: 99.940% -- valid_acc: 86.280% -- train_time: 28.857s -- valid_time: 5.336s -- train_loss: 1.694 -- valid_loss: 75.932
[143] train_acc: 99.933% -- valid_acc: 86.190% -- train_time: 28.654s -- valid_time: 5.310s -- train_loss: 1.679 -- valid_loss: 75.341
[144] train_acc: 99.927% -- valid_acc: 86.140% -- train_time: 28.763s -- valid_time: 5.309s -- train_loss: 1.621 -- valid_loss: 76.232
[145] train_acc: 99.927% -- valid_acc: 85.920% -- train_time: 28.669s -- valid_time: 5.326s -- train_loss: 1.616 -- valid_loss: 75.401
[146] train_acc: 99.920% -- valid_acc: 86.260% -- train_time: 28.732s -- valid_time: 5.338s -- train_loss: 1.651 -- valid_loss: 74.941
[147] train_acc: 99.930% -- valid_acc: 86.170% -- train_time: 28.764s -- valid_time: 5.319s -- train_loss: 1.614 -- valid_loss: 75.698
[148] train_acc: 99.927% -- valid_acc: 86.250% -- train_time: 28.695s -- valid_time: 5.359s -- train_loss: 1.661 -- valid_loss: 75.077
[149] train_acc: 99.927% -- valid_acc: 86.270% -- train_time: 28.692s -- valid_time: 5.305s -- train_loss: 1.618 -- valid_loss: 75.344
[150] train_acc: 99.903% -- valid_acc: 86.220% -- train_time: 28.862s -- valid_time: 5.341s -- train_loss: 1.734 -- valid_loss: 75.541
[151] train_acc: 99.935% -- valid_acc: 86.140% -- train_time: 28.704s -- valid_time: 5.295s -- train_loss: 1.628 -- valid_loss: 76.048
[152] train_acc: 99.915% -- valid_acc: 86.230% -- train_time: 28.848s -- valid_time: 5.316s -- train_loss: 1.763 -- valid_loss: 75.533
[153] train_acc: 99.930% -- valid_acc: 86.260% -- train_time: 28.801s -- valid_time: 5.311s -- train_loss: 1.667 -- valid_loss: 75.930
[154] train_acc: 99.910% -- valid_acc: 86.270% -- train_time: 28.836s -- valid_time: 5.301s -- train_loss: 1.689 -- valid_loss: 75.101
[155] train_acc: 99.930% -- valid_acc: 86.200% -- train_time: 28.724s -- valid_time: 5.294s -- train_loss: 1.592 -- valid_loss: 75.736
[156] train_acc: 99.915% -- valid_acc: 86.070% -- train_time: 28.899s -- valid_time: 5.359s -- train_loss: 1.711 -- valid_loss: 75.642
[157] train_acc: 99.948% -- valid_acc: 86.040% -- train_time: 28.841s -- valid_time: 5.324s -- train_loss: 1.529 -- valid_loss: 75.751
[158] train_acc: 99.930% -- valid_acc: 86.180% -- train_time: 28.871s -- valid_time: 5.323s -- train_loss: 1.622 -- valid_loss: 75.712
[159] train_acc: 99.925% -- valid_acc: 86.180% -- train_time: 28.822s -- valid_time: 5.361s -- train_loss: 1.657 -- valid_loss: 76.073
[160] train_acc: 99.938% -- valid_acc: 86.090% -- train_time: 28.673s -- valid_time: 5.356s -- train_loss: 1.583 -- valid_loss: 76.301
[161] train_acc: 99.940% -- valid_acc: 86.150% -- train_time: 28.754s -- valid_time: 5.324s -- train_loss: 1.509 -- valid_loss: 75.997
[162] train_acc: 99.957% -- valid_acc: 86.250% -- train_time: 28.631s -- valid_time: 5.306s -- train_loss: 1.434 -- valid_loss: 75.385
[163] train_acc: 99.935% -- valid_acc: 86.200% -- train_time: 28.822s -- valid_time: 5.336s -- train_loss: 1.603 -- valid_loss: 75.825
[164] train_acc: 99.922% -- valid_acc: 86.260% -- train_time: 28.721s -- valid_time: 5.350s -- train_loss: 1.604 -- valid_loss: 75.546
[165] train_acc: 99.945% -- valid_acc: 86.220% -- train_time: 29.520s -- valid_time: 5.304s -- train_loss: 1.495 -- valid_loss: 76.327
[166] train_acc: 99.942% -- valid_acc: 86.230% -- train_time: 28.810s -- valid_time: 5.293s -- train_loss: 1.474 -- valid_loss: 75.141
[167] train_acc: 99.925% -- valid_acc: 86.130% -- train_time: 28.759s -- valid_time: 5.328s -- train_loss: 1.593 -- valid_loss: 76.071
[168] train_acc: 99.940% -- valid_acc: 86.080% -- train_time: 28.800s -- valid_time: 5.301s -- train_loss: 1.450 -- valid_loss: 76.297
[169] train_acc: 99.950% -- valid_acc: 86.240% -- train_time: 28.771s -- valid_time: 5.274s -- train_loss: 1.414 -- valid_loss: 75.665
[170] train_acc: 99.938% -- valid_acc: 86.200% -- train_time: 28.764s -- valid_time: 5.304s -- train_loss: 1.461 -- valid_loss: 75.640
[171] train_acc: 99.953% -- valid_acc: 86.030% -- train_time: 28.829s -- valid_time: 5.294s -- train_loss: 1.386 -- valid_loss: 76.026
[172] train_acc: 99.942% -- valid_acc: 86.230% -- train_time: 28.793s -- valid_time: 5.316s -- train_loss: 1.442 -- valid_loss: 75.970
[173] train_acc: 99.930% -- valid_acc: 86.170% -- train_time: 28.679s -- valid_time: 5.295s -- train_loss: 1.571 -- valid_loss: 75.298
[174] train_acc: 99.955% -- valid_acc: 86.260% -- train_time: 28.835s -- valid_time: 5.327s -- train_loss: 1.377 -- valid_loss: 75.755
[175] train_acc: 99.965% -- valid_acc: 86.230% -- train_time: 28.806s -- valid_time: 5.302s -- train_loss: 1.419 -- valid_loss: 75.868
[176] train_acc: 99.953% -- valid_acc: 86.260% -- train_time: 29.029s -- valid_time: 5.338s -- train_loss: 1.382 -- valid_loss: 76.195
[177] train_acc: 99.965% -- valid_acc: 86.130% -- train_time: 28.793s -- valid_time: 5.321s -- train_loss: 1.437 -- valid_loss: 76.756
[178] train_acc: 99.978% -- valid_acc: 86.140% -- train_time: 28.727s -- valid_time: 5.384s -- train_loss: 1.374 -- valid_loss: 75.375
[179] train_acc: 99.950% -- valid_acc: 86.220% -- train_time: 28.733s -- valid_time: 5.300s -- train_loss: 1.405 -- valid_loss: 75.102
[180] train_acc: 99.955% -- valid_acc: 86.180% -- train_time: 28.973s -- valid_time: 5.293s -- train_loss: 1.383 -- valid_loss: 75.204
[181] train_acc: 99.925% -- valid_acc: 86.320% -- train_time: 28.915s -- valid_time: 5.333s -- train_loss: 1.550 -- valid_loss: 75.439
[182] train_acc: 99.950% -- valid_acc: 86.270% -- train_time: 28.764s -- valid_time: 5.318s -- train_loss: 1.331 -- valid_loss: 75.210
[183] train_acc: 99.957% -- valid_acc: 86.230% -- train_time: 28.822s -- valid_time: 5.317s -- train_loss: 1.345 -- valid_loss: 75.806
[184] train_acc: 99.948% -- valid_acc: 86.060% -- train_time: 28.849s -- valid_time: 5.312s -- train_loss: 1.365 -- valid_loss: 75.384
[185] train_acc: 99.948% -- valid_acc: 86.170% -- train_time: 28.938s -- valid_time: 5.467s -- train_loss: 1.445 -- valid_loss: 75.853
[186] train_acc: 99.963% -- valid_acc: 86.210% -- train_time: 28.764s -- valid_time: 5.319s -- train_loss: 1.344 -- valid_loss: 76.067
[187] train_acc: 99.953% -- valid_acc: 86.270% -- train_time: 28.754s -- valid_time: 5.353s -- train_loss: 1.374 -- valid_loss: 75.482
[188] train_acc: 99.950% -- valid_acc: 86.270% -- train_time: 28.872s -- valid_time: 5.307s -- train_loss: 1.497 -- valid_loss: 76.032
[189] train_acc: 99.942% -- valid_acc: 86.320% -- train_time: 28.675s -- valid_time: 5.348s -- train_loss: 1.407 -- valid_loss: 76.054
[190] train_acc: 99.953% -- valid_acc: 86.140% -- train_time: 28.795s -- valid_time: 5.305s -- train_loss: 1.392 -- valid_loss: 76.007
[191] train_acc: 99.960% -- valid_acc: 86.160% -- train_time: 28.752s -- valid_time: 5.320s -- train_loss: 1.399 -- valid_loss: 76.153
[192] train_acc: 99.940% -- valid_acc: 86.230% -- train_time: 28.868s -- valid_time: 5.334s -- train_loss: 1.413 -- valid_loss: 75.980
[193] train_acc: 99.957% -- valid_acc: 86.160% -- train_time: 28.779s -- valid_time: 5.318s -- train_loss: 1.359 -- valid_loss: 75.725
[194] train_acc: 99.945% -- valid_acc: 86.250% -- train_time: 28.875s -- valid_time: 5.319s -- train_loss: 1.421 -- valid_loss: 75.624
[195] train_acc: 99.960% -- valid_acc: 86.250% -- train_time: 28.794s -- valid_time: 5.324s -- train_loss: 1.373 -- valid_loss: 75.672
[196] train_acc: 99.927% -- valid_acc: 86.230% -- train_time: 28.869s -- valid_time: 5.323s -- train_loss: 1.514 -- valid_loss: 76.124
[197] train_acc: 99.957% -- valid_acc: 86.180% -- train_time: 28.726s -- valid_time: 5.319s -- train_loss: 1.364 -- valid_loss: 75.646
[198] train_acc: 99.957% -- valid_acc: 86.420% -- train_time: 28.925s -- valid_time: 5.304s -- train_loss: 1.408 -- valid_loss: 74.834
[199] train_acc: 99.942% -- valid_acc: 86.210% -- train_time: 28.979s -- valid_time: 5.331s -- train_loss: 1.377 -- valid_loss: 75.500
[200] train_acc: 99.945% -- valid_acc: 86.280% -- train_time: 28.802s -- valid_time: 5.370s -- train_loss: 1.443 -- valid_loss: 75.709
test_acc: [86.13]
Finished GELU
[1] train_acc: 34.345% -- valid_acc: 32.100% -- train_time: 29.134s -- valid_time: 5.358s -- train_loss: 587.419 -- valid_loss: 244.778
[2] train_acc: 47.215% -- valid_acc: 46.680% -- train_time: 28.930s -- valid_time: 5.371s -- train_loss: 459.483 -- valid_loss: 195.638
[3] train_acc: 54.002% -- valid_acc: 51.110% -- train_time: 29.042s -- valid_time: 5.409s -- train_loss: 402.047 -- valid_loss: 179.041
[4] train_acc: 58.660% -- valid_acc: 58.960% -- train_time: 29.033s -- valid_time: 5.398s -- train_loss: 360.988 -- valid_loss: 150.969
[5] train_acc: 62.470% -- valid_acc: 61.750% -- train_time: 29.048s -- valid_time: 5.396s -- train_loss: 328.985 -- valid_loss: 138.594
[6] train_acc: 65.347% -- valid_acc: 61.610% -- train_time: 29.008s -- valid_time: 5.360s -- train_loss: 305.567 -- valid_loss: 142.186
[7] train_acc: 67.388% -- valid_acc: 61.960% -- train_time: 28.932s -- valid_time: 5.349s -- train_loss: 286.563 -- valid_loss: 139.623
[8] train_acc: 69.480% -- valid_acc: 62.350% -- train_time: 29.066s -- valid_time: 5.368s -- train_loss: 269.458 -- valid_loss: 139.940
[9] train_acc: 71.188% -- valid_acc: 67.330% -- train_time: 29.043s -- valid_time: 5.341s -- train_loss: 254.500 -- valid_loss: 120.884
[10] train_acc: 72.703% -- valid_acc: 70.120% -- train_time: 29.033s -- valid_time: 5.392s -- train_loss: 242.400 -- valid_loss: 107.863
[11] train_acc: 73.835% -- valid_acc: 69.930% -- train_time: 28.967s -- valid_time: 5.364s -- train_loss: 231.503 -- valid_loss: 108.185
[12] train_acc: 74.802% -- valid_acc: 65.430% -- train_time: 29.082s -- valid_time: 5.359s -- train_loss: 222.202 -- valid_loss: 127.229
[13] train_acc: 76.147% -- valid_acc: 73.470% -- train_time: 29.086s -- valid_time: 5.372s -- train_loss: 211.325 -- valid_loss: 98.061
[14] train_acc: 77.213% -- valid_acc: 74.400% -- train_time: 29.091s -- valid_time: 5.376s -- train_loss: 201.707 -- valid_loss: 95.368
[15] train_acc: 78.093% -- valid_acc: 73.220% -- train_time: 29.125s -- valid_time: 5.407s -- train_loss: 195.070 -- valid_loss: 99.125
[16] train_acc: 78.882% -- valid_acc: 72.050% -- train_time: 29.172s -- valid_time: 5.348s -- train_loss: 185.184 -- valid_loss: 108.646
[17] train_acc: 79.615% -- valid_acc: 74.390% -- train_time: 29.080s -- valid_time: 5.366s -- train_loss: 180.447 -- valid_loss: 96.644
[18] train_acc: 80.265% -- valid_acc: 73.530% -- train_time: 29.107s -- valid_time: 5.361s -- train_loss: 174.694 -- valid_loss: 100.087
[19] train_acc: 80.900% -- valid_acc: 75.850% -- train_time: 29.046s -- valid_time: 5.428s -- train_loss: 169.940 -- valid_loss: 89.375
[20] train_acc: 81.623% -- valid_acc: 74.110% -- train_time: 29.027s -- valid_time: 5.393s -- train_loss: 162.312 -- valid_loss: 98.359
[21] train_acc: 82.170% -- valid_acc: 74.640% -- train_time: 29.171s -- valid_time: 5.403s -- train_loss: 156.873 -- valid_loss: 94.777
[22] train_acc: 82.752% -- valid_acc: 77.840% -- train_time: 29.079s -- valid_time: 5.387s -- train_loss: 151.367 -- valid_loss: 82.393
[23] train_acc: 83.138% -- valid_acc: 76.880% -- train_time: 29.044s -- valid_time: 5.353s -- train_loss: 147.474 -- valid_loss: 88.939
[24] train_acc: 83.882% -- valid_acc: 74.940% -- train_time: 29.025s -- valid_time: 5.388s -- train_loss: 141.531 -- valid_loss: 96.182
[25] train_acc: 84.118% -- valid_acc: 75.910% -- train_time: 29.079s -- valid_time: 5.383s -- train_loss: 139.974 -- valid_loss: 92.132
[26] train_acc: 84.832% -- valid_acc: 74.640% -- train_time: 28.959s -- valid_time: 5.384s -- train_loss: 134.371 -- valid_loss: 103.108
[27] train_acc: 85.453% -- valid_acc: 77.740% -- train_time: 28.891s -- valid_time: 5.350s -- train_loss: 129.981 -- valid_loss: 85.178
[28] train_acc: 85.513% -- valid_acc: 75.640% -- train_time: 29.126s -- valid_time: 5.373s -- train_loss: 127.082 -- valid_loss: 99.188
[29] train_acc: 85.897% -- valid_acc: 74.840% -- train_time: 29.026s -- valid_time: 5.411s -- train_loss: 123.409 -- valid_loss: 101.678
[30] train_acc: 86.565% -- valid_acc: 76.460% -- train_time: 29.086s -- valid_time: 5.394s -- train_loss: 118.231 -- valid_loss: 92.206
[31] train_acc: 86.618% -- valid_acc: 79.070% -- train_time: 29.099s -- valid_time: 5.426s -- train_loss: 117.557 -- valid_loss: 83.065
[32] train_acc: 87.112% -- valid_acc: 79.080% -- train_time: 29.055s -- valid_time: 5.429s -- train_loss: 112.873 -- valid_loss: 84.276
[33] train_acc: 87.875% -- valid_acc: 79.360% -- train_time: 28.942s -- valid_time: 5.394s -- train_loss: 108.460 -- valid_loss: 82.679
[34] train_acc: 87.800% -- valid_acc: 79.420% -- train_time: 29.245s -- valid_time: 5.393s -- train_loss: 107.053 -- valid_loss: 79.578
[35] train_acc: 88.073% -- valid_acc: 79.200% -- train_time: 29.069s -- valid_time: 5.360s -- train_loss: 103.464 -- valid_loss: 81.194
[36] train_acc: 88.332% -- valid_acc: 78.800% -- train_time: 29.085s -- valid_time: 5.355s -- train_loss: 102.554 -- valid_loss: 87.214
[37] train_acc: 88.603% -- valid_acc: 79.600% -- train_time: 28.993s -- valid_time: 5.383s -- train_loss: 99.637 -- valid_loss: 80.481
[38] train_acc: 89.147% -- valid_acc: 78.620% -- train_time: 29.121s -- valid_time: 5.375s -- train_loss: 95.785 -- valid_loss: 89.074
[39] train_acc: 89.103% -- valid_acc: 70.340% -- train_time: 29.120s -- valid_time: 5.409s -- train_loss: 94.556 -- valid_loss: 135.027
[40] train_acc: 89.582% -- valid_acc: 78.520% -- train_time: 29.087s -- valid_time: 5.366s -- train_loss: 91.669 -- valid_loss: 88.783
[41] train_acc: 89.675% -- valid_acc: 78.040% -- train_time: 29.187s -- valid_time: 5.409s -- train_loss: 90.630 -- valid_loss: 93.521
[42] train_acc: 89.935% -- valid_acc: 81.070% -- train_time: 29.165s -- valid_time: 5.421s -- train_loss: 88.468 -- valid_loss: 78.711
[43] train_acc: 90.007% -- valid_acc: 78.460% -- train_time: 29.113s -- valid_time: 5.381s -- train_loss: 87.080 -- valid_loss: 92.365
[44] train_acc: 90.595% -- valid_acc: 81.830% -- train_time: 29.077s -- valid_time: 5.365s -- train_loss: 82.726 -- valid_loss: 76.281
[45] train_acc: 90.710% -- valid_acc: 80.280% -- train_time: 29.117s -- valid_time: 5.361s -- train_loss: 82.303 -- valid_loss: 82.382
[46] train_acc: 90.890% -- valid_acc: 80.830% -- train_time: 29.249s -- valid_time: 5.474s -- train_loss: 79.405 -- valid_loss: 81.164
[47] train_acc: 90.922% -- valid_acc: 79.350% -- train_time: 29.191s -- valid_time: 5.403s -- train_loss: 80.883 -- valid_loss: 86.203
[48] train_acc: 91.278% -- valid_acc: 78.610% -- train_time: 29.066s -- valid_time: 5.484s -- train_loss: 76.848 -- valid_loss: 92.492
[49] train_acc: 91.435% -- valid_acc: 81.290% -- train_time: 29.211s -- valid_time: 5.407s -- train_loss: 74.983 -- valid_loss: 78.821
[50] train_acc: 91.233% -- valid_acc: 81.630% -- train_time: 28.981s -- valid_time: 5.366s -- train_loss: 76.006 -- valid_loss: 76.126
[51] train_acc: 91.470% -- valid_acc: 80.210% -- train_time: 29.078s -- valid_time: 5.409s -- train_loss: 73.753 -- valid_loss: 83.992
[52] train_acc: 91.793% -- valid_acc: 78.600% -- train_time: 29.131s -- valid_time: 5.376s -- train_loss: 71.626 -- valid_loss: 89.757
[53] train_acc: 91.922% -- valid_acc: 77.660% -- train_time: 29.118s -- valid_time: 5.392s -- train_loss: 70.602 -- valid_loss: 101.702
[54] train_acc: 92.480% -- valid_acc: 81.250% -- train_time: 28.985s -- valid_time: 5.382s -- train_loss: 66.913 -- valid_loss: 80.062
[55] train_acc: 92.140% -- valid_acc: 80.960% -- train_time: 28.970s -- valid_time: 5.393s -- train_loss: 69.710 -- valid_loss: 79.686
[56] train_acc: 92.388% -- valid_acc: 80.820% -- train_time: 29.133s -- valid_time: 5.375s -- train_loss: 67.850 -- valid_loss: 82.990
[57] train_acc: 92.605% -- valid_acc: 77.700% -- train_time: 29.103s -- valid_time: 5.349s -- train_loss: 64.355 -- valid_loss: 99.364
[58] train_acc: 92.778% -- valid_acc: 80.290% -- train_time: 28.997s -- valid_time: 5.394s -- train_loss: 64.978 -- valid_loss: 84.252
[59] train_acc: 92.960% -- valid_acc: 81.750% -- train_time: 29.028s -- valid_time: 5.419s -- train_loss: 62.443 -- valid_loss: 82.305
[60] train_acc: 93.272% -- valid_acc: 78.830% -- train_time: 29.056s -- valid_time: 5.403s -- train_loss: 59.919 -- valid_loss: 95.962
[61] train_acc: 96.615% -- valid_acc: 85.300% -- train_time: 29.123s -- valid_time: 5.381s -- train_loss: 33.448 -- valid_loss: 63.568
[62] train_acc: 97.810% -- valid_acc: 85.300% -- train_time: 29.014s -- valid_time: 5.410s -- train_loss: 22.223 -- valid_loss: 64.951
[63] train_acc: 98.127% -- valid_acc: 85.540% -- train_time: 29.036s -- valid_time: 5.361s -- train_loss: 20.213 -- valid_loss: 64.906
[64] train_acc: 98.300% -- valid_acc: 85.450% -- train_time: 29.001s -- valid_time: 5.375s -- train_loss: 17.392 -- valid_loss: 66.401
[65] train_acc: 98.573% -- valid_acc: 85.370% -- train_time: 28.900s -- valid_time: 5.380s -- train_loss: 15.587 -- valid_loss: 67.852
[66] train_acc: 98.600% -- valid_acc: 85.380% -- train_time: 29.024s -- valid_time: 5.412s -- train_loss: 14.753 -- valid_loss: 68.478
[67] train_acc: 98.690% -- valid_acc: 85.320% -- train_time: 28.885s -- valid_time: 5.343s -- train_loss: 13.772 -- valid_loss: 69.671
[68] train_acc: 98.862% -- valid_acc: 85.480% -- train_time: 28.948s -- valid_time: 5.392s -- train_loss: 12.848 -- valid_loss: 70.667
[69] train_acc: 98.920% -- valid_acc: 85.600% -- train_time: 28.899s -- valid_time: 5.403s -- train_loss: 11.828 -- valid_loss: 70.444
[70] train_acc: 98.880% -- valid_acc: 85.270% -- train_time: 29.105s -- valid_time: 5.374s -- train_loss: 12.129 -- valid_loss: 71.469
[71] train_acc: 98.987% -- valid_acc: 85.360% -- train_time: 28.966s -- valid_time: 5.433s -- train_loss: 11.014 -- valid_loss: 71.095
[72] train_acc: 98.940% -- valid_acc: 85.410% -- train_time: 28.935s -- valid_time: 5.344s -- train_loss: 11.247 -- valid_loss: 72.288
[73] train_acc: 99.080% -- valid_acc: 85.320% -- train_time: 28.981s -- valid_time: 5.355s -- train_loss: 10.036 -- valid_loss: 73.571
[74] train_acc: 99.065% -- valid_acc: 85.370% -- train_time: 28.813s -- valid_time: 5.409s -- train_loss: 9.759 -- valid_loss: 73.047
[75] train_acc: 99.145% -- valid_acc: 85.660% -- train_time: 28.886s -- valid_time: 5.354s -- train_loss: 9.516 -- valid_loss: 73.673
[76] train_acc: 99.240% -- valid_acc: 85.260% -- train_time: 28.980s -- valid_time: 5.394s -- train_loss: 8.507 -- valid_loss: 75.474
[77] train_acc: 99.160% -- valid_acc: 85.360% -- train_time: 29.081s -- valid_time: 5.437s -- train_loss: 9.023 -- valid_loss: 75.722
[78] train_acc: 99.195% -- valid_acc: 85.320% -- train_time: 28.982s -- valid_time: 5.345s -- train_loss: 8.801 -- valid_loss: 74.137
[79] train_acc: 99.205% -- valid_acc: 85.170% -- train_time: 29.109s -- valid_time: 5.424s -- train_loss: 8.402 -- valid_loss: 75.590
[80] train_acc: 99.355% -- valid_acc: 85.140% -- train_time: 29.116s -- valid_time: 5.364s -- train_loss: 7.806 -- valid_loss: 76.706
[81] train_acc: 99.365% -- valid_acc: 85.370% -- train_time: 29.092s -- valid_time: 5.439s -- train_loss: 7.365 -- valid_loss: 76.923
[82] train_acc: 99.295% -- valid_acc: 85.460% -- train_time: 29.014s -- valid_time: 5.354s -- train_loss: 7.368 -- valid_loss: 77.338
[83] train_acc: 99.315% -- valid_acc: 85.380% -- train_time: 29.132s -- valid_time: 5.374s -- train_loss: 7.559 -- valid_loss: 77.169
[84] train_acc: 99.278% -- valid_acc: 85.390% -- train_time: 28.967s -- valid_time: 5.386s -- train_loss: 7.960 -- valid_loss: 77.807
[85] train_acc: 99.305% -- valid_acc: 85.560% -- train_time: 28.964s -- valid_time: 5.386s -- train_loss: 7.148 -- valid_loss: 77.222
[86] train_acc: 99.255% -- valid_acc: 85.520% -- train_time: 28.974s -- valid_time: 5.365s -- train_loss: 7.286 -- valid_loss: 77.016
[87] train_acc: 99.257% -- valid_acc: 85.590% -- train_time: 29.063s -- valid_time: 5.377s -- train_loss: 7.940 -- valid_loss: 78.844
[88] train_acc: 99.300% -- valid_acc: 85.210% -- train_time: 28.922s -- valid_time: 5.352s -- train_loss: 7.102 -- valid_loss: 80.142
[89] train_acc: 99.338% -- valid_acc: 85.490% -- train_time: 28.996s -- valid_time: 5.379s -- train_loss: 7.078 -- valid_loss: 78.424
[90] train_acc: 99.317% -- valid_acc: 85.340% -- train_time: 29.078s -- valid_time: 5.384s -- train_loss: 7.101 -- valid_loss: 77.948
[91] train_acc: 99.442% -- valid_acc: 85.390% -- train_time: 28.927s -- valid_time: 5.406s -- train_loss: 6.478 -- valid_loss: 78.246
[92] train_acc: 99.373% -- valid_acc: 85.370% -- train_time: 29.190s -- valid_time: 5.412s -- train_loss: 6.779 -- valid_loss: 78.147
[93] train_acc: 99.395% -- valid_acc: 85.650% -- train_time: 28.977s -- valid_time: 5.359s -- train_loss: 6.564 -- valid_loss: 77.809
[94] train_acc: 99.388% -- valid_acc: 85.260% -- train_time: 29.034s -- valid_time: 5.359s -- train_loss: 6.648 -- valid_loss: 79.962
[95] train_acc: 99.400% -- valid_acc: 85.150% -- train_time: 28.967s -- valid_time: 5.365s -- train_loss: 6.712 -- valid_loss: 78.963
[96] train_acc: 99.377% -- valid_acc: 85.280% -- train_time: 28.885s -- valid_time: 5.461s -- train_loss: 6.908 -- valid_loss: 80.636
[97] train_acc: 99.415% -- valid_acc: 85.370% -- train_time: 29.043s -- valid_time: 5.396s -- train_loss: 6.548 -- valid_loss: 79.519
[98] train_acc: 99.498% -- valid_acc: 85.080% -- train_time: 28.969s -- valid_time: 5.353s -- train_loss: 6.028 -- valid_loss: 80.286
[99] train_acc: 99.455% -- valid_acc: 85.210% -- train_time: 29.053s -- valid_time: 5.367s -- train_loss: 6.228 -- valid_loss: 79.404
[100] train_acc: 99.410% -- valid_acc: 85.240% -- train_time: 29.011s -- valid_time: 5.406s -- train_loss: 6.546 -- valid_loss: 80.096
[101] train_acc: 99.430% -- valid_acc: 85.260% -- train_time: 29.157s -- valid_time: 5.393s -- train_loss: 6.459 -- valid_loss: 79.596
[102] train_acc: 99.360% -- valid_acc: 85.290% -- train_time: 28.965s -- valid_time: 5.368s -- train_loss: 6.677 -- valid_loss: 79.564
[103] train_acc: 99.487% -- valid_acc: 85.590% -- train_time: 29.032s -- valid_time: 5.397s -- train_loss: 5.841 -- valid_loss: 78.929
[104] train_acc: 99.468% -- valid_acc: 85.030% -- train_time: 28.999s -- valid_time: 5.375s -- train_loss: 5.913 -- valid_loss: 81.113
[105] train_acc: 99.528% -- valid_acc: 84.850% -- train_time: 29.041s -- valid_time: 5.377s -- train_loss: 5.732 -- valid_loss: 82.233
[106] train_acc: 99.420% -- valid_acc: 85.230% -- train_time: 29.062s -- valid_time: 5.391s -- train_loss: 6.148 -- valid_loss: 81.540
[107] train_acc: 99.445% -- valid_acc: 85.390% -- train_time: 29.182s -- valid_time: 5.556s -- train_loss: 6.079 -- valid_loss: 81.618
[108] train_acc: 99.465% -- valid_acc: 85.200% -- train_time: 29.300s -- valid_time: 5.412s -- train_loss: 5.707 -- valid_loss: 82.179
[109] train_acc: 99.445% -- valid_acc: 85.150% -- train_time: 28.990s -- valid_time: 5.413s -- train_loss: 5.859 -- valid_loss: 81.567
[110] train_acc: 99.507% -- valid_acc: 84.900% -- train_time: 29.114s -- valid_time: 5.380s -- train_loss: 5.628 -- valid_loss: 82.626
[111] train_acc: 99.468% -- valid_acc: 85.270% -- train_time: 29.149s -- valid_time: 5.417s -- train_loss: 5.814 -- valid_loss: 80.108
[112] train_acc: 99.472% -- valid_acc: 85.060% -- train_time: 29.191s -- valid_time: 5.378s -- train_loss: 5.806 -- valid_loss: 83.443
[113] train_acc: 99.350% -- valid_acc: 85.080% -- train_time: 29.062s -- valid_time: 5.384s -- train_loss: 6.700 -- valid_loss: 82.093
[114] train_acc: 99.483% -- valid_acc: 85.210% -- train_time: 29.055s -- valid_time: 5.383s -- train_loss: 6.165 -- valid_loss: 81.428
[115] train_acc: 99.520% -- valid_acc: 85.260% -- train_time: 29.209s -- valid_time: 5.435s -- train_loss: 5.261 -- valid_loss: 81.667
[116] train_acc: 99.460% -- valid_acc: 84.970% -- train_time: 28.908s -- valid_time: 5.401s -- train_loss: 6.056 -- valid_loss: 81.421
[117] train_acc: 99.438% -- valid_acc: 85.510% -- train_time: 28.993s -- valid_time: 5.390s -- train_loss: 5.929 -- valid_loss: 81.502
[118] train_acc: 99.478% -- valid_acc: 85.150% -- train_time: 29.092s -- valid_time: 5.393s -- train_loss: 5.269 -- valid_loss: 82.078
[119] train_acc: 99.505% -- valid_acc: 84.810% -- train_time: 29.133s -- valid_time: 5.372s -- train_loss: 5.641 -- valid_loss: 84.125
[120] train_acc: 99.375% -- valid_acc: 85.170% -- train_time: 29.161s -- valid_time: 5.374s -- train_loss: 6.313 -- valid_loss: 83.334
[121] train_acc: 99.588% -- valid_acc: 85.650% -- train_time: 29.083s -- valid_time: 5.401s -- train_loss: 4.650 -- valid_loss: 80.363
[122] train_acc: 99.713% -- valid_acc: 85.860% -- train_time: 29.196s -- valid_time: 5.432s -- train_loss: 3.644 -- valid_loss: 78.915
[123] train_acc: 99.755% -- valid_acc: 85.450% -- train_time: 28.904s -- valid_time: 5.360s -- train_loss: 3.424 -- valid_loss: 79.787
[124] train_acc: 99.763% -- valid_acc: 85.810% -- train_time: 29.074s -- valid_time: 5.380s -- train_loss: 3.207 -- valid_loss: 79.321
[125] train_acc: 99.782% -- valid_acc: 85.840% -- train_time: 29.063s -- valid_time: 5.383s -- train_loss: 3.013 -- valid_loss: 79.987
[126] train_acc: 99.765% -- valid_acc: 85.690% -- train_time: 29.024s -- valid_time: 5.376s -- train_loss: 3.099 -- valid_loss: 78.821
[127] train_acc: 99.748% -- valid_acc: 86.000% -- train_time: 29.117s -- valid_time: 5.345s -- train_loss: 3.308 -- valid_loss: 79.269
[128] train_acc: 99.780% -- valid_acc: 85.820% -- train_time: 28.908s -- valid_time: 5.398s -- train_loss: 2.839 -- valid_loss: 78.642
[129] train_acc: 99.790% -- valid_acc: 85.840% -- train_time: 28.935s -- valid_time: 5.397s -- train_loss: 2.697 -- valid_loss: 78.897
[130] train_acc: 99.823% -- valid_acc: 85.840% -- train_time: 29.095s -- valid_time: 5.390s -- train_loss: 2.633 -- valid_loss: 79.073
[131] train_acc: 99.820% -- valid_acc: 86.020% -- train_time: 29.033s -- valid_time: 5.403s -- train_loss: 2.534 -- valid_loss: 79.449
[132] train_acc: 99.873% -- valid_acc: 85.910% -- train_time: 28.980s -- valid_time: 5.387s -- train_loss: 2.192 -- valid_loss: 79.604
[133] train_acc: 99.845% -- valid_acc: 85.990% -- train_time: 28.930s -- valid_time: 5.393s -- train_loss: 2.229 -- valid_loss: 79.143
[134] train_acc: 99.812% -- valid_acc: 86.030% -- train_time: 28.895s -- valid_time: 5.380s -- train_loss: 2.498 -- valid_loss: 79.056
[135] train_acc: 99.810% -- valid_acc: 86.000% -- train_time: 29.085s -- valid_time: 5.407s -- train_loss: 2.447 -- valid_loss: 79.645
[136] train_acc: 99.845% -- valid_acc: 85.970% -- train_time: 29.214s -- valid_time: 5.461s -- train_loss: 2.382 -- valid_loss: 79.480
[137] train_acc: 99.790% -- valid_acc: 85.970% -- train_time: 29.051s -- valid_time: 5.380s -- train_loss: 2.472 -- valid_loss: 79.431
[138] train_acc: 99.843% -- valid_acc: 86.080% -- train_time: 29.112s -- valid_time: 5.381s -- train_loss: 2.351 -- valid_loss: 79.913
[139] train_acc: 99.835% -- valid_acc: 86.090% -- train_time: 29.236s -- valid_time: 5.418s -- train_loss: 2.414 -- valid_loss: 78.963
[140] train_acc: 99.845% -- valid_acc: 86.140% -- train_time: 29.080s -- valid_time: 5.392s -- train_loss: 2.306 -- valid_loss: 78.967
[141] train_acc: 99.800% -- valid_acc: 85.980% -- train_time: 28.971s -- valid_time: 5.364s -- train_loss: 2.484 -- valid_loss: 79.498
[142] train_acc: 99.907% -- valid_acc: 86.130% -- train_time: 28.928s -- valid_time: 5.399s -- train_loss: 1.931 -- valid_loss: 79.488
[143] train_acc: 99.873% -- valid_acc: 86.150% -- train_time: 29.070s -- valid_time: 5.412s -- train_loss: 2.034 -- valid_loss: 78.640
[144] train_acc: 99.860% -- valid_acc: 86.080% -- train_time: 29.260s -- valid_time: 5.401s -- train_loss: 2.098 -- valid_loss: 78.870
[145] train_acc: 99.873% -- valid_acc: 86.080% -- train_time: 29.109s -- valid_time: 5.392s -- train_loss: 2.072 -- valid_loss: 79.079
[146] train_acc: 99.855% -- valid_acc: 86.170% -- train_time: 29.128s -- valid_time: 5.493s -- train_loss: 2.182 -- valid_loss: 79.946
[147] train_acc: 99.855% -- valid_acc: 86.200% -- train_time: 28.950s -- valid_time: 5.421s -- train_loss: 2.188 -- valid_loss: 79.154
[148] train_acc: 99.873% -- valid_acc: 86.110% -- train_time: 29.038s -- valid_time: 5.458s -- train_loss: 1.996 -- valid_loss: 79.628
[149] train_acc: 99.882% -- valid_acc: 86.180% -- train_time: 29.155s -- valid_time: 5.400s -- train_loss: 1.969 -- valid_loss: 79.819
[150] train_acc: 99.875% -- valid_acc: 86.280% -- train_time: 29.068s -- valid_time: 5.420s -- train_loss: 1.868 -- valid_loss: 79.927
[151] train_acc: 99.882% -- valid_acc: 86.140% -- train_time: 28.931s -- valid_time: 5.407s -- train_loss: 1.910 -- valid_loss: 79.909
[152] train_acc: 99.875% -- valid_acc: 86.310% -- train_time: 29.146s -- valid_time: 5.403s -- train_loss: 1.980 -- valid_loss: 79.838
[153] train_acc: 99.855% -- valid_acc: 86.130% -- train_time: 29.077s -- valid_time: 5.431s -- train_loss: 2.135 -- valid_loss: 79.668
[154] train_acc: 99.853% -- valid_acc: 86.130% -- train_time: 29.145s -- valid_time: 5.414s -- train_loss: 1.954 -- valid_loss: 79.864
[155] train_acc: 99.862% -- valid_acc: 86.010% -- train_time: 29.100s -- valid_time: 5.455s -- train_loss: 1.878 -- valid_loss: 80.162
[156] train_acc: 99.892% -- valid_acc: 86.170% -- train_time: 29.136s -- valid_time: 5.383s -- train_loss: 1.794 -- valid_loss: 79.066
[157] train_acc: 99.882% -- valid_acc: 86.130% -- train_time: 29.076s -- valid_time: 5.401s -- train_loss: 1.801 -- valid_loss: 80.110
[158] train_acc: 99.903% -- valid_acc: 86.260% -- train_time: 29.053s -- valid_time: 5.413s -- train_loss: 1.727 -- valid_loss: 79.982
[159] train_acc: 99.868% -- valid_acc: 86.250% -- train_time: 29.234s -- valid_time: 5.405s -- train_loss: 1.930 -- valid_loss: 79.724
[160] train_acc: 99.877% -- valid_acc: 86.090% -- train_time: 29.136s -- valid_time: 5.416s -- train_loss: 1.924 -- valid_loss: 79.873
[161] train_acc: 99.900% -- valid_acc: 86.240% -- train_time: 29.221s -- valid_time: 5.442s -- train_loss: 1.839 -- valid_loss: 80.008
[162] train_acc: 99.888% -- valid_acc: 86.150% -- train_time: 29.196s -- valid_time: 5.395s -- train_loss: 1.755 -- valid_loss: 80.224
[163] train_acc: 99.907% -- valid_acc: 85.910% -- train_time: 29.047s -- valid_time: 5.373s -- train_loss: 1.682 -- valid_loss: 79.796
[164] train_acc: 99.897% -- valid_acc: 86.080% -- train_time: 29.086s -- valid_time: 5.474s -- train_loss: 1.630 -- valid_loss: 79.926
[165] train_acc: 99.888% -- valid_acc: 86.060% -- train_time: 29.135s -- valid_time: 5.412s -- train_loss: 1.688 -- valid_loss: 80.454
[166] train_acc: 99.905% -- valid_acc: 86.160% -- train_time: 29.150s -- valid_time: 5.435s -- train_loss: 1.684 -- valid_loss: 80.308
[167] train_acc: 99.892% -- valid_acc: 86.020% -- train_time: 29.239s -- valid_time: 5.391s -- train_loss: 1.694 -- valid_loss: 79.647
[168] train_acc: 99.900% -- valid_acc: 86.050% -- train_time: 29.211s -- valid_time: 5.412s -- train_loss: 1.670 -- valid_loss: 79.267
[169] train_acc: 99.918% -- valid_acc: 86.200% -- train_time: 29.117s -- valid_time: 5.464s -- train_loss: 1.576 -- valid_loss: 79.953
[170] train_acc: 99.915% -- valid_acc: 86.040% -- train_time: 29.015s -- valid_time: 5.423s -- train_loss: 1.574 -- valid_loss: 79.480
[171] train_acc: 99.903% -- valid_acc: 86.300% -- train_time: 29.102s -- valid_time: 5.406s -- train_loss: 1.618 -- valid_loss: 79.904
[172] train_acc: 99.875% -- valid_acc: 86.080% -- train_time: 29.107s -- valid_time: 5.419s -- train_loss: 1.804 -- valid_loss: 78.948
[173] train_acc: 99.888% -- valid_acc: 86.150% -- train_time: 29.068s -- valid_time: 5.422s -- train_loss: 1.728 -- valid_loss: 79.486
[174] train_acc: 99.890% -- valid_acc: 86.180% -- train_time: 29.263s -- valid_time: 5.408s -- train_loss: 1.746 -- valid_loss: 79.476
[175] train_acc: 99.907% -- valid_acc: 86.200% -- train_time: 29.043s -- valid_time: 5.393s -- train_loss: 1.547 -- valid_loss: 79.001
[176] train_acc: 99.922% -- valid_acc: 86.020% -- train_time: 29.186s -- valid_time: 5.394s -- train_loss: 1.574 -- valid_loss: 79.523
[177] train_acc: 99.900% -- valid_acc: 86.200% -- train_time: 29.116s -- valid_time: 5.392s -- train_loss: 1.729 -- valid_loss: 79.444
[178] train_acc: 99.905% -- valid_acc: 86.200% -- train_time: 28.950s -- valid_time: 5.433s -- train_loss: 1.641 -- valid_loss: 79.578
[179] train_acc: 99.888% -- valid_acc: 86.180% -- train_time: 29.145s -- valid_time: 5.389s -- train_loss: 1.614 -- valid_loss: 79.321
[180] train_acc: 99.905% -- valid_acc: 86.110% -- train_time: 29.210s -- valid_time: 5.398s -- train_loss: 1.655 -- valid_loss: 79.722
[181] train_acc: 99.933% -- valid_acc: 86.040% -- train_time: 29.231s -- valid_time: 5.436s -- train_loss: 1.558 -- valid_loss: 79.472
[182] train_acc: 99.938% -- valid_acc: 86.140% -- train_time: 29.150s -- valid_time: 5.416s -- train_loss: 1.408 -- valid_loss: 79.754
[183] train_acc: 99.895% -- valid_acc: 86.200% -- train_time: 29.122s -- valid_time: 5.438s -- train_loss: 1.677 -- valid_loss: 79.903
[184] train_acc: 99.920% -- valid_acc: 86.010% -- train_time: 29.161s -- valid_time: 5.385s -- train_loss: 1.507 -- valid_loss: 79.865
[185] train_acc: 99.920% -- valid_acc: 86.090% -- train_time: 29.271s -- valid_time: 5.488s -- train_loss: 1.477 -- valid_loss: 79.640
[186] train_acc: 99.895% -- valid_acc: 86.080% -- train_time: 29.380s -- valid_time: 5.422s -- train_loss: 1.548 -- valid_loss: 79.827
[187] train_acc: 99.912% -- valid_acc: 86.210% -- train_time: 29.124s -- valid_time: 5.434s -- train_loss: 1.522 -- valid_loss: 79.629
[188] train_acc: 99.918% -- valid_acc: 86.190% -- train_time: 29.077s -- valid_time: 5.413s -- train_loss: 1.479 -- valid_loss: 80.492
[189] train_acc: 99.905% -- valid_acc: 86.060% -- train_time: 29.360s -- valid_time: 5.434s -- train_loss: 1.526 -- valid_loss: 79.746
[190] train_acc: 99.920% -- valid_acc: 86.040% -- train_time: 29.137s -- valid_time: 5.397s -- train_loss: 1.506 -- valid_loss: 80.283
[191] train_acc: 99.905% -- valid_acc: 86.180% -- train_time: 29.151s -- valid_time: 5.456s -- train_loss: 1.511 -- valid_loss: 80.135
[192] train_acc: 99.915% -- valid_acc: 86.090% -- train_time: 29.073s -- valid_time: 5.448s -- train_loss: 1.542 -- valid_loss: 79.849
[193] train_acc: 99.900% -- valid_acc: 86.160% -- train_time: 29.142s -- valid_time: 5.441s -- train_loss: 1.645 -- valid_loss: 79.517
[194] train_acc: 99.922% -- valid_acc: 86.090% -- train_time: 29.187s -- valid_time: 5.418s -- train_loss: 1.535 -- valid_loss: 80.053
[195] train_acc: 99.892% -- valid_acc: 86.280% -- train_time: 29.147s -- valid_time: 5.411s -- train_loss: 1.661 -- valid_loss: 79.935
[196] train_acc: 99.920% -- valid_acc: 86.240% -- train_time: 29.245s -- valid_time: 5.428s -- train_loss: 1.413 -- valid_loss: 79.653
[197] train_acc: 99.907% -- valid_acc: 86.310% -- train_time: 29.091s -- valid_time: 5.425s -- train_loss: 1.522 -- valid_loss: 80.051
[198] train_acc: 99.912% -- valid_acc: 86.080% -- train_time: 29.153s -- valid_time: 5.447s -- train_loss: 1.625 -- valid_loss: 79.623
[199] train_acc: 99.892% -- valid_acc: 85.990% -- train_time: 29.049s -- valid_time: 5.787s -- train_loss: 1.588 -- valid_loss: 79.711
[200] train_acc: 99.915% -- valid_acc: 86.100% -- train_time: 29.280s -- valid_time: 5.394s -- train_loss: 1.493 -- valid_loss: 79.641
test_acc: [85.23]
Finished ReLU
SqueezeNet CIFAR10 trial complete
